<?xml version="1.0" encoding="UTF-8"?>
<testsuites name="SuitePozicky" time="724.934" tests="3" failures="2" errors="0">
   <testsuite name="SuitePozicky" tests="3" failures="2" errors="0" time="724.934" skipped="0" timestamp="17-04-2024T15:01:04" hostname="barcik - NB-BARCIK.intra.ditec.sk" id="Test Suites/SuitePozicky">
      <properties>
         <property name="deviceName"/>
         <property name="devicePlatform" value=""/>
         <property name="logFolder" value="C:\\Users\\barcik\\Katalon Studio\\Ris2Formulare\\Reports\\20240417_150048\\SuitePozicky\\20240417_150048"/>
         <property name="logFiles" value="C:\\Users\\barcik\\Katalon Studio\\Ris2Formulare\\Reports\\20240417_150048\\SuitePozicky\\20240417_150048\\execution0.log"/>
         <property name="attachments" value="C:\\Users\\barcik\\Katalon Studio\\Ris2Formulare\\Reports\\20240417_150048\\SuitePozicky\\20240417_150048\\1713359111904.png"/>
         <property name="hostName" value="barcik - NB-BARCIK.intra.ditec.sk"/>
         <property name="desiredCapabilities" value="{}"/>
         <property name="os" value="Windows 11 64bit"/>
         <property name="katalonVersion" value="9.4.0.212"/>
         <property name="browser" value="Chrome 123.0.0.0"/>
         <property name="hostAddress" value="192.168.0.163"/>
         <property name="sessionId" value="2dd9be864ae31efee84993837b9a5624"/>
         <property name="seleniumVersion" value="3.141.59"/>
         <property name="proxyInformation" value="ProxyInformation { proxyOption=NO_PROXY, proxyServerType=HTTP, username=, password=********, proxyServerAddress=, proxyServerPort=0, executionList=&quot;&quot;, isApplyToDesiredCapabilities=true }"/>
         <property name="platform" value="Windows 11"/>
      </properties>
      <testcase name="Test Cases/Pozicky B/Pozicka_399090" time="396.958" classname="Test Cases/Pozicky B/Pozicka_399090" status="FAILED">
         <failure type="FAILED" message="Test Cases/Pozicky B/Pozicka_399090 FAILED.&#xa;Reason:&#xa;com.kms.katalon.core.exception.StepFailedException: Expected condition failed: waiting for com.kms.katalon.core.windows.keyword.helper.WindowsActionHelper$1@341f2f4c (tried for 30 second(s) with 50 milliseconds interval) (Root cause: org.openqa.selenium.TimeoutException: Expected condition failed: waiting for com.kms.katalon.core.windows.keyword.helper.WindowsActionHelper$1@341f2f4c (tried for 30 second(s) with 50 milliseconds interval)&#xa;	at org.openqa.selenium.support.ui.FluentWait.timeoutException(FluentWait.java:304)&#xa;	at org.openqa.selenium.support.ui.FluentWait.until(FluentWait.java:272)&#xa;	at com.kms.katalon.core.windows.keyword.helper.WindowsActionHelper.findElement(WindowsActionHelper.java:120)&#xa;	at com.kms.katalon.core.windows.keyword.helper.WindowsActionHelper.findElement(WindowsActionHelper.java:77)&#xa;	at com.kms.katalon.core.windows.keyword.helper.WindowsActionHelper.findElement(WindowsActionHelper.java:69)&#xa;	at com.kms.katalon.core.windows.keyword.helper.WindowsActionHelper.click(WindowsActionHelper.java:248)&#xa;	at com.kms.katalon.core.windows.keyword.helper.WindowsActionHelper$click$3.call(Unknown Source)&#xa;	at com.kms.katalon.core.windows.keyword.builtin.ClickKeyword$_click_closure1.doCall(ClickKeyword.groovy:43)&#xa;	at com.kms.katalon.core.windows.keyword.builtin.ClickKeyword$_click_closure1.doCall(ClickKeyword.groovy)&#xa;	at java.base/jdk.internal.reflect.NativeMethodAccessorImpl.invoke0(Native Method)&#xa;	at java.base/jdk.internal.reflect.NativeMethodAccessorImpl.invoke(NativeMethodAccessorImpl.java:77)&#xa;	at java.base/jdk.internal.reflect.DelegatingMethodAccessorImpl.invoke(DelegatingMethodAccessorImpl.java:43)&#xa;	at com.kms.katalon.core.keyword.internal.KeywordMain.runKeyword(KeywordMain.groovy:90)&#xa;	at com.kms.katalon.core.keyword.internal.KeywordMain$runKeyword.call(Unknown Source)&#xa;	at com.kms.katalon.core.windows.keyword.builtin.ClickKeyword.click(ClickKeyword.groovy:37)&#xa;	at com.kms.katalon.core.windows.keyword.builtin.ClickKeyword$click.callCurrent(Unknown Source)&#xa;	at com.kms.katalon.core.windows.keyword.builtin.ClickKeyword.execute(ClickKeyword.groovy:33)&#xa;	at com.kms.katalon.core.keyword.internal.KeywordExecutor.executeKeywordForPlatform(KeywordExecutor.groovy:74)&#xa;	at com.kms.katalon.core.windows.keyword.WindowsBuiltinKeywords.click(WindowsBuiltinKeywords.java:72)&#xa;	at Email.kontrolaMailu(Email.java:30)&#xa;	at Pozicka_399090.run(Pozicka_399090:329)&#xa;	at com.kms.katalon.core.main.ScriptEngine.run(ScriptEngine.java:194)&#xa;	at com.kms.katalon.core.main.ScriptEngine.runScriptAsRawText(ScriptEngine.java:119)&#xa;	at com.kms.katalon.core.main.TestCaseExecutor.runScript(TestCaseExecutor.java:448)&#xa;	at com.kms.katalon.core.main.TestCaseExecutor.doExecute(TestCaseExecutor.java:439)&#xa;	at com.kms.katalon.core.main.TestCaseExecutor.processExecutionPhase(TestCaseExecutor.java:418)&#xa;	at com.kms.katalon.core.main.TestCaseExecutor.accessMainPhase(TestCaseExecutor.java:410)&#xa;	at com.kms.katalon.core.main.TestCaseExecutor.execute(TestCaseExecutor.java:285)&#xa;	at com.kms.katalon.core.common.CommonExecutor.accessTestCaseMainPhase(CommonExecutor.java:65)&#xa;	at com.kms.katalon.core.main.TestSuiteExecutor.accessTestSuiteMainPhase(TestSuiteExecutor.java:150)&#xa;	at com.kms.katalon.core.main.TestSuiteExecutor.execute(TestSuiteExecutor.java:106)&#xa;	at com.kms.katalon.core.main.TestCaseMain.startTestSuite(TestCaseMain.java:180)&#xa;	at TempTestSuite1713358848413.run(TempTestSuite1713358848413.groovy:35)&#xa;	at java.base/jdk.internal.reflect.NativeMethodAccessorImpl.invoke0(Native Method)&#xa;	at java.base/jdk.internal.reflect.NativeMethodAccessorImpl.invoke(NativeMethodAccessorImpl.java:77)&#xa;	at java.base/jdk.internal.reflect.DelegatingMethodAccessorImpl.invoke(DelegatingMethodAccessorImpl.java:43)&#xa;Caused by: org.openqa.selenium.NoSuchElementException: An element could not be located on the page using the given search parameters. (WARNING: The server did not provide any stacktrace information)&#xa;Command duration or timeout: 0 milliseconds&#xa;For documentation on this error, please visit: https://www.seleniumhq.org/exceptions/no_such_element.html&#xa;Build info: version: '3.141.59', revision: 'e82be7d358', time: '2018-11-14T08:25:53'&#xa;System info: host: 'NB-BARCIK', ip: '192.168.0.163', os.name: 'Windows 11', os.arch: 'amd64', os.version: '10.0', java.version: '17.0.7'&#xa;Driver info: io.appium.java_client.windows.WindowsDriver&#xa;Capabilities {app: C:\Program Files\Microsoft ..., javascriptEnabled: true, platform: WINDOWS, platformName: WINDOWS}&#xa;Session ID: F7874F76-83AE-421A-BA8E-7DE9BA350D38&#xa;*** Element info: {Using=xpath, value=//Window/Pane[1]/ToolBar[1]/Pane[1]/Pane[1]/Pane[1]/Pane[1]/Tab[1]/TabItem[1]}&#xa;	at java.base/jdk.internal.reflect.NativeConstructorAccessorImpl.newInstance0(Native Method)&#xa;	at java.base/jdk.internal.reflect.NativeConstructorAccessorImpl.newInstance(NativeConstructorAccessorImpl.java:77)&#xa;	at java.base/jdk.internal.reflect.DelegatingConstructorAccessorImpl.newInstance(DelegatingConstructorAccessorImpl.java:45)&#xa;	at org.openqa.selenium.remote.ErrorHandler.createThrowable(ErrorHandler.java:214)&#xa;	at org.openqa.selenium.remote.ErrorHandler.throwIfResponseFailed(ErrorHandler.java:166)&#xa;	at org.openqa.selenium.remote.http.JsonHttpResponseCodec.reconstructValue(JsonHttpResponseCodec.java:40)&#xa;	at org.openqa.selenium.remote.http.AbstractHttpResponseCodec.decode(AbstractHttpResponseCodec.java:80)&#xa;	at org.openqa.selenium.remote.http.AbstractHttpResponseCodec.decode(AbstractHttpResponseCodec.java:44)&#xa;	at org.openqa.selenium.remote.HttpCommandExecutor.execute(HttpCommandExecutor.java:158)&#xa;	at io.appium.java_client.remote.AppiumCommandExecutor.execute(AppiumCommandExecutor.java:239)&#xa;	at org.openqa.selenium.remote.RemoteWebDriver.execute(RemoteWebDriver.java:552)&#xa;	at io.appium.java_client.DefaultGenericMobileDriver.execute(DefaultGenericMobileDriver.java:42)&#xa;	at io.appium.java_client.AppiumDriver.execute(AppiumDriver.java:1)&#xa;	at io.appium.java_client.windows.WindowsDriver.execute(WindowsDriver.java:1)&#xa;	at org.openqa.selenium.remote.RemoteWebDriver.findElement(RemoteWebDriver.java:323)&#xa;	at io.appium.java_client.DefaultGenericMobileDriver.findElement(DefaultGenericMobileDriver.java:62)&#xa;	at io.appium.java_client.AppiumDriver.findElement(AppiumDriver.java:1)&#xa;	at io.appium.java_client.windows.WindowsDriver.findElement(WindowsDriver.java:1)&#xa;	at org.openqa.selenium.remote.RemoteWebDriver.findElementByXPath(RemoteWebDriver.java:428)&#xa;	at io.appium.java_client.DefaultGenericMobileDriver.findElementByXPath(DefaultGenericMobileDriver.java:152)&#xa;	at io.appium.java_client.AppiumDriver.findElementByXPath(AppiumDriver.java:1)&#xa;	at io.appium.java_client.windows.WindowsDriver.findElementByXPath(WindowsDriver.java:1)&#xa;	at com.kms.katalon.core.windows.keyword.helper.WindowsActionHelper$1.apply(WindowsActionHelper.java:136)&#xa;	at com.kms.katalon.core.windows.keyword.helper.WindowsActionHelper$1.apply(WindowsActionHelper.java:1)&#xa;	at org.openqa.selenium.support.ui.FluentWait.until(FluentWait.java:249)&#xa;	at com.kms.katalon.core.windows.keyword.helper.WindowsActionHelper.findElement(WindowsActionHelper.java:120)&#xa;	at com.kms.katalon.core.windows.keyword.helper.WindowsActionHelper.findElement(WindowsActionHelper.java:77)&#xa;	at com.kms.katalon.core.windows.keyword.helper.WindowsActionHelper.findElement(WindowsActionHelper.java:69)&#xa;	at com.kms.katalon.core.windows.keyword.helper.WindowsActionHelper.click(WindowsActionHelper.java:248)&#xa;	at com.kms.katalon.core.windows.keyword.helper.WindowsActionHelper$click$3.call(Unknown Source)&#xa;	at com.kms.katalon.core.windows.keyword.builtin.ClickKeyword$_click_closure1.doCall(ClickKeyword.groovy:43)&#xa;	at com.kms.katalon.core.windows.keyword.builtin.ClickKeyword$_click_closure1.doCall(ClickKeyword.groovy)&#xa;	at java.base/jdk.internal.reflect.NativeMethodAccessorImpl.invoke0(Native Method)&#xa;	at java.base/jdk.internal.reflect.NativeMethodAccessorImpl.invoke(NativeMethodAccessorImpl.java:77)&#xa;	at java.base/jdk.internal.reflect.DelegatingMethodAccessorImpl.invoke(DelegatingMethodAccessorImpl.java:43)&#xa;	at com.kms.katalon.core.keyword.internal.KeywordMain.runKeyword(KeywordMain.groovy:90)&#xa;	at com.kms.katalon.core.keyword.internal.KeywordMain$runKeyword.call(Unknown Source)&#xa;	at com.kms.katalon.core.windows.keyword.builtin.ClickKeyword.click(ClickKeyword.groovy:37)&#xa;	at com.kms.katalon.core.windows.keyword.builtin.ClickKeyword$click.callCurrent(Unknown Source)&#xa;	at com.kms.katalon.core.windows.keyword.builtin.ClickKeyword.execute(ClickKeyword.groovy:33)&#xa;	at com.kms.katalon.core.keyword.internal.KeywordExecutor.executeKeywordForPlatform(KeywordExecutor.groovy:74)&#xa;	at com.kms.katalon.core.windows.keyword.WindowsBuiltinKeywords.click(WindowsBuiltinKeywords.java:72)&#xa;	at Email.kontrolaMailu(Email.java:30)&#xa;	at Script1713185661975.run(Script1713185661975.groovy:329)&#xa;	... 15 more&#xa;)&#xa;	at com.kms.katalon.core.keyword.internal.KeywordMain.stepFailed(KeywordMain.groovy:51)&#xa;	at com.kms.katalon.core.keyword.internal.KeywordMain.stepFailed(KeywordMain.groovy)&#xa;	at com.kms.katalon.core.keyword.internal.KeywordMain.runKeyword(KeywordMain.groovy:92)&#xa;	at com.kms.katalon.core.keyword.internal.KeywordMain$runKeyword.call(Unknown Source)&#xa;	at com.kms.katalon.core.windows.keyword.builtin.ClickKeyword.click(ClickKeyword.groovy:37)&#xa;	at com.kms.katalon.core.windows.keyword.builtin.ClickKeyword$click.callCurrent(Unknown Source)&#xa;	at com.kms.katalon.core.windows.keyword.builtin.ClickKeyword.execute(ClickKeyword.groovy:33)&#xa;	at com.kms.katalon.core.keyword.internal.KeywordExecutor.executeKeywordForPlatform(KeywordExecutor.groovy:74)&#xa;	at com.kms.katalon.core.windows.keyword.WindowsBuiltinKeywords.click(WindowsBuiltinKeywords.java:72)&#xa;	at Email.kontrolaMailu(Email.java:30)&#xa;	at Pozicka_399090.run(Pozicka_399090:329)&#xa;	at com.kms.katalon.core.main.ScriptEngine.run(ScriptEngine.java:194)&#xa;	at com.kms.katalon.core.main.ScriptEngine.runScriptAsRawText(ScriptEngine.java:119)&#xa;	at com.kms.katalon.core.main.TestCaseExecutor.runScript(TestCaseExecutor.java:448)&#xa;	at com.kms.katalon.core.main.TestCaseExecutor.doExecute(TestCaseExecutor.java:439)&#xa;	at com.kms.katalon.core.main.TestCaseExecutor.processExecutionPhase(TestCaseExecutor.java:418)&#xa;	at com.kms.katalon.core.main.TestCaseExecutor.accessMainPhase(TestCaseExecutor.java:410)&#xa;	at com.kms.katalon.core.main.TestCaseExecutor.execute(TestCaseExecutor.java:285)&#xa;	at com.kms.katalon.core.common.CommonExecutor.accessTestCaseMainPhase(CommonExecutor.java:65)&#xa;	at com.kms.katalon.core.main.TestSuiteExecutor.accessTestSuiteMainPhase(TestSuiteExecutor.java:150)&#xa;	at com.kms.katalon.core.main.TestSuiteExecutor.execute(TestSuiteExecutor.java:106)&#xa;	at com.kms.katalon.core.main.TestCaseMain.startTestSuite(TestCaseMain.java:180)&#xa;	at TempTestSuite1713358848413.run(TempTestSuite1713358848413.groovy:35)&#xa;	at java.base/jdk.internal.reflect.NativeMethodAccessorImpl.invoke0(Native Method)&#xa;	at java.base/jdk.internal.reflect.NativeMethodAccessorImpl.invoke(NativeMethodAccessorImpl.java:77)&#xa;	at java.base/jdk.internal.reflect.DelegatingMethodAccessorImpl.invoke(DelegatingMethodAccessorImpl.java:43)&#xa;Caused by: org.openqa.selenium.TimeoutException: Expected condition failed: waiting for com.kms.katalon.core.windows.keyword.helper.WindowsActionHelper$1@341f2f4c (tried for 30 second(s) with 50 milliseconds interval)&#xa;	at org.openqa.selenium.support.ui.FluentWait.timeoutException(FluentWait.java:304)&#xa;	at org.openqa.selenium.support.ui.FluentWait.until(FluentWait.java:272)&#xa;	at com.kms.katalon.core.windows.keyword.helper.WindowsActionHelper.findElement(WindowsActionHelper.java:120)&#xa;	at com.kms.katalon.core.windows.keyword.helper.WindowsActionHelper.findElement(WindowsActionHelper.java:77)&#xa;	at com.kms.katalon.core.windows.keyword.helper.WindowsActionHelper.findElement(WindowsActionHelper.java:69)&#xa;	at com.kms.katalon.core.windows.keyword.helper.WindowsActionHelper.click(WindowsActionHelper.java:248)&#xa;	at com.kms.katalon.core.windows.keyword.helper.WindowsActionHelper$click$3.call(Unknown Source)&#xa;	at com.kms.katalon.core.windows.keyword.builtin.ClickKeyword$_click_closure1.doCall(ClickKeyword.groovy:43)&#xa;	at com.kms.katalon.core.windows.keyword.builtin.ClickKeyword$_click_closure1.doCall(ClickKeyword.groovy)&#xa;	at java.base/jdk.internal.reflect.NativeMethodAccessorImpl.invoke0(Native Method)&#xa;	at java.base/jdk.internal.reflect.NativeMethodAccessorImpl.invoke(NativeMethodAccessorImpl.java:77)&#xa;	at java.base/jdk.internal.reflect.DelegatingMethodAccessorImpl.invoke(DelegatingMethodAccessorImpl.java:43)&#xa;	at com.kms.katalon.core.keyword.internal.KeywordMain.runKeyword(KeywordMain.groovy:90)&#xa;	... 23 more&#xa;Caused by: org.openqa.selenium.NoSuchElementException: An element could not be located on the page using the given search parameters. (WARNING: The server did not provide any stacktrace information)&#xa;Command duration or timeout: 0 milliseconds&#xa;For documentation on this error, please visit: https://www.seleniumhq.org/exceptions/no_such_element.html&#xa;Build info: version: '3.141.59', revision: 'e82be7d358', time: '2018-11-14T08:25:53'&#xa;System info: host: 'NB-BARCIK', ip: '192.168.0.163', os.name: 'Windows 11', os.arch: 'amd64', os.version: '10.0', java.version: '17.0.7'&#xa;Driver info: io.appium.java_client.windows.WindowsDriver&#xa;Capabilities {app: C:\Program Files\Microsoft ..., javascriptEnabled: true, platform: WINDOWS, platformName: WINDOWS}&#xa;Session ID: F7874F76-83AE-421A-BA8E-7DE9BA350D38&#xa;*** Element info: {Using=xpath, value=//Window/Pane[1]/ToolBar[1]/Pane[1]/Pane[1]/Pane[1]/Pane[1]/Tab[1]/TabItem[1]}&#xa;	at java.base/jdk.internal.reflect.NativeConstructorAccessorImpl.newInstance0(Native Method)&#xa;	at java.base/jdk.internal.reflect.NativeConstructorAccessorImpl.newInstance(NativeConstructorAccessorImpl.java:77)&#xa;	at java.base/jdk.internal.reflect.DelegatingConstructorAccessorImpl.newInstance(DelegatingConstructorAccessorImpl.java:45)&#xa;	at org.openqa.selenium.remote.ErrorHandler.createThrowable(ErrorHandler.java:214)&#xa;	at org.openqa.selenium.remote.ErrorHandler.throwIfResponseFailed(ErrorHandler.java:166)&#xa;	at org.openqa.selenium.remote.http.JsonHttpResponseCodec.reconstructValue(JsonHttpResponseCodec.java:40)&#xa;	at org.openqa.selenium.remote.http.AbstractHttpResponseCodec.decode(AbstractHttpResponseCodec.java:80)&#xa;	at org.openqa.selenium.remote.http.AbstractHttpResponseCodec.decode(AbstractHttpResponseCodec.java:44)&#xa;	at org.openqa.selenium.remote.HttpCommandExecutor.execute(HttpCommandExecutor.java:158)&#xa;	at io.appium.java_client.remote.AppiumCommandExecutor.execute(AppiumCommandExecutor.java:239)&#xa;	at org.openqa.selenium.remote.RemoteWebDriver.execute(RemoteWebDriver.java:552)&#xa;	at io.appium.java_client.DefaultGenericMobileDriver.execute(DefaultGenericMobileDriver.java:42)&#xa;	at io.appium.java_client.AppiumDriver.execute(AppiumDriver.java:1)&#xa;	at io.appium.java_client.windows.WindowsDriver.execute(WindowsDriver.java:1)&#xa;	at org.openqa.selenium.remote.RemoteWebDriver.findElement(RemoteWebDriver.java:323)&#xa;	at io.appium.java_client.DefaultGenericMobileDriver.findElement(DefaultGenericMobileDriver.java:62)&#xa;	at io.appium.java_client.AppiumDriver.findElement(AppiumDriver.java:1)&#xa;	at io.appium.java_client.windows.WindowsDriver.findElement(WindowsDriver.java:1)&#xa;	at org.openqa.selenium.remote.RemoteWebDriver.findElementByXPath(RemoteWebDriver.java:428)&#xa;	at io.appium.java_client.DefaultGenericMobileDriver.findElementByXPath(DefaultGenericMobileDriver.java:152)&#xa;	at io.appium.java_client.AppiumDriver.findElementByXPath(AppiumDriver.java:1)&#xa;	at io.appium.java_client.windows.WindowsDriver.findElementByXPath(WindowsDriver.java:1)&#xa;	at com.kms.katalon.core.windows.keyword.helper.WindowsActionHelper$1.apply(WindowsActionHelper.java:136)&#xa;	at com.kms.katalon.core.windows.keyword.helper.WindowsActionHelper$1.apply(WindowsActionHelper.java:1)&#xa;	at org.openqa.selenium.support.ui.FluentWait.until(FluentWait.java:249)&#xa;	... 34 more&#xa;"/>
         <system-out><![CDATA[17-04-2024T15:01:05 - [TEST_CASE][FAILED] - Test Cases/Pozicky B/Pozicka_399090: Test Cases/Pozicky B/Pozicka_399090 FAILED.
Reason:
com.kms.katalon.core.exception.StepFailedException: Expected condition failed: waiting for com.kms.katalon.core.windows.keyword.helper.WindowsActionHelper$1@341f2f4c (tried for 30 second(s) with 50 milliseconds interval) (Root cause: org.openqa.selenium.TimeoutException: Expected condition failed: waiting for com.kms.katalon.core.windows.keyword.helper.WindowsActionHelper$1@341f2f4c (tried for 30 second(s) with 50 milliseconds interval)
	at org.openqa.selenium.support.ui.FluentWait.timeoutException(FluentWait.java:304)
	at org.openqa.selenium.support.ui.FluentWait.until(FluentWait.java:272)
	at com.kms.katalon.core.windows.keyword.helper.WindowsActionHelper.findElement(WindowsActionHelper.java:120)
	at com.kms.katalon.core.windows.keyword.helper.WindowsActionHelper.findElement(WindowsActionHelper.java:77)
	at com.kms.katalon.core.windows.keyword.helper.WindowsActionHelper.findElement(WindowsActionHelper.java:69)
	at com.kms.katalon.core.windows.keyword.helper.WindowsActionHelper.click(WindowsActionHelper.java:248)
	at com.kms.katalon.core.windows.keyword.helper.WindowsActionHelper$click$3.call(Unknown Source)
	at com.kms.katalon.core.windows.keyword.builtin.ClickKeyword$_click_closure1.doCall(ClickKeyword.groovy:43)
	at com.kms.katalon.core.windows.keyword.builtin.ClickKeyword$_click_closure1.doCall(ClickKeyword.groovy)
	at java.base/jdk.internal.reflect.NativeMethodAccessorImpl.invoke0(Native Method)
	at java.base/jdk.internal.reflect.NativeMethodAccessorImpl.invoke(NativeMethodAccessorImpl.java:77)
	at java.base/jdk.internal.reflect.DelegatingMethodAccessorImpl.invoke(DelegatingMethodAccessorImpl.java:43)
	at com.kms.katalon.core.keyword.internal.KeywordMain.runKeyword(KeywordMain.groovy:90)
	at com.kms.katalon.core.keyword.internal.KeywordMain$runKeyword.call(Unknown Source)
	at com.kms.katalon.core.windows.keyword.builtin.ClickKeyword.click(ClickKeyword.groovy:37)
	at com.kms.katalon.core.windows.keyword.builtin.ClickKeyword$click.callCurrent(Unknown Source)
	at com.kms.katalon.core.windows.keyword.builtin.ClickKeyword.execute(ClickKeyword.groovy:33)
	at com.kms.katalon.core.keyword.internal.KeywordExecutor.executeKeywordForPlatform(KeywordExecutor.groovy:74)
	at com.kms.katalon.core.windows.keyword.WindowsBuiltinKeywords.click(WindowsBuiltinKeywords.java:72)
	at Email.kontrolaMailu(Email.java:30)
	at Pozicka_399090.run(Pozicka_399090:329)
	at com.kms.katalon.core.main.ScriptEngine.run(ScriptEngine.java:194)
	at com.kms.katalon.core.main.ScriptEngine.runScriptAsRawText(ScriptEngine.java:119)
	at com.kms.katalon.core.main.TestCaseExecutor.runScript(TestCaseExecutor.java:448)
	at com.kms.katalon.core.main.TestCaseExecutor.doExecute(TestCaseExecutor.java:439)
	at com.kms.katalon.core.main.TestCaseExecutor.processExecutionPhase(TestCaseExecutor.java:418)
	at com.kms.katalon.core.main.TestCaseExecutor.accessMainPhase(TestCaseExecutor.java:410)
	at com.kms.katalon.core.main.TestCaseExecutor.execute(TestCaseExecutor.java:285)
	at com.kms.katalon.core.common.CommonExecutor.accessTestCaseMainPhase(CommonExecutor.java:65)
	at com.kms.katalon.core.main.TestSuiteExecutor.accessTestSuiteMainPhase(TestSuiteExecutor.java:150)
	at com.kms.katalon.core.main.TestSuiteExecutor.execute(TestSuiteExecutor.java:106)
	at com.kms.katalon.core.main.TestCaseMain.startTestSuite(TestCaseMain.java:180)
	at TempTestSuite1713358848413.run(TempTestSuite1713358848413.groovy:35)
	at java.base/jdk.internal.reflect.NativeMethodAccessorImpl.invoke0(Native Method)
	at java.base/jdk.internal.reflect.NativeMethodAccessorImpl.invoke(NativeMethodAccessorImpl.java:77)
	at java.base/jdk.internal.reflect.DelegatingMethodAccessorImpl.invoke(DelegatingMethodAccessorImpl.java:43)
Caused by: org.openqa.selenium.NoSuchElementException: An element could not be located on the page using the given search parameters. (WARNING: The server did not provide any stacktrace information)
Command duration or timeout: 0 milliseconds
For documentation on this error, please visit: https://www.seleniumhq.org/exceptions/no_such_element.html
Build info: version: '3.141.59', revision: 'e82be7d358', time: '2018-11-14T08:25:53'
System info: host: 'NB-BARCIK', ip: '192.168.0.163', os.name: 'Windows 11', os.arch: 'amd64', os.version: '10.0', java.version: '17.0.7'
Driver info: io.appium.java_client.windows.WindowsDriver
Capabilities {app: C:\Program Files\Microsoft ..., javascriptEnabled: true, platform: WINDOWS, platformName: WINDOWS}
Session ID: F7874F76-83AE-421A-BA8E-7DE9BA350D38
*** Element info: {Using=xpath, value=//Window/Pane[1]/ToolBar[1]/Pane[1]/Pane[1]/Pane[1]/Pane[1]/Tab[1]/TabItem[1]}
	at java.base/jdk.internal.reflect.NativeConstructorAccessorImpl.newInstance0(Native Method)
	at java.base/jdk.internal.reflect.NativeConstructorAccessorImpl.newInstance(NativeConstructorAccessorImpl.java:77)
	at java.base/jdk.internal.reflect.DelegatingConstructorAccessorImpl.newInstance(DelegatingConstructorAccessorImpl.java:45)
	at org.openqa.selenium.remote.ErrorHandler.createThrowable(ErrorHandler.java:214)
	at org.openqa.selenium.remote.ErrorHandler.throwIfResponseFailed(ErrorHandler.java:166)
	at org.openqa.selenium.remote.http.JsonHttpResponseCodec.reconstructValue(JsonHttpResponseCodec.java:40)
	at org.openqa.selenium.remote.http.AbstractHttpResponseCodec.decode(AbstractHttpResponseCodec.java:80)
	at org.openqa.selenium.remote.http.AbstractHttpResponseCodec.decode(AbstractHttpResponseCodec.java:44)
	at org.openqa.selenium.remote.HttpCommandExecutor.execute(HttpCommandExecutor.java:158)
	at io.appium.java_client.remote.AppiumCommandExecutor.execute(AppiumCommandExecutor.java:239)
	at org.openqa.selenium.remote.RemoteWebDriver.execute(RemoteWebDriver.java:552)
	at io.appium.java_client.DefaultGenericMobileDriver.execute(DefaultGenericMobileDriver.java:42)
	at io.appium.java_client.AppiumDriver.execute(AppiumDriver.java:1)
	at io.appium.java_client.windows.WindowsDriver.execute(WindowsDriver.java:1)
	at org.openqa.selenium.remote.RemoteWebDriver.findElement(RemoteWebDriver.java:323)
	at io.appium.java_client.DefaultGenericMobileDriver.findElement(DefaultGenericMobileDriver.java:62)
	at io.appium.java_client.AppiumDriver.findElement(AppiumDriver.java:1)
	at io.appium.java_client.windows.WindowsDriver.findElement(WindowsDriver.java:1)
	at org.openqa.selenium.remote.RemoteWebDriver.findElementByXPath(RemoteWebDriver.java:428)
	at io.appium.java_client.DefaultGenericMobileDriver.findElementByXPath(DefaultGenericMobileDriver.java:152)
	at io.appium.java_client.AppiumDriver.findElementByXPath(AppiumDriver.java:1)
	at io.appium.java_client.windows.WindowsDriver.findElementByXPath(WindowsDriver.java:1)
	at com.kms.katalon.core.windows.keyword.helper.WindowsActionHelper$1.apply(WindowsActionHelper.java:136)
	at com.kms.katalon.core.windows.keyword.helper.WindowsActionHelper$1.apply(WindowsActionHelper.java:1)
	at org.openqa.selenium.support.ui.FluentWait.until(FluentWait.java:249)
	at com.kms.katalon.core.windows.keyword.helper.WindowsActionHelper.findElement(WindowsActionHelper.java:120)
	at com.kms.katalon.core.windows.keyword.helper.WindowsActionHelper.findElement(WindowsActionHelper.java:77)
	at com.kms.katalon.core.windows.keyword.helper.WindowsActionHelper.findElement(WindowsActionHelper.java:69)
	at com.kms.katalon.core.windows.keyword.helper.WindowsActionHelper.click(WindowsActionHelper.java:248)
	at com.kms.katalon.core.windows.keyword.helper.WindowsActionHelper$click$3.call(Unknown Source)
	at com.kms.katalon.core.windows.keyword.builtin.ClickKeyword$_click_closure1.doCall(ClickKeyword.groovy:43)
	at com.kms.katalon.core.windows.keyword.builtin.ClickKeyword$_click_closure1.doCall(ClickKeyword.groovy)
	at java.base/jdk.internal.reflect.NativeMethodAccessorImpl.invoke0(Native Method)
	at java.base/jdk.internal.reflect.NativeMethodAccessorImpl.invoke(NativeMethodAccessorImpl.java:77)
	at java.base/jdk.internal.reflect.DelegatingMethodAccessorImpl.invoke(DelegatingMethodAccessorImpl.java:43)
	at com.kms.katalon.core.keyword.internal.KeywordMain.runKeyword(KeywordMain.groovy:90)
	at com.kms.katalon.core.keyword.internal.KeywordMain$runKeyword.call(Unknown Source)
	at com.kms.katalon.core.windows.keyword.builtin.ClickKeyword.click(ClickKeyword.groovy:37)
	at com.kms.katalon.core.windows.keyword.builtin.ClickKeyword$click.callCurrent(Unknown Source)
	at com.kms.katalon.core.windows.keyword.builtin.ClickKeyword.execute(ClickKeyword.groovy:33)
	at com.kms.katalon.core.keyword.internal.KeywordExecutor.executeKeywordForPlatform(KeywordExecutor.groovy:74)
	at com.kms.katalon.core.windows.keyword.WindowsBuiltinKeywords.click(WindowsBuiltinKeywords.java:72)
	at Email.kontrolaMailu(Email.java:30)
	at Script1713185661975.run(Script1713185661975.groovy:329)
	... 15 more
)
	at com.kms.katalon.core.keyword.internal.KeywordMain.stepFailed(KeywordMain.groovy:51)
	at com.kms.katalon.core.keyword.internal.KeywordMain.stepFailed(KeywordMain.groovy)
	at com.kms.katalon.core.keyword.internal.KeywordMain.runKeyword(KeywordMain.groovy:92)
	at com.kms.katalon.core.keyword.internal.KeywordMain$runKeyword.call(Unknown Source)
	at com.kms.katalon.core.windows.keyword.builtin.ClickKeyword.click(ClickKeyword.groovy:37)
	at com.kms.katalon.core.windows.keyword.builtin.ClickKeyword$click.callCurrent(Unknown Source)
	at com.kms.katalon.core.windows.keyword.builtin.ClickKeyword.execute(ClickKeyword.groovy:33)
	at com.kms.katalon.core.keyword.internal.KeywordExecutor.executeKeywordForPlatform(KeywordExecutor.groovy:74)
	at com.kms.katalon.core.windows.keyword.WindowsBuiltinKeywords.click(WindowsBuiltinKeywords.java:72)
	at Email.kontrolaMailu(Email.java:30)
	at Pozicka_399090.run(Pozicka_399090:329)
	at com.kms.katalon.core.main.ScriptEngine.run(ScriptEngine.java:194)
	at com.kms.katalon.core.main.ScriptEngine.runScriptAsRawText(ScriptEngine.java:119)
	at com.kms.katalon.core.main.TestCaseExecutor.runScript(TestCaseExecutor.java:448)
	at com.kms.katalon.core.main.TestCaseExecutor.doExecute(TestCaseExecutor.java:439)
	at com.kms.katalon.core.main.TestCaseExecutor.processExecutionPhase(TestCaseExecutor.java:418)
	at com.kms.katalon.core.main.TestCaseExecutor.accessMainPhase(TestCaseExecutor.java:410)
	at com.kms.katalon.core.main.TestCaseExecutor.execute(TestCaseExecutor.java:285)
	at com.kms.katalon.core.common.CommonExecutor.accessTestCaseMainPhase(CommonExecutor.java:65)
	at com.kms.katalon.core.main.TestSuiteExecutor.accessTestSuiteMainPhase(TestSuiteExecutor.java:150)
	at com.kms.katalon.core.main.TestSuiteExecutor.execute(TestSuiteExecutor.java:106)
	at com.kms.katalon.core.main.TestCaseMain.startTestSuite(TestCaseMain.java:180)
	at TempTestSuite1713358848413.run(TempTestSuite1713358848413.groovy:35)
	at java.base/jdk.internal.reflect.NativeMethodAccessorImpl.invoke0(Native Method)
	at java.base/jdk.internal.reflect.NativeMethodAccessorImpl.invoke(NativeMethodAccessorImpl.java:77)
	at java.base/jdk.internal.reflect.DelegatingMethodAccessorImpl.invoke(DelegatingMethodAccessorImpl.java:43)
Caused by: org.openqa.selenium.TimeoutException: Expected condition failed: waiting for com.kms.katalon.core.windows.keyword.helper.WindowsActionHelper$1@341f2f4c (tried for 30 second(s) with 50 milliseconds interval)
	at org.openqa.selenium.support.ui.FluentWait.timeoutException(FluentWait.java:304)
	at org.openqa.selenium.support.ui.FluentWait.until(FluentWait.java:272)
	at com.kms.katalon.core.windows.keyword.helper.WindowsActionHelper.findElement(WindowsActionHelper.java:120)
	at com.kms.katalon.core.windows.keyword.helper.WindowsActionHelper.findElement(WindowsActionHelper.java:77)
	at com.kms.katalon.core.windows.keyword.helper.WindowsActionHelper.findElement(WindowsActionHelper.java:69)
	at com.kms.katalon.core.windows.keyword.helper.WindowsActionHelper.click(WindowsActionHelper.java:248)
	at com.kms.katalon.core.windows.keyword.helper.WindowsActionHelper$click$3.call(Unknown Source)
	at com.kms.katalon.core.windows.keyword.builtin.ClickKeyword$_click_closure1.doCall(ClickKeyword.groovy:43)
	at com.kms.katalon.core.windows.keyword.builtin.ClickKeyword$_click_closure1.doCall(ClickKeyword.groovy)
	at java.base/jdk.internal.reflect.NativeMethodAccessorImpl.invoke0(Native Method)
	at java.base/jdk.internal.reflect.NativeMethodAccessorImpl.invoke(NativeMethodAccessorImpl.java:77)
	at java.base/jdk.internal.reflect.DelegatingMethodAccessorImpl.invoke(DelegatingMethodAccessorImpl.java:43)
	at com.kms.katalon.core.keyword.internal.KeywordMain.runKeyword(KeywordMain.groovy:90)
	... 23 more
Caused by: org.openqa.selenium.NoSuchElementException: An element could not be located on the page using the given search parameters. (WARNING: The server did not provide any stacktrace information)
Command duration or timeout: 0 milliseconds
For documentation on this error, please visit: https://www.seleniumhq.org/exceptions/no_such_element.html
Build info: version: '3.141.59', revision: 'e82be7d358', time: '2018-11-14T08:25:53'
System info: host: 'NB-BARCIK', ip: '192.168.0.163', os.name: 'Windows 11', os.arch: 'amd64', os.version: '10.0', java.version: '17.0.7'
Driver info: io.appium.java_client.windows.WindowsDriver
Capabilities {app: C:\Program Files\Microsoft ..., javascriptEnabled: true, platform: WINDOWS, platformName: WINDOWS}
Session ID: F7874F76-83AE-421A-BA8E-7DE9BA350D38
*** Element info: {Using=xpath, value=//Window/Pane[1]/ToolBar[1]/Pane[1]/Pane[1]/Pane[1]/Pane[1]/Tab[1]/TabItem[1]}
	at java.base/jdk.internal.reflect.NativeConstructorAccessorImpl.newInstance0(Native Method)
	at java.base/jdk.internal.reflect.NativeConstructorAccessorImpl.newInstance(NativeConstructorAccessorImpl.java:77)
	at java.base/jdk.internal.reflect.DelegatingConstructorAccessorImpl.newInstance(DelegatingConstructorAccessorImpl.java:45)
	at org.openqa.selenium.remote.ErrorHandler.createThrowable(ErrorHandler.java:214)
	at org.openqa.selenium.remote.ErrorHandler.throwIfResponseFailed(ErrorHandler.java:166)
	at org.openqa.selenium.remote.http.JsonHttpResponseCodec.reconstructValue(JsonHttpResponseCodec.java:40)
	at org.openqa.selenium.remote.http.AbstractHttpResponseCodec.decode(AbstractHttpResponseCodec.java:80)
	at org.openqa.selenium.remote.http.AbstractHttpResponseCodec.decode(AbstractHttpResponseCodec.java:44)
	at org.openqa.selenium.remote.HttpCommandExecutor.execute(HttpCommandExecutor.java:158)
	at io.appium.java_client.remote.AppiumCommandExecutor.execute(AppiumCommandExecutor.java:239)
	at org.openqa.selenium.remote.RemoteWebDriver.execute(RemoteWebDriver.java:552)
	at io.appium.java_client.DefaultGenericMobileDriver.execute(DefaultGenericMobileDriver.java:42)
	at io.appium.java_client.AppiumDriver.execute(AppiumDriver.java:1)
	at io.appium.java_client.windows.WindowsDriver.execute(WindowsDriver.java:1)
	at org.openqa.selenium.remote.RemoteWebDriver.findElement(RemoteWebDriver.java:323)
	at io.appium.java_client.DefaultGenericMobileDriver.findElement(DefaultGenericMobileDriver.java:62)
	at io.appium.java_client.AppiumDriver.findElement(AppiumDriver.java:1)
	at io.appium.java_client.windows.WindowsDriver.findElement(WindowsDriver.java:1)
	at org.openqa.selenium.remote.RemoteWebDriver.findElementByXPath(RemoteWebDriver.java:428)
	at io.appium.java_client.DefaultGenericMobileDriver.findElementByXPath(DefaultGenericMobileDriver.java:152)
	at io.appium.java_client.AppiumDriver.findElementByXPath(AppiumDriver.java:1)
	at io.appium.java_client.windows.WindowsDriver.findElementByXPath(WindowsDriver.java:1)
	at com.kms.katalon.core.windows.keyword.helper.WindowsActionHelper$1.apply(WindowsActionHelper.java:136)
	at com.kms.katalon.core.windows.keyword.helper.WindowsActionHelper$1.apply(WindowsActionHelper.java:1)
	at org.openqa.selenium.support.ui.FluentWait.until(FluentWait.java:249)
	... 34 more


17-04-2024T15:01:06 - [TEST_STEP][PASSED] - log = new com.kms.katalon.core.logging.KeywordLogger(): null

17-04-2024T15:01:06 - [TEST_STEP][PASSED] - mail = new Email(): null

17-04-2024T15:01:06 - [TEST_STEP][PASSED] - podpis = new Podpisovac(): null

17-04-2024T15:01:06 - [TEST_STEP][PASSED] - form = new Formular(): null

17-04-2024T15:01:07 - [TEST_STEP][PASSED] - openBrowser(""): Browser is opened with url: ''

17-04-2024T15:01:07 - [MESSAGE][INFO] - Starting 'Chrome' driver

17-04-2024T15:01:08 - [MESSAGE][INFO] - User set preference: ['prefs', '{protocol_handler={allowed_origin_protocol_pairs={https://es-test.minedu.sk={ditec-dlauncher=true}}}}']

17-04-2024T15:01:08 - [MESSAGE][INFO] - Action delay is set to 0 milliseconds

17-04-2024T15:01:12 - [MESSAGE][PASSED] - Browser is opened with url: ''

17-04-2024T15:01:12 - [TEST_STEP][PASSED] - navigateToUrl("https://es-test.minedu.sk/"): Navigate to 'https://es-test.minedu.sk/' successfully

17-04-2024T15:01:23 - [MESSAGE][PASSED] - Navigate to 'https://es-test.minedu.sk/' successfully

17-04-2024T15:01:23 - [TEST_STEP][PASSED] - if (form.prihlasUzivatela("930471954", "zTTfKFASM+jMVRoiJaGOIA==")): null

17-04-2024T15:01:23 - [MESSAGE][PASSED] - Object: 'Object Repository/Page_Portl elektronickch sluieb regionlneho_9bdbd3/a_Shlasm' is clicked on

17-04-2024T15:01:24 - [MESSAGE][PASSED] - Current window maximized

17-04-2024T15:01:31 - [MESSAGE][PASSED] - Object: 'Object Repository/Page_Portl elektronickch sluieb regionlneho_9bdbd3/a_Prihlsi sa' is clicked on

17-04-2024T15:01:32 - [MESSAGE][PASSED] - Object: 'Object Repository/Page_Spsoby prihlsenia sa na portl - Iam.Web/div_Identifiktor a heslo fyzickej osoby    _3153de' is clicked on

17-04-2024T15:01:33 - [MESSAGE][PASSED] - Text '930471954' is set on object 'Object Repository/Page_Identifiktor a heslo fyzickej osoby - Iam.Web/input_Zadajte svoj identifiktor_DomainName'

17-04-2024T15:01:33 - [MESSAGE][PASSED] - Text ****** has been set on object 'Object Repository/Page_Identifiktor a heslo fyzickej osoby - Iam.Web/input_Zadajte svoje prihlasovacie heslo_Password'

17-04-2024T15:01:38 - [MESSAGE][PASSED] - Object: 'Object Repository/Page_Identifiktor a heslo fyzickej osoby - Iam.Web/input_Zabudnut heslo_btn-continue' is clicked on

17-04-2024T15:01:38 - [MESSAGE][WARNING] - Timeout '0' is invalid. Using default page load timeout: '30'

17-04-2024T15:01:40 - [MESSAGE][PASSED] - Object 'Object Repository/Page_Detail podania  Elektronick sluby port_bcdefc/a_Odhlsi' is present

17-04-2024T15:01:40 - [TEST_STEP][PASSED] - log.logInfo("Prihlasenie uspesne"): Prihlasenie uspesne

17-04-2024T15:01:40 - [MESSAGE][INFO] - Prihlasenie uspesne

17-04-2024T15:01:40 - [TEST_STEP][PASSED] - click(findTestObject("Object Repository/Page_Portl elektronickch sluieb regionlneho_9bdbd3/a_Pedagogick a odborn zamestnanec")): Object: 'Object Repository/Page_Portl elektronickch sluieb regionlneho_9bdbd3/a_Pedagogick a odborn zamestnanec' is clicked on

17-04-2024T15:01:42 - [MESSAGE][PASSED] - Object: 'Object Repository/Page_Portl elektronickch sluieb regionlneho_9bdbd3/a_Pedagogick a odborn zamestnanec' is clicked on

17-04-2024T15:01:42 - [TEST_STEP][PASSED] - click(findTestObject("Object Repository/Page_Elektronick sluby pre pedagogickch a o_83fa6f/a_Podvanie iadosti o piku pre pedaggov z Fo_d7a76f")): Object: 'Object Repository/Page_Elektronick sluby pre pedagogickch a o_83fa6f/a_Podvanie iadosti o piku pre pedaggov z Fo_d7a76f' is clicked on

17-04-2024T15:01:42 - [MESSAGE][PASSED] - Object: 'Object Repository/Page_Elektronick sluby pre pedagogickch a o_83fa6f/a_Podvanie iadosti o piku pre pedaggov z Fo_d7a76f' is clicked on

17-04-2024T15:01:42 - [TEST_STEP][PASSED] - click(findTestObject("Object Repository/Page_Podvanie iadosti o piku pre pedaggov z_981991/a_Prejs na podvanie iadosti o piku pre peda_d8ef74")): Object: 'Object Repository/Page_Podvanie iadosti o piku pre pedaggov z_981991/a_Prejs na podvanie iadosti o piku pre peda_d8ef74' is clicked on

17-04-2024T15:01:45 - [MESSAGE][PASSED] - Object: 'Object Repository/Page_Podvanie iadosti o piku pre pedaggov z_981991/a_Prejs na podvanie iadosti o piku pre peda_d8ef74' is clicked on

17-04-2024T15:01:45 - [TEST_STEP][PASSED] - waitForElementPresent(findTestObject("Page_Formulr Podvanie iadosti o piku pre pe_fbb4f4/span_ESRVS-2024-2188"), 30, STOP_ON_FAILURE): Object 'Object Repository/Page_Formulr Podvanie iadosti o piku pre pe_fbb4f4/span_ESRVS-2024-2188' is present

17-04-2024T15:02:00 - [MESSAGE][PASSED] - Object 'Object Repository/Page_Formulr Podvanie iadosti o piku pre pe_fbb4f4/span_ESRVS-2024-2188' is present

17-04-2024T15:02:00 - [TEST_STEP][PASSED] - identifikator = getText(findTestObject("Object Repository/Page_Formulr Podvanie iadosti o piku pre pe_fbb4f4/span_ESRVS-2024-2188")): Text of object 'Object Repository/Page_Formulr Podvanie iadosti o piku pre pe_fbb4f4/span_ESRVS-2024-2188' is: 'ESRVS-2024-2239'

17-04-2024T15:02:04 - [MESSAGE][PASSED] - Text of object 'Object Repository/Page_Formulr Podvanie iadosti o piku pre pe_fbb4f4/span_ESRVS-2024-2188' is: 'ESRVS-2024-2239'

17-04-2024T15:02:04 - [TEST_STEP][PASSED] - verifyElementText(findTestObject("Page_Formulr Podvanie iadosti o piku pre pe_fbb4f4/span_ESRVS-2024-2188"), identifikator): Actual text and expected text of test object 'Object Repository/Page_Formulr Podvanie iadosti o piku pre pe_fbb4f4/span_ESRVS-2024-2188' are matched.

17-04-2024T15:02:04 - [MESSAGE][PASSED] - Actual text and expected text of test object 'Object Repository/Page_Formulr Podvanie iadosti o piku pre pe_fbb4f4/span_ESRVS-2024-2188' are matched.

17-04-2024T15:02:04 - [TEST_STEP][PASSED] - setText(findTestObject("Object Repository/Page_Formulr Podvanie iadosti o piku pre pe_fbb4f4/input_Zadajte najvy zskan titul (v prpade v_aad6cd"), "Ing."): Text 'Ing.' is set on object 'Object Repository/Page_Formulr Podvanie iadosti o piku pre pe_fbb4f4/input_Zadajte najvy zskan titul (v prpade v_aad6cd'

17-04-2024T15:02:05 - [MESSAGE][PASSED] - Text 'Ing.' is set on object 'Object Repository/Page_Formulr Podvanie iadosti o piku pre pe_fbb4f4/input_Zadajte najvy zskan titul (v prpade v_aad6cd'

17-04-2024T15:02:05 - [TEST_STEP][PASSED] - verifyElementText(findTestObject("Object Repository/Page_Formulr Podvanie iadosti o piku pre pe_fbb4f4/span_Marek"), "Marek"): Actual text and expected text of test object 'Object Repository/Page_Formulr Podvanie iadosti o piku pre pe_fbb4f4/span_Marek' are matched.

17-04-2024T15:02:06 - [MESSAGE][PASSED] - Actual text and expected text of test object 'Object Repository/Page_Formulr Podvanie iadosti o piku pre pe_fbb4f4/span_Marek' are matched.

17-04-2024T15:02:06 - [TEST_STEP][PASSED] - verifyElementText(findTestObject("Object Repository/Page_Formulr Podvanie iadosti o piku pre pe_fbb4f4/span_Tirpk"), "Tirpák"): Actual text and expected text of test object 'Object Repository/Page_Formulr Podvanie iadosti o piku pre pe_fbb4f4/span_Tirpk' are matched.

17-04-2024T15:02:06 - [MESSAGE][PASSED] - Actual text and expected text of test object 'Object Repository/Page_Formulr Podvanie iadosti o piku pre pe_fbb4f4/span_Tirpk' are matched.

17-04-2024T15:02:06 - [TEST_STEP][PASSED] - verifyElementText(findTestObject("Object Repository/Page_Formulr Podvanie iadosti o piku pre pe_fbb4f4/span_8001010017"), "8001010017"): Actual text and expected text of test object 'Object Repository/Page_Formulr Podvanie iadosti o piku pre pe_fbb4f4/span_8001010017' are matched.

17-04-2024T15:02:06 - [MESSAGE][PASSED] - Actual text and expected text of test object 'Object Repository/Page_Formulr Podvanie iadosti o piku pre pe_fbb4f4/span_8001010017' are matched.

17-04-2024T15:02:06 - [TEST_STEP][PASSED] - verifyElementText(findTestObject("Object Repository/Page_Formulr Podvanie iadosti o piku pre pe_fbb4f4/span_01.01.1980"), "01.01.1980"): Actual text and expected text of test object 'Object Repository/Page_Formulr Podvanie iadosti o piku pre pe_fbb4f4/span_01.01.1980' are matched.

17-04-2024T15:02:07 - [MESSAGE][PASSED] - Actual text and expected text of test object 'Object Repository/Page_Formulr Podvanie iadosti o piku pre pe_fbb4f4/span_01.01.1980' are matched.

17-04-2024T15:02:07 - [TEST_STEP][PASSED] - click(findTestObject("Object Repository/Page_Formulr Podvanie iadosti o piku pre pe_fbb4f4/label_In")): Object: 'Object Repository/Page_Formulr Podvanie iadosti o piku pre pe_fbb4f4/label_In' is clicked on

17-04-2024T15:02:07 - [MESSAGE][PASSED] - Object: 'Object Repository/Page_Formulr Podvanie iadosti o piku pre pe_fbb4f4/label_In' is clicked on

17-04-2024T15:02:07 - [TEST_STEP][PASSED] - setText(findTestObject("Object Repository/Page_Formulr Podvanie iadosti o piku pre pe_fbb4f4/input_Zadajte PS trvalho pobytu_UI_V_ZP_in__f1f09d"), "07865"): Text '07865' is set on object 'Object Repository/Page_Formulr Podvanie iadosti o piku pre pe_fbb4f4/input_Zadajte PS trvalho pobytu_UI_V_ZP_in__f1f09d'

17-04-2024T15:02:08 - [MESSAGE][PASSED] - Text '07865' is set on object 'Object Repository/Page_Formulr Podvanie iadosti o piku pre pe_fbb4f4/input_Zadajte PS trvalho pobytu_UI_V_ZP_in__f1f09d'

17-04-2024T15:02:08 - [TEST_STEP][PASSED] - click(findTestObject("Object Repository/Page_Formulr Podvanie iadosti o piku pre pe_fbb4f4/label_Nie")): Object: 'Object Repository/Page_Formulr Podvanie iadosti o piku pre pe_fbb4f4/label_Nie' is clicked on

17-04-2024T15:02:08 - [MESSAGE][PASSED] - Object: 'Object Repository/Page_Formulr Podvanie iadosti o piku pre pe_fbb4f4/label_Nie' is clicked on

17-04-2024T15:02:08 - [TEST_STEP][PASSED] - setText(findTestObject("Object Repository/Page_Formulr Podvanie iadosti o piku pre pe_fbb4f4/input_Zadajte obec alebo mesto, kam bude v _9b039a"), "Košice-Juh"): Text 'Košice-Juh' is set on object 'Object Repository/Page_Formulr Podvanie iadosti o piku pre pe_fbb4f4/input_Zadajte obec alebo mesto, kam bude v _9b039a'

17-04-2024T15:02:09 - [MESSAGE][PASSED] - Text 'Košice-Juh' is set on object 'Object Repository/Page_Formulr Podvanie iadosti o piku pre pe_fbb4f4/input_Zadajte obec alebo mesto, kam bude v _9b039a'

17-04-2024T15:02:09 - [TEST_STEP][PASSED] - click(findTestObject("Object Repository/Page_Formulr Podvanie iadosti o piku pre pedaggov z Fondu na podporu vzdelvania  Elektronick sluby portlu regionlneho a vysokho kolstva/div_Koice-Juh (Koice IV)")): Object: 'Object Repository/Page_Formulr Podvanie iadosti o piku pre pedaggov z Fondu na podporu vzdelvania  Elektronick sluby portlu regionlneho a vysokho kolstva/div_Koice-Juh (Koice IV)' is clicked on

17-04-2024T15:02:09 - [MESSAGE][PASSED] - Object: 'Object Repository/Page_Formulr Podvanie iadosti o piku pre pedaggov z Fondu na podporu vzdelvania  Elektronick sluby portlu regionlneho a vysokho kolstva/div_Koice-Juh (Koice IV)' is clicked on

17-04-2024T15:02:09 - [TEST_STEP][PASSED] - setText(findTestObject("Object Repository/Page_Formulr Podvanie iadosti o piku pre pe_fbb4f4/input_Zadajte ulicu, kam bude v prpade potr_a6c0b2"), "Vymyslená"): Text 'Vymyslená' is set on object 'Object Repository/Page_Formulr Podvanie iadosti o piku pre pe_fbb4f4/input_Zadajte ulicu, kam bude v prpade potr_a6c0b2'

17-04-2024T15:02:10 - [MESSAGE][PASSED] - Text 'Vymyslená' is set on object 'Object Repository/Page_Formulr Podvanie iadosti o piku pre pe_fbb4f4/input_Zadajte ulicu, kam bude v prpade potr_a6c0b2'

17-04-2024T15:02:10 - [TEST_STEP][PASSED] - setText(findTestObject("Object Repository/Page_Formulr Podvanie iadosti o piku pre pe_fbb4f4/input_Zadajte spisn slo, kam bude v prpade _a00d5c"), "98"): Text '98' is set on object 'Object Repository/Page_Formulr Podvanie iadosti o piku pre pe_fbb4f4/input_Zadajte spisn slo, kam bude v prpade _a00d5c'

17-04-2024T15:02:11 - [MESSAGE][PASSED] - Text '98' is set on object 'Object Repository/Page_Formulr Podvanie iadosti o piku pre pe_fbb4f4/input_Zadajte spisn slo, kam bude v prpade _a00d5c'

17-04-2024T15:02:11 - [TEST_STEP][PASSED] - setText(findTestObject("Object Repository/Page_Formulr Podvanie iadosti o piku pre pe_fbb4f4/input_Zadajte orientan slo, kam bude v prpa_557c52"), "55"): Text '55' is set on object 'Object Repository/Page_Formulr Podvanie iadosti o piku pre pe_fbb4f4/input_Zadajte orientan slo, kam bude v prpa_557c52'

17-04-2024T15:02:11 - [MESSAGE][PASSED] - Text '55' is set on object 'Object Repository/Page_Formulr Podvanie iadosti o piku pre pe_fbb4f4/input_Zadajte orientan slo, kam bude v prpa_557c52'

17-04-2024T15:02:11 - [TEST_STEP][PASSED] - setText(findTestObject("Object Repository/Page_Formulr Podvanie iadosti o piku pre pe_fbb4f4/input_Zadajte PS, kam bude v prpade potreby_22cb62"), "01265"): Text '01265' is set on object 'Object Repository/Page_Formulr Podvanie iadosti o piku pre pe_fbb4f4/input_Zadajte PS, kam bude v prpade potreby_22cb62'

17-04-2024T15:02:12 - [MESSAGE][PASSED] - Text '01265' is set on object 'Object Repository/Page_Formulr Podvanie iadosti o piku pre pe_fbb4f4/input_Zadajte PS, kam bude v prpade potreby_22cb62'

17-04-2024T15:02:12 - [TEST_STEP][PASSED] - click(findTestObject("Object Repository/Page_Formulr Podvanie iadosti o piku pre pe_fbb4f4/input_Zadajte kontaktn e-mailov adresu_UI_V_aee6cc")): Object: 'Object Repository/Page_Formulr Podvanie iadosti o piku pre pe_fbb4f4/input_Zadajte kontaktn e-mailov adresu_UI_V_aee6cc' is clicked on

17-04-2024T15:02:13 - [MESSAGE][PASSED] - Object: 'Object Repository/Page_Formulr Podvanie iadosti o piku pre pe_fbb4f4/input_Zadajte kontaktn e-mailov adresu_UI_V_aee6cc' is clicked on

17-04-2024T15:02:13 - [TEST_STEP][PASSED] - setText(findTestObject("Object Repository/Page_Formulr Podvanie iadosti o piku pre pe_fbb4f4/input_Zadajte kontaktn e-mailov adresu_UI_V_aee6cc"), email): Text 'barcik@ditec.sk' is set on object 'Object Repository/Page_Formulr Podvanie iadosti o piku pre pe_fbb4f4/input_Zadajte kontaktn e-mailov adresu_UI_V_aee6cc'

17-04-2024T15:02:13 - [MESSAGE][PASSED] - Text 'barcik@ditec.sk' is set on object 'Object Repository/Page_Formulr Podvanie iadosti o piku pre pe_fbb4f4/input_Zadajte kontaktn e-mailov adresu_UI_V_aee6cc'

17-04-2024T15:02:13 - [TEST_STEP][PASSED] - setText(findTestObject("Object Repository/Page_Formulr Podvanie iadosti o piku pre pe_fbb4f4/input_Zadajte telefnne slo vrtane medzinrod_dbbd6c"), "+421456321789"): Text '+421456321789' is set on object 'Object Repository/Page_Formulr Podvanie iadosti o piku pre pe_fbb4f4/input_Zadajte telefnne slo vrtane medzinrod_dbbd6c'

17-04-2024T15:02:14 - [MESSAGE][PASSED] - Text '+421456321789' is set on object 'Object Repository/Page_Formulr Podvanie iadosti o piku pre pe_fbb4f4/input_Zadajte telefnne slo vrtane medzinrod_dbbd6c'

17-04-2024T15:02:14 - [TEST_STEP][PASSED] - click(findTestObject("Object Repository/Page_Formulr Podvanie iadosti o piku pre pe_fbb4f4/input_Vyberte minimlne jednu, alebo viac mo_04f0d9")): Object: 'Object Repository/Page_Formulr Podvanie iadosti o piku pre pe_fbb4f4/input_Vyberte minimlne jednu, alebo viac mo_04f0d9' is clicked on

17-04-2024T15:02:15 - [MESSAGE][PASSED] - Object: 'Object Repository/Page_Formulr Podvanie iadosti o piku pre pe_fbb4f4/input_Vyberte minimlne jednu, alebo viac mo_04f0d9' is clicked on

17-04-2024T15:02:15 - [TEST_STEP][PASSED] - click(findTestObject("Object Repository/Page_Formulr Podvanie iadosti o piku pre pe_fbb4f4/input_doktorand v dennej forme tdia_UI_V_ZP_9333fb")): Object: 'Object Repository/Page_Formulr Podvanie iadosti o piku pre pe_fbb4f4/input_doktorand v dennej forme tdia_UI_V_ZP_9333fb' is clicked on

17-04-2024T15:02:15 - [MESSAGE][PASSED] - Object: 'Object Repository/Page_Formulr Podvanie iadosti o piku pre pe_fbb4f4/input_doktorand v dennej forme tdia_UI_V_ZP_9333fb' is clicked on

17-04-2024T15:02:15 - [TEST_STEP][PASSED] - if (verifyElementClickable(findTestObject("Object Repository/Page_Formulr Podvanie iadosti o piku pre pe_fbb4f4/button_Pokraova"))): null

17-04-2024T15:02:16 - [MESSAGE][PASSED] - Object 'Object Repository/Page_Formulr Podvanie iadosti o piku pre pe_fbb4f4/button_Pokraova' is clickable

17-04-2024T15:02:16 - [TEST_STEP][PASSED] - log.logInfo("Udaje korektne zadane"): Udaje korektne zadane

17-04-2024T15:02:16 - [MESSAGE][INFO] - Udaje korektne zadane

17-04-2024T15:02:16 - [TEST_STEP][PASSED] - click(findTestObject("Object Repository/Page_Formulr Podvanie iadosti o piku pre pe_fbb4f4/button_Pokraova")): Object: 'Object Repository/Page_Formulr Podvanie iadosti o piku pre pe_fbb4f4/button_Pokraova' is clicked on

17-04-2024T15:02:16 - [MESSAGE][PASSED] - Object: 'Object Repository/Page_Formulr Podvanie iadosti o piku pre pe_fbb4f4/button_Pokraova' is clicked on

17-04-2024T15:02:16 - [TEST_STEP][PASSED] - setText(findTestObject("Object Repository/Page_Formulr Podvanie iadosti o piku pre pe_fbb4f4/input_Poadovan vka piky (zaokrhlene na stov_c8e10c"), "15000"): Text '15000' is set on object 'Object Repository/Page_Formulr Podvanie iadosti o piku pre pe_fbb4f4/input_Poadovan vka piky (zaokrhlene na stov_c8e10c'

17-04-2024T15:02:17 - [MESSAGE][PASSED] - Text '15000' is set on object 'Object Repository/Page_Formulr Podvanie iadosti o piku pre pe_fbb4f4/input_Poadovan vka piky (zaokrhlene na stov_c8e10c'

17-04-2024T15:02:17 - [TEST_STEP][PASSED] - setText(findTestObject("Object Repository/Page_Formulr Podvanie iadosti o piku pre pe_fbb4f4/input_Zadajte poadovan splatnos piky na cel_03b518"), "15"): Text '15' is set on object 'Object Repository/Page_Formulr Podvanie iadosti o piku pre pe_fbb4f4/input_Zadajte poadovan splatnos piky na cel_03b518'

17-04-2024T15:02:17 - [MESSAGE][PASSED] - Text '15' is set on object 'Object Repository/Page_Formulr Podvanie iadosti o piku pre pe_fbb4f4/input_Zadajte poadovan splatnos piky na cel_03b518'

17-04-2024T15:02:17 - [TEST_STEP][PASSED] - click(findTestObject("Object Repository/Page_Formulr Podvanie iadosti o piku pre pe_fbb4f4/button_Pokraova")): Object: 'Object Repository/Page_Formulr Podvanie iadosti o piku pre pe_fbb4f4/button_Pokraova' is clicked on

17-04-2024T15:02:18 - [MESSAGE][PASSED] - Object: 'Object Repository/Page_Formulr Podvanie iadosti o piku pre pe_fbb4f4/button_Pokraova' is clicked on

17-04-2024T15:02:18 - [TEST_STEP][PASSED] - click(findTestObject("Object Repository/Page_Formulr Podvanie iadosti o piku pre pe_fbb4f4/input_Vygenerova potvrdenie_checkbox")): Object: 'Object Repository/Page_Formulr Podvanie iadosti o piku pre pe_fbb4f4/input_Vygenerova potvrdenie_checkbox' is clicked on

17-04-2024T15:02:19 - [MESSAGE][PASSED] - Object: 'Object Repository/Page_Formulr Podvanie iadosti o piku pre pe_fbb4f4/input_Vygenerova potvrdenie_checkbox' is clicked on

17-04-2024T15:02:19 - [TEST_STEP][PASSED] - click(findTestObject("Object Repository/Page_Formulr Podvanie iadosti o piku pre pe_fbb4f4/button_Odstrni")): Object: 'Object Repository/Page_Formulr Podvanie iadosti o piku pre pe_fbb4f4/button_Odstrni' is clicked on

17-04-2024T15:02:19 - [MESSAGE][PASSED] - Object: 'Object Repository/Page_Formulr Podvanie iadosti o piku pre pe_fbb4f4/button_Odstrni' is clicked on

17-04-2024T15:02:19 - [TEST_STEP][PASSED] - click(findTestObject("Object Repository/Page_Formulr Podvanie iadosti o piku pre pe_fbb4f4/input_Vygenerova potvrdenie_checkbox")): Object: 'Object Repository/Page_Formulr Podvanie iadosti o piku pre pe_fbb4f4/input_Vygenerova potvrdenie_checkbox' is clicked on

17-04-2024T15:02:20 - [MESSAGE][PASSED] - Object: 'Object Repository/Page_Formulr Podvanie iadosti o piku pre pe_fbb4f4/input_Vygenerova potvrdenie_checkbox' is clicked on

17-04-2024T15:02:20 - [TEST_STEP][PASSED] - click(findTestObject("Object Repository/Page_Formulr Podvanie iadosti o piku pre pe_fbb4f4/button_Odstrni")): Object: 'Object Repository/Page_Formulr Podvanie iadosti o piku pre pe_fbb4f4/button_Odstrni' is clicked on

17-04-2024T15:02:20 - [MESSAGE][PASSED] - Object: 'Object Repository/Page_Formulr Podvanie iadosti o piku pre pe_fbb4f4/button_Odstrni' is clicked on

17-04-2024T15:02:20 - [TEST_STEP][PASSED] - click(findTestObject("Object Repository/Page_Formulr Podvanie iadosti o piku pre pe_fbb4f4/button_Prida")): Object: 'Object Repository/Page_Formulr Podvanie iadosti o piku pre pe_fbb4f4/button_Prida' is clicked on

17-04-2024T15:02:21 - [MESSAGE][PASSED] - Object: 'Object Repository/Page_Formulr Podvanie iadosti o piku pre pe_fbb4f4/button_Prida' is clicked on

17-04-2024T15:02:21 - [TEST_STEP][PASSED] - setText(findTestObject("Object Repository/Page_Formulr Podvanie iadosti o piku pre pe_fbb4f4/input_Uvete presn nzov zamestnvatea, kde pr_ffa6a4"), "škola 1"): Text 'škola 1' is set on object 'Object Repository/Page_Formulr Podvanie iadosti o piku pre pe_fbb4f4/input_Uvete presn nzov zamestnvatea, kde pr_ffa6a4'

17-04-2024T15:02:22 - [MESSAGE][PASSED] - Text 'škola 1' is set on object 'Object Repository/Page_Formulr Podvanie iadosti o piku pre pe_fbb4f4/input_Uvete presn nzov zamestnvatea, kde pr_ffa6a4'

17-04-2024T15:02:22 - [TEST_STEP][PASSED] - setText(findTestObject("Object Repository/Page_Formulr Podvanie iadosti o piku pre pe_fbb4f4/input_Poloka mus by vyplnen_UI_V_ZP_in_Udaj_cdc09e"), "tst@tst.sk"): Text 'tst@tst.sk' is set on object 'Object Repository/Page_Formulr Podvanie iadosti o piku pre pe_fbb4f4/input_Poloka mus by vyplnen_UI_V_ZP_in_Udaj_cdc09e'

17-04-2024T15:02:22 - [MESSAGE][PASSED] - Text 'tst@tst.sk' is set on object 'Object Repository/Page_Formulr Podvanie iadosti o piku pre pe_fbb4f4/input_Poloka mus by vyplnen_UI_V_ZP_in_Udaj_cdc09e'

17-04-2024T15:02:22 - [TEST_STEP][PASSED] - setText(findTestObject("Object Repository/Page_Formulr Podvanie iadosti o piku pre pe_fbb4f4/input_Vyhadajte obec po zadan prvch 3 znako_4b7030"), "Martin"): Text 'Martin' is set on object 'Object Repository/Page_Formulr Podvanie iadosti o piku pre pe_fbb4f4/input_Vyhadajte obec po zadan prvch 3 znako_4b7030'

17-04-2024T15:02:23 - [MESSAGE][PASSED] - Text 'Martin' is set on object 'Object Repository/Page_Formulr Podvanie iadosti o piku pre pe_fbb4f4/input_Vyhadajte obec po zadan prvch 3 znako_4b7030'

17-04-2024T15:02:23 - [TEST_STEP][PASSED] - click(findTestObject("Object Repository/Page_Formulr Podvanie iadosti o piku pre pe_fbb4f4/div_Martin (Martin)")): Object: 'Object Repository/Page_Formulr Podvanie iadosti o piku pre pe_fbb4f4/div_Martin (Martin)' is clicked on

17-04-2024T15:02:24 - [MESSAGE][PASSED] - Object: 'Object Repository/Page_Formulr Podvanie iadosti o piku pre pe_fbb4f4/div_Martin (Martin)' is clicked on

17-04-2024T15:02:24 - [TEST_STEP][PASSED] - setText(findTestObject("Object Repository/Page_Formulr Podvanie iadosti o piku pre pe_fbb4f4/input_Spisn slo_UI_V_ZP_in_AdresaZamestnava_d21fa0"), "55"): Text '55' is set on object 'Object Repository/Page_Formulr Podvanie iadosti o piku pre pe_fbb4f4/input_Spisn slo_UI_V_ZP_in_AdresaZamestnava_d21fa0'

17-04-2024T15:02:25 - [MESSAGE][PASSED] - Text '55' is set on object 'Object Repository/Page_Formulr Podvanie iadosti o piku pre pe_fbb4f4/input_Spisn slo_UI_V_ZP_in_AdresaZamestnava_d21fa0'

17-04-2024T15:02:25 - [TEST_STEP][PASSED] - setText(findTestObject("Object Repository/Page_Formulr Podvanie iadosti o piku pre pe_fbb4f4/input_Poloka mus by vyplnen_UI_V_ZP_in_Adre_3a19c5"), "65458"): Text '65458' is set on object 'Object Repository/Page_Formulr Podvanie iadosti o piku pre pe_fbb4f4/input_Poloka mus by vyplnen_UI_V_ZP_in_Adre_3a19c5'

17-04-2024T15:02:25 - [MESSAGE][PASSED] - Text '65458' is set on object 'Object Repository/Page_Formulr Podvanie iadosti o piku pre pe_fbb4f4/input_Poloka mus by vyplnen_UI_V_ZP_in_Adre_3a19c5'

17-04-2024T15:02:25 - [TEST_STEP][PASSED] - setText(findTestObject("Object Repository/Page_Formulr Podvanie iadosti o piku pre pe_fbb4f4/input_Uvete presn nzov pracovnej pozcie_UI__8f6d79"), "gh"): Text 'gh' is set on object 'Object Repository/Page_Formulr Podvanie iadosti o piku pre pe_fbb4f4/input_Uvete presn nzov pracovnej pozcie_UI__8f6d79'

17-04-2024T15:02:26 - [MESSAGE][PASSED] - Text 'gh' is set on object 'Object Repository/Page_Formulr Podvanie iadosti o piku pre pe_fbb4f4/input_Uvete presn nzov pracovnej pozcie_UI__8f6d79'

17-04-2024T15:02:26 - [TEST_STEP][PASSED] - setText(findTestObject("Object Repository/Page_Formulr Podvanie iadosti o piku pre pe_fbb4f4/input_De_UI_V_ZP_in_PracovnaPozicia_DatumNa_0fb358"), "4"): Text '4' is set on object 'Object Repository/Page_Formulr Podvanie iadosti o piku pre pe_fbb4f4/input_De_UI_V_ZP_in_PracovnaPozicia_DatumNa_0fb358'

17-04-2024T15:02:27 - [MESSAGE][PASSED] - Text '4' is set on object 'Object Repository/Page_Formulr Podvanie iadosti o piku pre pe_fbb4f4/input_De_UI_V_ZP_in_PracovnaPozicia_DatumNa_0fb358'

17-04-2024T15:02:27 - [TEST_STEP][PASSED] - setText(findTestObject("Object Repository/Page_Formulr Podvanie iadosti o piku pre pe_fbb4f4/input_Mesiac_UI_V_ZP_in_PracovnaPozicia_Dat_7d96bd"), "4"): Text '4' is set on object 'Object Repository/Page_Formulr Podvanie iadosti o piku pre pe_fbb4f4/input_Mesiac_UI_V_ZP_in_PracovnaPozicia_Dat_7d96bd'

17-04-2024T15:02:28 - [MESSAGE][PASSED] - Text '4' is set on object 'Object Repository/Page_Formulr Podvanie iadosti o piku pre pe_fbb4f4/input_Mesiac_UI_V_ZP_in_PracovnaPozicia_Dat_7d96bd'

17-04-2024T15:02:28 - [TEST_STEP][PASSED] - setText(findTestObject("Object Repository/Page_Formulr Podvanie iadosti o piku pre pe_fbb4f4/input_Rok_UI_V_ZP_in_PracovnaPozicia_DatumN_103076"), "2005"): Text '2005' is set on object 'Object Repository/Page_Formulr Podvanie iadosti o piku pre pe_fbb4f4/input_Rok_UI_V_ZP_in_PracovnaPozicia_DatumN_103076'

17-04-2024T15:02:28 - [MESSAGE][PASSED] - Text '2005' is set on object 'Object Repository/Page_Formulr Podvanie iadosti o piku pre pe_fbb4f4/input_Rok_UI_V_ZP_in_PracovnaPozicia_DatumN_103076'

17-04-2024T15:02:28 - [TEST_STEP][PASSED] - click(findTestObject("Object Repository/Page_Formulr Podvanie iadosti o piku pre pe_fbb4f4/input_Muste vybra aspo jednu monos_UI_V_ZP__218c8d")): Object: 'Object Repository/Page_Formulr Podvanie iadosti o piku pre pe_fbb4f4/input_Muste vybra aspo jednu monos_UI_V_ZP__218c8d' is clicked on

17-04-2024T15:02:29 - [MESSAGE][PASSED] - Object: 'Object Repository/Page_Formulr Podvanie iadosti o piku pre pe_fbb4f4/input_Muste vybra aspo jednu monos_UI_V_ZP__218c8d' is clicked on

17-04-2024T15:02:29 - [TEST_STEP][PASSED] - click(findTestObject("Page_Formulr Podvanie iadosti o piku pre pedaggov z Fondu na podporu vzdelvania  Elektronick sluby portlu regionlneho a vysokho kolstva/input_Poloka mus by vyplnen_UI_V_ZP_in_PracovnaPozicia_TypZmluvy-group-2")): Object: 'Object Repository/Page_Formulr Podvanie iadosti o piku pre pedaggov z Fondu na podporu vzdelvania  Elektronick sluby portlu regionlneho a vysokho kolstva/input_Poloka mus by vyplnen_UI_V_ZP_in_PracovnaPozicia_TypZmluvy-group-2' is clicked on

17-04-2024T15:02:29 - [MESSAGE][PASSED] - Object: 'Object Repository/Page_Formulr Podvanie iadosti o piku pre pedaggov z Fondu na podporu vzdelvania  Elektronick sluby portlu regionlneho a vysokho kolstva/input_Poloka mus by vyplnen_UI_V_ZP_in_PracovnaPozicia_TypZmluvy-group-2' is clicked on

17-04-2024T15:02:29 - [TEST_STEP][PASSED] - click(findTestObject("Page_Formulr Podvanie iadosti o piku pre pedaggov z Fondu na podporu vzdelvania  Elektronick sluby portlu regionlneho a vysokho kolstva/input_Poloka mus by vyplnen_UI_V_ZP_in_PracovnaPozicia_DruhZmluvy-group-2")): Object: 'Object Repository/Page_Formulr Podvanie iadosti o piku pre pedaggov z Fondu na podporu vzdelvania  Elektronick sluby portlu regionlneho a vysokho kolstva/input_Poloka mus by vyplnen_UI_V_ZP_in_PracovnaPozicia_DruhZmluvy-group-2' is clicked on

17-04-2024T15:02:30 - [MESSAGE][PASSED] - Object: 'Object Repository/Page_Formulr Podvanie iadosti o piku pre pedaggov z Fondu na podporu vzdelvania  Elektronick sluby portlu regionlneho a vysokho kolstva/input_Poloka mus by vyplnen_UI_V_ZP_in_PracovnaPozicia_DruhZmluvy-group-2' is clicked on

17-04-2024T15:02:30 - [TEST_STEP][PASSED] - check(findTestObject("Page_Formulr Podvanie iadosti o piku pre pedaggov z Fondu na podporu vzdelvania  Elektronick sluby portlu regionlneho a vysokho kolstva/input_Poloka mus by vyplnen_UI_V_ZP_in_PracovnaPozicia_PedagogickaCinnost-group-2")): Object 'Object Repository/Page_Formulr Podvanie iadosti o piku pre pedaggov z Fondu na podporu vzdelvania  Elektronick sluby portlu regionlneho a vysokho kolstva/input_Poloka mus by vyplnen_UI_V_ZP_in_PracovnaPozicia_PedagogickaCinnost-group-2' is checked

17-04-2024T15:02:30 - [MESSAGE][PASSED] - Object 'Object Repository/Page_Formulr Podvanie iadosti o piku pre pedaggov z Fondu na podporu vzdelvania  Elektronick sluby portlu regionlneho a vysokho kolstva/input_Poloka mus by vyplnen_UI_V_ZP_in_PracovnaPozicia_PedagogickaCinnost-group-2' is checked

17-04-2024T15:02:30 - [TEST_STEP][PASSED] - setText(findTestObject("Object Repository/Page_Formulr Podvanie iadosti o piku pre pe_fbb4f4/input_Poloka mus by vyplnen_UI_V_ZP_in_Prac_796394"), "1000"): Text '1000' is set on object 'Object Repository/Page_Formulr Podvanie iadosti o piku pre pe_fbb4f4/input_Poloka mus by vyplnen_UI_V_ZP_in_Prac_796394'

17-04-2024T15:02:31 - [MESSAGE][PASSED] - Text '1000' is set on object 'Object Repository/Page_Formulr Podvanie iadosti o piku pre pe_fbb4f4/input_Poloka mus by vyplnen_UI_V_ZP_in_Prac_796394'

17-04-2024T15:02:31 - [TEST_STEP][PASSED] - setText(findTestObject("Object Repository/Page_Formulr Podvanie iadosti o piku pre pe_fbb4f4/input_Poloka mus by vyplnen_UI_V_ZP_in_Prac_cae66d"), "800"): Text '800' is set on object 'Object Repository/Page_Formulr Podvanie iadosti o piku pre pe_fbb4f4/input_Poloka mus by vyplnen_UI_V_ZP_in_Prac_cae66d'

17-04-2024T15:02:32 - [MESSAGE][PASSED] - Text '800' is set on object 'Object Repository/Page_Formulr Podvanie iadosti o piku pre pe_fbb4f4/input_Poloka mus by vyplnen_UI_V_ZP_in_Prac_cae66d'

17-04-2024T15:02:32 - [TEST_STEP][PASSED] - click(findTestObject("Object Repository/Page_Formulr Podvanie iadosti o piku pre pe_fbb4f4/button_Uloi")): Object: 'Object Repository/Page_Formulr Podvanie iadosti o piku pre pe_fbb4f4/button_Uloi' is clicked on

17-04-2024T15:02:32 - [MESSAGE][PASSED] - Object: 'Object Repository/Page_Formulr Podvanie iadosti o piku pre pe_fbb4f4/button_Uloi' is clicked on

17-04-2024T15:02:32 - [TEST_STEP][PASSED] - click(findTestObject("Object Repository/Page_Formulr Podvanie iadosti o piku pre pe_fbb4f4/a_Vygenerova potvrdenie")): Object: 'Object Repository/Page_Formulr Podvanie iadosti o piku pre pe_fbb4f4/a_Vygenerova potvrdenie' is clicked on

17-04-2024T15:02:33 - [MESSAGE][PASSED] - Object: 'Object Repository/Page_Formulr Podvanie iadosti o piku pre pe_fbb4f4/a_Vygenerova potvrdenie' is clicked on

17-04-2024T15:02:33 - [TEST_STEP][PASSED] - if (verifyElementClickable(findTestObject("Object Repository/Page_Formulr Podvanie iadosti o piku pre pe_fbb4f4/button_Pokraova"))): null

17-04-2024T15:02:43 - [MESSAGE][PASSED] - Object 'Object Repository/Page_Formulr Podvanie iadosti o piku pre pe_fbb4f4/button_Pokraova' is clickable

17-04-2024T15:02:43 - [TEST_STEP][PASSED] - log.logInfo("Pridanie zamestnavatela uspesne"): Pridanie zamestnavatela uspesne

17-04-2024T15:02:43 - [MESSAGE][INFO] - Pridanie zamestnavatela uspesne

17-04-2024T15:02:43 - [TEST_STEP][PASSED] - delay(30): Delayed 30 second(s)

17-04-2024T15:03:13 - [MESSAGE][PASSED] - Delayed 30 second(s)

17-04-2024T15:03:13 - [TEST_STEP][PASSED] - subor = mail.ulozPrilohu(): Fire Close event sucessfully.

17-04-2024T15:03:13 - [MESSAGE][INFO] - Starting application C:\Program Files\Microsoft Office\root\Office16\OUTLOOK.EXE on the local machine at address http://127.0.0.1:4723

17-04-2024T15:03:17 - [MESSAGE][PASSED] - The application at location: C:\Program Files\Microsoft Office\root\Office16\OUTLOOK.EXE started.

17-04-2024T15:03:24 - [MESSAGE][PASSED] - Text Potvrdenie školy o zamestnaní is set

17-04-2024T15:03:28 - [MESSAGE][INFO] - Clicking on element: Object Repository/DataItem

17-04-2024T15:03:29 - [MESSAGE][PASSED] - Click on element: Object Repository/DataItem succesfully

17-04-2024T15:03:30 - [MESSAGE][INFO] - Clicking on element: Object Repository/Button

17-04-2024T15:03:31 - [MESSAGE][PASSED] - Click on element: Object Repository/Button succesfully

17-04-2024T15:03:31 - [MESSAGE][INFO] - Clicking on element: Object Repository/MenuItem

17-04-2024T15:03:32 - [MESSAGE][PASSED] - Click on element: Object Repository/MenuItem succesfully

17-04-2024T15:03:39 - [MESSAGE][INFO] - Clicking on element: Object Repository/Explorer/Files

17-04-2024T15:03:39 - [MESSAGE][PASSED] - Click on element: Object Repository/Explorer/Files succesfully

17-04-2024T15:03:53 - [MESSAGE][PASSED] - Text  is set

17-04-2024T15:04:10 - [MESSAGE][PASSED] - Text  C:\Users\barcik\Katalon Studio\Ris2Formulare\Files is set

17-04-2024T15:04:20 - [MESSAGE][INFO] - Clicking on element: Object Repository/Explorer/GoTo

17-04-2024T15:04:20 - [MESSAGE][PASSED] - Click on element: Object Repository/Explorer/GoTo succesfully

17-04-2024T15:04:29 - [MESSAGE][PASSED] - Text of test object: Object Repository/Explorer/Nazov_suboru is: Podávanie žiadosti o pôžičku pre pedagógov z Fondu na podporu vzdelávania - Potvrdenie zamestnávateľa

17-04-2024T15:04:31 - [MESSAGE][INFO] - Clicking on element: Object Repository/Explorer/Save_button

17-04-2024T15:04:31 - [MESSAGE][PASSED] - Click on element: Object Repository/Explorer/Save_button succesfully

17-04-2024T15:04:31 - [MESSAGE][WARNING] - Timeout '0' is invalid. Using default page load timeout: '30'

17-04-2024T15:04:36 - [MESSAGE][PASSED] - Object 'Object Repository/Explorer/Yes_button' is present

17-04-2024T15:04:41 - [MESSAGE][INFO] - Clicking on element: Object Repository/Explorer/Yes_button

17-04-2024T15:04:42 - [MESSAGE][PASSED] - Click on element: Object Repository/Explorer/Yes_button succesfully

17-04-2024T15:04:42 - [MESSAGE][INFO] - subor uspesne ulozeny

17-04-2024T15:04:46 - [MESSAGE][INFO] - Clicking on element: Object Repository/TabItem

17-04-2024T15:04:46 - [MESSAGE][PASSED] - Click on element: Object Repository/TabItem succesfully

17-04-2024T15:04:50 - [MESSAGE][INFO] - Clicking on element: Object Repository/Button(3)

17-04-2024T15:04:50 - [MESSAGE][PASSED] - Click on element: Object Repository/Button(3) succesfully

17-04-2024T15:04:50 - [MESSAGE][PASSED] - Ulozenie prilohy OK

17-04-2024T15:04:50 - [MESSAGE][PASSED] - Fire Close event sucessfully.

17-04-2024T15:04:50 - [TEST_STEP][PASSED] - if (mail.kontrolaDokumentu(subor, "Marek") > 1): Zhoda najdena

17-04-2024T15:04:53 - [TEST_STEP][PASSED] - log.logPassed("Zhoda najdena"): Zhoda najdena

17-04-2024T15:04:53 - [MESSAGE][PASSED] - Zhoda najdena

17-04-2024T15:04:53 - [TEST_STEP][PASSED] - if (mail.kontrolaDokumentu(subor, "Tirpák") > 1): Zhoda najdena

17-04-2024T15:04:53 - [TEST_STEP][PASSED] - log.logPassed("Zhoda najdena"): Zhoda najdena

17-04-2024T15:04:53 - [MESSAGE][PASSED] - Zhoda najdena

17-04-2024T15:04:53 - [TEST_STEP][PASSED] - click(findTestObject("Object Repository/Page_Formulr Podvanie iadosti o piku pre pe_fbb4f4/button_Pokraova")): Object: 'Object Repository/Page_Formulr Podvanie iadosti o piku pre pe_fbb4f4/button_Pokraova' is clicked on

17-04-2024T15:04:54 - [MESSAGE][PASSED] - Object: 'Object Repository/Page_Formulr Podvanie iadosti o piku pre pe_fbb4f4/button_Pokraova' is clicked on

17-04-2024T15:04:54 - [TEST_STEP][PASSED] - click(findTestObject("Object Repository/Page_Formulr Podvanie iadosti o piku pre pe_fbb4f4/input_Nie_typ-27")): Object: 'Object Repository/Page_Formulr Podvanie iadosti o piku pre pe_fbb4f4/input_Nie_typ-27' is clicked on

17-04-2024T15:04:54 - [MESSAGE][PASSED] - Object: 'Object Repository/Page_Formulr Podvanie iadosti o piku pre pe_fbb4f4/input_Nie_typ-27' is clicked on

17-04-2024T15:04:54 - [TEST_STEP][PASSED] - click(findTestObject("Object Repository/Page_Formulr Podvanie iadosti o piku pre pe_fbb4f4/input_Nie_typ-29")): Object: 'Object Repository/Page_Formulr Podvanie iadosti o piku pre pe_fbb4f4/input_Nie_typ-29' is clicked on

17-04-2024T15:04:55 - [MESSAGE][PASSED] - Object: 'Object Repository/Page_Formulr Podvanie iadosti o piku pre pe_fbb4f4/input_Nie_typ-29' is clicked on

17-04-2024T15:04:55 - [TEST_STEP][PASSED] - click(findTestObject("Object Repository/Page_Formulr Podvanie iadosti o piku pre pe_fbb4f4/button_Pokraova")): Object: 'Object Repository/Page_Formulr Podvanie iadosti o piku pre pe_fbb4f4/button_Pokraova' is clicked on

17-04-2024T15:04:55 - [MESSAGE][PASSED] - Object: 'Object Repository/Page_Formulr Podvanie iadosti o piku pre pe_fbb4f4/button_Pokraova' is clicked on

17-04-2024T15:04:55 - [TEST_STEP][PASSED] - click(findTestObject("Object Repository/Page_Formulr Podvanie iadosti o piku pre pe_fbb4f4/button_Detail")): Object: 'Object Repository/Page_Formulr Podvanie iadosti o piku pre pe_fbb4f4/button_Detail' is clicked on

17-04-2024T15:04:56 - [MESSAGE][PASSED] - Object: 'Object Repository/Page_Formulr Podvanie iadosti o piku pre pe_fbb4f4/button_Detail' is clicked on

17-04-2024T15:04:56 - [TEST_STEP][PASSED] - uploadFile(findTestObject("Object Repository/Page_Formulr Podvanie iadosti o piku pre pe_fbb4f4/input_Uloi_file-upload-field"), "C:\Users\barcik\Downloads\form.573.Prehlad-24-potvrdenie-print-save_5a11da50-9aec-4f8b-a1a0-d42325a914a4.pdf"): File 'C:\Users\barcik\Downloads\form.573.Prehlad-24-potvrdenie-print-save_5a11da50-9aec-4f8b-a1a0-d42325a914a4.pdf' sent to object: 'Object Repository/Page_Formulr Podvanie iadosti o piku pre pe_fbb4f4/input_Uloi_file-upload-field'

17-04-2024T15:04:56 - [MESSAGE][PASSED] - File 'C:\Users\barcik\Downloads\form.573.Prehlad-24-potvrdenie-print-save_5a11da50-9aec-4f8b-a1a0-d42325a914a4.pdf' sent to object: 'Object Repository/Page_Formulr Podvanie iadosti o piku pre pe_fbb4f4/input_Uloi_file-upload-field'

17-04-2024T15:04:56 - [TEST_STEP][PASSED] - click(findTestObject("Object Repository/Page_Formulr Podvanie iadosti o piku pre pe_fbb4f4/button_Uloi_1_2")): Object: 'Object Repository/Page_Formulr Podvanie iadosti o piku pre pe_fbb4f4/button_Uloi_1_2' is clicked on

17-04-2024T15:04:57 - [MESSAGE][PASSED] - Object: 'Object Repository/Page_Formulr Podvanie iadosti o piku pre pe_fbb4f4/button_Uloi_1_2' is clicked on

17-04-2024T15:04:57 - [TEST_STEP][PASSED] - click(findTestObject("Object Repository/Page_Formulr Podvanie iadosti o piku pre pe_fbb4f4/button_Detail_1")): Object: 'Object Repository/Page_Formulr Podvanie iadosti o piku pre pe_fbb4f4/button_Detail_1' is clicked on

17-04-2024T15:04:57 - [MESSAGE][PASSED] - Object: 'Object Repository/Page_Formulr Podvanie iadosti o piku pre pe_fbb4f4/button_Detail_1' is clicked on

17-04-2024T15:04:57 - [TEST_STEP][PASSED] - uploadFile(findTestObject("Object Repository/Page_Formulr Podvanie iadosti o piku pre pe_fbb4f4/input_Uloi_file-upload-field"), "C:\Users\barcik\Downloads\form.573.Prehlad-24-potvrdenie-print-save_5a11da50-9aec-4f8b-a1a0-d42325a914a4.pdf"): File 'C:\Users\barcik\Downloads\form.573.Prehlad-24-potvrdenie-print-save_5a11da50-9aec-4f8b-a1a0-d42325a914a4.pdf' sent to object: 'Object Repository/Page_Formulr Podvanie iadosti o piku pre pe_fbb4f4/input_Uloi_file-upload-field'

17-04-2024T15:04:58 - [MESSAGE][PASSED] - File 'C:\Users\barcik\Downloads\form.573.Prehlad-24-potvrdenie-print-save_5a11da50-9aec-4f8b-a1a0-d42325a914a4.pdf' sent to object: 'Object Repository/Page_Formulr Podvanie iadosti o piku pre pe_fbb4f4/input_Uloi_file-upload-field'

17-04-2024T15:04:58 - [TEST_STEP][PASSED] - click(findTestObject("Object Repository/Page_Formulr Podvanie iadosti o piku pre pe_fbb4f4/button_Uloi_1_2")): Object: 'Object Repository/Page_Formulr Podvanie iadosti o piku pre pe_fbb4f4/button_Uloi_1_2' is clicked on

17-04-2024T15:04:58 - [MESSAGE][PASSED] - Object: 'Object Repository/Page_Formulr Podvanie iadosti o piku pre pe_fbb4f4/button_Uloi_1_2' is clicked on

17-04-2024T15:04:58 - [TEST_STEP][PASSED] - click(findTestObject("Object Repository/Page_Formulr Podvanie iadosti o piku pre pe_fbb4f4/button_Detail_1_2")): Object: 'Object Repository/Page_Formulr Podvanie iadosti o piku pre pe_fbb4f4/button_Detail_1_2' is clicked on

17-04-2024T15:04:59 - [MESSAGE][PASSED] - Object: 'Object Repository/Page_Formulr Podvanie iadosti o piku pre pe_fbb4f4/button_Detail_1_2' is clicked on

17-04-2024T15:04:59 - [TEST_STEP][PASSED] - click(findTestObject("Object Repository/Page_Formulr Podvanie iadosti o piku pre pe_fbb4f4/input_Spolon vekos priloench sborov nesmie _e74e60")): Object: 'Object Repository/Page_Formulr Podvanie iadosti o piku pre pe_fbb4f4/input_Spolon vekos priloench sborov nesmie _e74e60' is clicked on

17-04-2024T15:04:59 - [MESSAGE][PASSED] - Object: 'Object Repository/Page_Formulr Podvanie iadosti o piku pre pe_fbb4f4/input_Spolon vekos priloench sborov nesmie _e74e60' is clicked on

17-04-2024T15:04:59 - [TEST_STEP][PASSED] - click(findTestObject("Object Repository/Page_Formulr Podvanie iadosti o piku pre pe_fbb4f4/button_Uloi_1_2")): Object: 'Object Repository/Page_Formulr Podvanie iadosti o piku pre pe_fbb4f4/button_Uloi_1_2' is clicked on

17-04-2024T15:05:00 - [MESSAGE][PASSED] - Object: 'Object Repository/Page_Formulr Podvanie iadosti o piku pre pe_fbb4f4/button_Uloi_1_2' is clicked on

17-04-2024T15:05:00 - [TEST_STEP][PASSED] - click(findTestObject("Object Repository/Page_Formulr Podvanie iadosti o piku pre pe_fbb4f4/button_Detail_1_2_3")): Object: 'Object Repository/Page_Formulr Podvanie iadosti o piku pre pe_fbb4f4/button_Detail_1_2_3' is clicked on

17-04-2024T15:05:00 - [MESSAGE][PASSED] - Object: 'Object Repository/Page_Formulr Podvanie iadosti o piku pre pe_fbb4f4/button_Detail_1_2_3' is clicked on

17-04-2024T15:05:00 - [TEST_STEP][PASSED] - click(findTestObject("Object Repository/Page_Formulr Podvanie iadosti o piku pre pe_fbb4f4/input_Spolon vekos priloench sborov nesmie _e74e60")): Object: 'Object Repository/Page_Formulr Podvanie iadosti o piku pre pe_fbb4f4/input_Spolon vekos priloench sborov nesmie _e74e60' is clicked on

17-04-2024T15:05:01 - [MESSAGE][PASSED] - Object: 'Object Repository/Page_Formulr Podvanie iadosti o piku pre pe_fbb4f4/input_Spolon vekos priloench sborov nesmie _e74e60' is clicked on

17-04-2024T15:05:01 - [TEST_STEP][PASSED] - click(findTestObject("Object Repository/Page_Formulr Podvanie iadosti o piku pre pe_fbb4f4/button_Uloi_1_2")): Object: 'Object Repository/Page_Formulr Podvanie iadosti o piku pre pe_fbb4f4/button_Uloi_1_2' is clicked on

17-04-2024T15:05:01 - [MESSAGE][PASSED] - Object: 'Object Repository/Page_Formulr Podvanie iadosti o piku pre pe_fbb4f4/button_Uloi_1_2' is clicked on

17-04-2024T15:05:01 - [TEST_STEP][PASSED] - click(findTestObject("Object Repository/Page_Formulr Podvanie iadosti o piku pre pe_fbb4f4/button_Detail_1_2_3_4")): Object: 'Object Repository/Page_Formulr Podvanie iadosti o piku pre pe_fbb4f4/button_Detail_1_2_3_4' is clicked on

17-04-2024T15:05:02 - [MESSAGE][PASSED] - Object: 'Object Repository/Page_Formulr Podvanie iadosti o piku pre pe_fbb4f4/button_Detail_1_2_3_4' is clicked on

17-04-2024T15:05:02 - [TEST_STEP][PASSED] - click(findTestObject("Object Repository/Page_Formulr Podvanie iadosti o piku pre pe_fbb4f4/input_Spolon vekos priloench sborov nesmie _e74e60")): Object: 'Object Repository/Page_Formulr Podvanie iadosti o piku pre pe_fbb4f4/input_Spolon vekos priloench sborov nesmie _e74e60' is clicked on

17-04-2024T15:05:02 - [MESSAGE][PASSED] - Object: 'Object Repository/Page_Formulr Podvanie iadosti o piku pre pe_fbb4f4/input_Spolon vekos priloench sborov nesmie _e74e60' is clicked on

17-04-2024T15:05:02 - [TEST_STEP][PASSED] - click(findTestObject("Object Repository/Page_Formulr Podvanie iadosti o piku pre pe_fbb4f4/button_Uloi_1_2")): Object: 'Object Repository/Page_Formulr Podvanie iadosti o piku pre pe_fbb4f4/button_Uloi_1_2' is clicked on

17-04-2024T15:05:03 - [MESSAGE][PASSED] - Object: 'Object Repository/Page_Formulr Podvanie iadosti o piku pre pe_fbb4f4/button_Uloi_1_2' is clicked on

17-04-2024T15:05:03 - [TEST_STEP][PASSED] - click(findTestObject("Object Repository/Page_Formulr Podvanie iadosti o piku pre pe_fbb4f4/button_Detail_1_2_3_4_5")): Object: 'Object Repository/Page_Formulr Podvanie iadosti o piku pre pe_fbb4f4/button_Detail_1_2_3_4_5' is clicked on

17-04-2024T15:05:03 - [MESSAGE][PASSED] - Object: 'Object Repository/Page_Formulr Podvanie iadosti o piku pre pe_fbb4f4/button_Detail_1_2_3_4_5' is clicked on

17-04-2024T15:05:03 - [TEST_STEP][PASSED] - click(findTestObject("Object Repository/Page_Formulr Podvanie iadosti o piku pre pe_fbb4f4/input_Spolon vekos priloench sborov nesmie _e74e60")): Object: 'Object Repository/Page_Formulr Podvanie iadosti o piku pre pe_fbb4f4/input_Spolon vekos priloench sborov nesmie _e74e60' is clicked on

17-04-2024T15:05:04 - [MESSAGE][PASSED] - Object: 'Object Repository/Page_Formulr Podvanie iadosti o piku pre pe_fbb4f4/input_Spolon vekos priloench sborov nesmie _e74e60' is clicked on

17-04-2024T15:05:04 - [TEST_STEP][PASSED] - click(findTestObject("Object Repository/Page_Formulr Podvanie iadosti o piku pre pe_fbb4f4/button_Uloi_1_2")): Object: 'Object Repository/Page_Formulr Podvanie iadosti o piku pre pe_fbb4f4/button_Uloi_1_2' is clicked on

[...]
	at com.kms.katalon.core.windows.keyword.helper.WindowsActionHelper$click$3.call(Unknown Source)
	at com.kms.katalon.core.windows.keyword.builtin.ClickKeyword$_click_closure1.doCall(ClickKeyword.groovy:43)
	at com.kms.katalon.core.windows.keyword.builtin.ClickKeyword$_click_closure1.doCall(ClickKeyword.groovy)
	at java.base/jdk.internal.reflect.NativeMethodAccessorImpl.invoke0(Native Method)
	at java.base/jdk.internal.reflect.NativeMethodAccessorImpl.invoke(NativeMethodAccessorImpl.java:77)
	at java.base/jdk.internal.reflect.DelegatingMethodAccessorImpl.invoke(DelegatingMethodAccessorImpl.java:43)
	at com.kms.katalon.core.keyword.internal.KeywordMain.runKeyword(KeywordMain.groovy:90)
	... 23 more
Caused by: org.openqa.selenium.NoSuchElementException: An element could not be located on the page using the given search parameters. (WARNING: The server did not provide any stacktrace information)
Command duration or timeout: 0 milliseconds
For documentation on this error, please visit: https://www.seleniumhq.org/exceptions/no_such_element.html
Build info: version: '3.141.59', revision: 'e82be7d358', time: '2018-11-14T08:25:53'
System info: host: 'NB-BARCIK', ip: '192.168.0.163', os.name: 'Windows 11', os.arch: 'amd64', os.version: '10.0', java.version: '17.0.7'
Driver info: io.appium.java_client.windows.WindowsDriver
Capabilities {app: C:\Program Files\Microsoft ..., javascriptEnabled: true, platform: WINDOWS, platformName: WINDOWS}
Session ID: F7874F76-83AE-421A-BA8E-7DE9BA350D38
*** Element info: {Using=xpath, value=//Window/Pane[1]/ToolBar[1]/Pane[1]/Pane[1]/Pane[1]/Pane[1]/Tab[1]/TabItem[1]}
	at java.base/jdk.internal.reflect.NativeConstructorAccessorImpl.newInstance0(Native Method)
	at java.base/jdk.internal.reflect.NativeConstructorAccessorImpl.newInstance(NativeConstructorAccessorImpl.java:77)
	at java.base/jdk.internal.reflect.DelegatingConstructorAccessorImpl.newInstance(DelegatingConstructorAccessorImpl.java:45)
	at org.openqa.selenium.remote.ErrorHandler.createThrowable(ErrorHandler.java:214)
	at org.openqa.selenium.remote.ErrorHandler.throwIfResponseFailed(ErrorHandler.java:166)
	at org.openqa.selenium.remote.http.JsonHttpResponseCodec.reconstructValue(JsonHttpResponseCodec.java:40)
	at org.openqa.selenium.remote.http.AbstractHttpResponseCodec.decode(AbstractHttpResponseCodec.java:80)
	at org.openqa.selenium.remote.http.AbstractHttpResponseCodec.decode(AbstractHttpResponseCodec.java:44)
	at org.openqa.selenium.remote.HttpCommandExecutor.execute(HttpCommandExecutor.java:158)
	at io.appium.java_client.remote.AppiumCommandExecutor.execute(AppiumCommandExecutor.java:239)
	at org.openqa.selenium.remote.RemoteWebDriver.execute(RemoteWebDriver.java:552)
	at io.appium.java_client.DefaultGenericMobileDriver.execute(DefaultGenericMobileDriver.java:42)
	at io.appium.java_client.AppiumDriver.execute(AppiumDriver.java:1)
	at io.appium.java_client.windows.WindowsDriver.execute(WindowsDriver.java:1)
	at org.openqa.selenium.remote.RemoteWebDriver.findElement(RemoteWebDriver.java:323)
	at io.appium.java_client.DefaultGenericMobileDriver.findElement(DefaultGenericMobileDriver.java:62)
	at io.appium.java_client.AppiumDriver.findElement(AppiumDriver.java:1)
	at io.appium.java_client.windows.WindowsDriver.findElement(WindowsDriver.java:1)
	at org.openqa.selenium.remote.RemoteWebDriver.findElementByXPath(RemoteWebDriver.java:428)
	at io.appium.java_client.DefaultGenericMobileDriver.findElementByXPath(DefaultGenericMobileDriver.java:152)
	at io.appium.java_client.AppiumDriver.findElementByXPath(AppiumDriver.java:1)
	at io.appium.java_client.windows.WindowsDriver.findElementByXPath(WindowsDriver.java:1)
	at com.kms.katalon.core.windows.keyword.helper.WindowsActionHelper$1.apply(WindowsActionHelper.java:136)
	at com.kms.katalon.core.windows.keyword.helper.WindowsActionHelper$1.apply(WindowsActionHelper.java:1)
	at org.openqa.selenium.support.ui.FluentWait.until(FluentWait.java:249)
	... 34 more]]></system-out>
      <system-err><![CDATA[17-04-2024T15:01:04 - [TEST_SUITE][FAILED] - SuitePozicky: Test Cases/Pozicky B/Pozicka_399090 FAILED.
Reason:
com.kms.katalon.core.exception.StepFailedException: Expected condition failed: waiting for com.kms.katalon.core.windows.keyword.helper.WindowsActionHelper$1@341f2f4c (tried for 30 second(s) with 50 milliseconds interval) (Root cause: org.openqa.selenium.TimeoutException: Expected condition failed: waiting for com.kms.katalon.core.windows.keyword.helper.WindowsActionHelper$1@341f2f4c (tried for 30 second(s) with 50 milliseconds interval)
	at org.openqa.selenium.support.ui.FluentWait.timeoutException(FluentWait.java:304)
	at org.openqa.selenium.support.ui.FluentWait.until(FluentWait.java:272)
	at com.kms.katalon.core.windows.keyword.helper.WindowsActionHelper.findElement(WindowsActionHelper.java:120)
	at com.kms.katalon.core.windows.keyword.helper.WindowsActionHelper.findElement(WindowsActionHelper.java:77)
	at com.kms.katalon.core.windows.keyword.helper.WindowsActionHelper.findElement(WindowsActionHelper.java:69)
	at com.kms.katalon.core.windows.keyword.helper.WindowsActionHelper.click(WindowsActionHelper.java:248)
	at com.kms.katalon.core.windows.keyword.helper.WindowsActionHelper$click$3.call(Unknown Source)
	at com.kms.katalon.core.windows.keyword.builtin.ClickKeyword$_click_closure1.doCall(ClickKeyword.groovy:43)
	at com.kms.katalon.core.windows.keyword.builtin.ClickKeyword$_click_closure1.doCall(ClickKeyword.groovy)
	at java.base/jdk.internal.reflect.NativeMethodAccessorImpl.invoke0(Native Method)
	at java.base/jdk.internal.reflect.NativeMethodAccessorImpl.invoke(NativeMethodAccessorImpl.java:77)
	at java.base/jdk.internal.reflect.DelegatingMethodAccessorImpl.invoke(DelegatingMethodAccessorImpl.java:43)
	at com.kms.katalon.core.keyword.internal.KeywordMain.runKeyword(KeywordMain.groovy:90)
	at com.kms.katalon.core.keyword.internal.KeywordMain$runKeyword.call(Unknown Source)
	at com.kms.katalon.core.windows.keyword.builtin.ClickKeyword.click(ClickKeyword.groovy:37)
	at com.kms.katalon.core.windows.keyword.builtin.ClickKeyword$click.callCurrent(Unknown Source)
	at com.kms.katalon.core.windows.keyword.builtin.ClickKeyword.execute(ClickKeyword.groovy:33)
	at com.kms.katalon.core.keyword.internal.KeywordExecutor.executeKeywordForPlatform(KeywordExecutor.groovy:74)
	at com.kms.katalon.core.windows.keyword.WindowsBuiltinKeywords.click(WindowsBuiltinKeywords.java:72)
	at Email.kontrolaMailu(Email.java:30)
	at Pozicka_399090.run(Pozicka_399090:329)
	at com.kms.katalon.core.main.ScriptEngine.run(ScriptEngine.java:194)
	at com.kms.katalon.core.main.ScriptEngine.runScriptAsRawText(ScriptEngine.java:119)
	at com.kms.katalon.core.main.TestCaseExecutor.runScript(TestCaseExecutor.java:448)
	at com.kms.katalon.core.main.TestCaseExecutor.doExecute(TestCaseExecutor.java:439)
	at com.kms.katalon.core.main.TestCaseExecutor.processExecutionPhase(TestCaseExecutor.java:418)
	at com.kms.katalon.core.main.TestCaseExecutor.accessMainPhase(TestCaseExecutor.java:410)
	at com.kms.katalon.core.main.TestCaseExecutor.execute(TestCaseExecutor.java:285)
	at com.kms.katalon.core.common.CommonExecutor.accessTestCaseMainPhase(CommonExecutor.java:65)
	at com.kms.katalon.core.main.TestSuiteExecutor.accessTestSuiteMainPhase(TestSuiteExecutor.java:150)
	at com.kms.katalon.core.main.TestSuiteExecutor.execute(TestSuiteExecutor.java:106)
	at com.kms.katalon.core.main.TestCaseMain.startTestSuite(TestCaseMain.java:180)
	at TempTestSuite1713358848413.run(TempTestSuite1713358848413.groovy:35)
	at java.base/jdk.internal.reflect.NativeMethodAccessorImpl.invoke0(Native Method)
	at java.base/jdk.internal.reflect.NativeMethodAccessorImpl.invoke(NativeMethodAccessorImpl.java:77)
	at java.base/jdk.internal.reflect.DelegatingMethodAccessorImpl.invoke(DelegatingMethodAccessorImpl.java:43)
Caused by: org.openqa.selenium.NoSuchElementException: An element could not be located on the page using the given search parameters. (WARNING: The server did not provide any stacktrace information)
Command duration or timeout: 0 milliseconds
For documentation on this error, please visit: https://www.seleniumhq.org/exceptions/no_such_element.html
Build info: version: '3.141.59', revision: 'e82be7d358', time: '2018-11-14T08:25:53'
System info: host: 'NB-BARCIK', ip: '192.168.0.163', os.name: 'Windows 11', os.arch: 'amd64', os.version: '10.0', java.version: '17.0.7'
Driver info: io.appium.java_client.windows.WindowsDriver
Capabilities {app: C:\Program Files\Microsoft ..., javascriptEnabled: true, platform: WINDOWS, platformName: WINDOWS}
Session ID: F7874F76-83AE-421A-BA8E-7DE9BA350D38
*** Element info: {Using=xpath, value=//Window/Pane[1]/ToolBar[1]/Pane[1]/Pane[1]/Pane[1]/Pane[1]/Tab[1]/TabItem[1]}
	at java.base/jdk.internal.reflect.NativeConstructorAccessorImpl.newInstance0(Native Method)
	at java.base/jdk.internal.reflect.NativeConstructorAccessorImpl.newInstance(NativeConstructorAccessorImpl.java:77)
	at java.base/jdk.internal.reflect.DelegatingConstructorAccessorImpl.newInstance(DelegatingConstructorAccessorImpl.java:45)
	at org.openqa.selenium.remote.ErrorHandler.createThrowable(ErrorHandler.java:214)
	at org.openqa.selenium.remote.ErrorHandler.throwIfResponseFailed(ErrorHandler.java:166)
	at org.openqa.selenium.remote.http.JsonHttpResponseCodec.reconstructValue(JsonHttpResponseCodec.java:40)
	at org.openqa.selenium.remote.http.AbstractHttpResponseCodec.decode(AbstractHttpResponseCodec.java:80)
	at org.openqa.selenium.remote.http.AbstractHttpResponseCodec.decode(AbstractHttpResponseCodec.java:44)
	at org.openqa.selenium.remote.HttpCommandExecutor.execute(HttpCommandExecutor.java:158)
	at io.appium.java_client.remote.AppiumCommandExecutor.execute(AppiumCommandExecutor.java:239)
	at org.openqa.selenium.remote.RemoteWebDriver.execute(RemoteWebDriver.java:552)
	at io.appium.java_client.DefaultGenericMobileDriver.execute(DefaultGenericMobileDriver.java:42)
	at io.appium.java_client.AppiumDriver.execute(AppiumDriver.java:1)
	at io.appium.java_client.windows.WindowsDriver.execute(WindowsDriver.java:1)
	at org.openqa.selenium.remote.RemoteWebDriver.findElement(RemoteWebDriver.java:323)
	at io.appium.java_client.DefaultGenericMobileDriver.findElement(DefaultGenericMobileDriver.java:62)
	at io.appium.java_client.AppiumDriver.findElement(AppiumDriver.java:1)
	at io.appium.java_client.windows.WindowsDriver.findElement(WindowsDriver.java:1)
	at org.openqa.selenium.remote.RemoteWebDriver.findElementByXPath(RemoteWebDriver.java:428)
	at io.appium.java_client.DefaultGenericMobileDriver.findElementByXPath(DefaultGenericMobileDriver.java:152)
	at io.appium.java_client.AppiumDriver.findElementByXPath(AppiumDriver.java:1)
	at io.appium.java_client.windows.WindowsDriver.findElementByXPath(WindowsDriver.java:1)
	at com.kms.katalon.core.windows.keyword.helper.WindowsActionHelper$1.apply(WindowsActionHelper.java:136)
	at com.kms.katalon.core.windows.keyword.helper.WindowsActionHelper$1.apply(WindowsActionHelper.java:1)
	at org.openqa.selenium.support.ui.FluentWait.until(FluentWait.java:249)
	at com.kms.katalon.core.windows.keyword.helper.WindowsActionHelper.findElement(WindowsActionHelper.java:120)
	at com.kms.katalon.core.windows.keyword.helper.WindowsActionHelper.findElement(WindowsActionHelper.java:77)
	at com.kms.katalon.core.windows.keyword.helper.WindowsActionHelper.findElement(WindowsActionHelper.java:69)
	at com.kms.katalon.core.windows.keyword.helper.WindowsActionHelper.click(WindowsActionHelper.java:248)
	at com.kms.katalon.core.windows.keyword.helper.WindowsActionHelper$click$3.call(Unknown Source)
	at com.kms.katalon.core.windows.keyword.builtin.ClickKeyword$_click_closure1.doCall(ClickKeyword.groovy:43)
	at com.kms.katalon.core.windows.keyword.builtin.ClickKeyword$_click_closure1.doCall(ClickKeyword.groovy)
	at java.base/jdk.internal.reflect.NativeMethodAccessorImpl.invoke0(Native Method)
	at java.base/jdk.internal.reflect.NativeMethodAccessorImpl.invoke(NativeMethodAccessorImpl.java:77)
	at java.base/jdk.internal.reflect.DelegatingMethodAccessorImpl.invoke(DelegatingMethodAccessorImpl.java:43)
	at com.kms.katalon.core.keyword.internal.KeywordMain.runKeyword(KeywordMain.groovy:90)
	at com.kms.katalon.core.keyword.internal.KeywordMain$runKeyword.call(Unknown Source)
	at com.kms.katalon.core.windows.keyword.builtin.ClickKeyword.click(ClickKeyword.groovy:37)
	at com.kms.katalon.core.windows.keyword.builtin.ClickKeyword$click.callCurrent(Unknown Source)
	at com.kms.katalon.core.windows.keyword.builtin.ClickKeyword.execute(ClickKeyword.groovy:33)
	at com.kms.katalon.core.keyword.internal.KeywordExecutor.executeKeywordForPlatform(KeywordExecutor.groovy:74)
	at com.kms.katalon.core.windows.keyword.WindowsBuiltinKeywords.click(WindowsBuiltinKeywords.java:72)
	at Email.kontrolaMailu(Email.java:30)
	at Script1713185661975.run(Script1713185661975.groovy:329)
	... 15 more
)
	at com.kms.katalon.core.keyword.internal.KeywordMain.stepFailed(KeywordMain.groovy:51)
	at com.kms.katalon.core.keyword.internal.KeywordMain.stepFailed(KeywordMain.groovy)
	at com.kms.katalon.core.keyword.internal.KeywordMain.runKeyword(KeywordMain.groovy:92)
	at com.kms.katalon.core.keyword.internal.KeywordMain$runKeyword.call(Unknown Source)
	at com.kms.katalon.core.windows.keyword.builtin.ClickKeyword.click(ClickKeyword.groovy:37)
	at com.kms.katalon.core.windows.keyword.builtin.ClickKeyword$click.callCurrent(Unknown Source)
	at com.kms.katalon.core.windows.keyword.builtin.ClickKeyword.execute(ClickKeyword.groovy:33)
	at com.kms.katalon.core.keyword.internal.KeywordExecutor.executeKeywordForPlatform(KeywordExecutor.groovy:74)
	at com.kms.katalon.core.windows.keyword.WindowsBuiltinKeywords.click(WindowsBuiltinKeywords.java:72)
	at Email.kontrolaMailu(Email.java:30)
	at Pozicka_399090.run(Pozicka_399090:329)
	at com.kms.katalon.core.main.ScriptEngine.run(ScriptEngine.java:194)
	at com.kms.katalon.core.main.ScriptEngine.runScriptAsRawText(ScriptEngine.java:119)
	at com.kms.katalon.core.main.TestCaseExecutor.runScript(TestCaseExecutor.java:448)
	at com.kms.katalon.core.main.TestCaseExecutor.doExecute(TestCaseExecutor.java:439)
	at com.kms.katalon.core.main.TestCaseExecutor.processExecutionPhase(TestCaseExecutor.java:418)
	at com.kms.katalon.core.main.TestCaseExecutor.accessMainPhase(TestCaseExecutor.java:410)
	at com.kms.katalon.core.main.TestCaseExecutor.execute(TestCaseExecutor.java:285)
	at com.kms.katalon.core.common.CommonExecutor.accessTestCaseMainPhase(CommonExecutor.java:65)
	at com.kms.katalon.core.main.TestSuiteExecutor.accessTestSuiteMainPhase(TestSuiteExecutor.java:150)
	at com.kms.katalon.core.main.TestSuiteExecutor.execute(TestSuiteExecutor.java:106)
	at com.kms.katalon.core.main.TestCaseMain.startTestSuite(TestCaseMain.java:180)
	at TempTestSuite1713358848413.run(TempTestSuite1713358848413.groovy:35)
	at java.base/jdk.internal.reflect.NativeMethodAccessorImpl.invoke0(Native Method)
	at java.base/jdk.internal.reflect.NativeMethodAccessorImpl.invoke(NativeMethodAccessorImpl.java:77)
	at java.base/jdk.internal.reflect.DelegatingMethodAccessorImpl.invoke(DelegatingMethodAccessorImpl.java:43)
Caused by: org.openqa.selenium.TimeoutException: Expected condition failed: waiting for com.kms.katalon.core.windows.keyword.helper.WindowsActionHelper$1@341f2f4c (tried for 30 second(s) with 50 milliseconds interval)
	at org.openqa.selenium.support.ui.FluentWait.timeoutException(FluentWait.java:304)
	at org.openqa.selenium.support.ui.FluentWait.until(FluentWait.java:272)
	at com.kms.katalon.core.windows.keyword.helper.WindowsActionHelper.findElement(WindowsActionHelper.java:120)
	at com.kms.katalon.core.windows.keyword.helper.WindowsActionHelper.findElement(WindowsActionHelper.java:77)
	at com.kms.katalon.core.windows.keyword.helper.WindowsActionHelper.findElement(WindowsActionHelper.java:69)
	at com.kms.katalon.core.windows.keyword.helper.WindowsActionHelper.click(WindowsActionHelper.java:248)
	at com.kms.katalon.core.windows.keyword.helper.WindowsActionHelper$click$3.call(Unknown Source)
	at com.kms.katalon.core.windows.keyword.builtin.ClickKeyword$_click_closure1.doCall(ClickKeyword.groovy:43)
	at com.kms.katalon.core.windows.keyword.builtin.ClickKeyword$_click_closure1.doCall(ClickKeyword.groovy)
	at java.base/jdk.internal.reflect.NativeMethodAccessorImpl.invoke0(Native Method)
	at java.base/jdk.internal.reflect.NativeMethodAccessorImpl.invoke(NativeMethodAccessorImpl.java:77)
	at java.base/jdk.internal.reflect.DelegatingMethodAccessorImpl.invoke(DelegatingMethodAccessorImpl.java:43)
	at com.kms.katalon.core.keyword.internal.KeywordMain.runKeyword(KeywordMain.groovy:90)
	... 23 more
Caused by: org.openqa.selenium.NoSuchElementException: An element could not be located on the page using the given search parameters. (WARNING: The server did not provide any stacktrace information)
Command duration or timeout: 0 milliseconds
For documentation on this error, please visit: https://www.seleniumhq.org/exceptions/no_such_element.html
Build info: version: '3.141.59', revision: 'e82be7d358', time: '2018-11-14T08:25:53'
System info: host: 'NB-BARCIK', ip: '192.168.0.163', os.name: 'Windows 11', os.arch: 'amd64', os.version: '10.0', java.version: '17.0.7'
Driver info: io.appium.java_client.windows.WindowsDriver
Capabilities {app: C:\Program Files\Microsoft ..., javascriptEnabled: true, platform: WINDOWS, platformName: WINDOWS}
Session ID: F7874F76-83AE-421A-BA8E-7DE9BA350D38
*** Element info: {Using=xpath, value=//Window/Pane[1]/ToolBar[1]/Pane[1]/Pane[1]/Pane[1]/Pane[1]/Tab[1]/TabItem[1]}
	at java.base/jdk.internal.reflect.NativeConstructorAccessorImpl.newInstance0(Native Method)
	at java.base/jdk.internal.reflect.NativeConstructorAccessorImpl.newInstance(NativeConstructorAccessorImpl.java:77)
	at java.base/jdk.internal.reflect.DelegatingConstructorAccessorImpl.newInstance(DelegatingConstructorAccessorImpl.java:45)
	at org.openqa.selenium.remote.ErrorHandler.createThrowable(ErrorHandler.java:214)
	at org.openqa.selenium.remote.ErrorHandler.throwIfResponseFailed(ErrorHandler.java:166)
	at org.openqa.selenium.remote.http.JsonHttpResponseCodec.reconstructValue(JsonHttpResponseCodec.java:40)
	at org.openqa.selenium.remote.http.AbstractHttpResponseCodec.decode(AbstractHttpResponseCodec.java:80)
	at org.openqa.selenium.remote.http.AbstractHttpResponseCodec.decode(AbstractHttpResponseCodec.java:44)
	at org.openqa.selenium.remote.HttpCommandExecutor.execute(HttpCommandExecutor.java:158)
	at io.appium.java_client.remote.AppiumCommandExecutor.execute(AppiumCommandExecutor.java:239)
	at org.openqa.selenium.remote.RemoteWebDriver.execute(RemoteWebDriver.java:552)
	at io.appium.java_client.DefaultGenericMobileDriver.execute(DefaultGenericMobileDriver.java:42)
	at io.appium.java_client.AppiumDriver.execute(AppiumDriver.java:1)
	at io.appium.java_client.windows.WindowsDriver.execute(WindowsDriver.java:1)
	at org.openqa.selenium.remote.RemoteWebDriver.findElement(RemoteWebDriver.java:323)
	at io.appium.java_client.DefaultGenericMobileDriver.findElement(DefaultGenericMobileDriver.java:62)
	at io.appium.java_client.AppiumDriver.findElement(AppiumDriver.java:1)
	at io.appium.java_client.windows.WindowsDriver.findElement(WindowsDriver.java:1)
	at org.openqa.selenium.remote.RemoteWebDriver.findElementByXPath(RemoteWebDriver.java:428)
	at io.appium.java_client.DefaultGenericMobileDriver.findElementByXPath(DefaultGenericMobileDriver.java:152)
	at io.appium.java_client.AppiumDriver.findElementByXPath(AppiumDriver.java:1)
	at io.appium.java_client.windows.WindowsDriver.findElementByXPath(WindowsDriver.java:1)
	at com.kms.katalon.core.windows.keyword.helper.WindowsActionHelper$1.apply(WindowsActionHelper.java:136)
	at com.kms.katalon.core.windows.keyword.helper.WindowsActionHelper$1.apply(WindowsActionHelper.java:1)
	at org.openqa.selenium.support.ui.FluentWait.until(FluentWait.java:249)
	... 34 more]]></system-err>
   </testsuite>
</testsuites>
