<?xml version="1.0" encoding="UTF-8"?>
<testsuites name="SuitePozicky" time="738.449" tests="3" failures="0" errors="0">
   <testsuite name="SuitePozicky" tests="3" failures="0" errors="0" time="738.449" skipped="0" timestamp="17-04-2024T15:21:58" hostname="barcik - NB-BARCIK.intra.ditec.sk" id="Test Suites/SuitePozicky">
      <properties>
         <property name="deviceName"/>
         <property name="devicePlatform" value=""/>
         <property name="logFolder" value="C:\\Users\\barcik\\Katalon Studio\\Ris2Formulare\\Reports\\20240417_152142\\SuitePozicky\\20240417_152142"/>
         <property name="logFiles" value="C:\\Users\\barcik\\Katalon Studio\\Ris2Formulare\\Reports\\20240417_152142\\SuitePozicky\\20240417_152142\\execution0.log"/>
         <property name="attachments" value="C:\\Users\\barcik\\Katalon Studio\\Ris2Formulare\\Reports\\20240417_152142\\SuitePozicky\\20240417_152142\\1713360349532.png"/>
         <property name="hostName" value="barcik - NB-BARCIK.intra.ditec.sk"/>
         <property name="desiredCapabilities" value="{}"/>
         <property name="os" value="Windows 11 64bit"/>
         <property name="katalonVersion" value="9.4.0.212"/>
         <property name="browser" value="Chrome 123.0.0.0"/>
         <property name="hostAddress" value="192.168.0.163"/>
         <property name="sessionId" value="80bcd30159b86a587a5f16ca13daab83"/>
         <property name="seleniumVersion" value="3.141.59"/>
         <property name="proxyInformation" value="ProxyInformation { proxyOption=NO_PROXY, proxyServerType=HTTP, username=, password=********, proxyServerAddress=, proxyServerPort=0, executionList=&quot;&quot;, isApplyToDesiredCapabilities=true }"/>
         <property name="platform" value="Windows 11"/>
      </properties>
      <testcase name="Test Cases/Pozicky B/Pozicka_399090" time="366.59" classname="Test Cases/Pozicky B/Pozicka_399090" status="PASSED">
         <system-out><![CDATA[17-04-2024T15:21:58 - [TEST_CASE][PASSED] - Test Cases/Pozicky B/Pozicka_399090: Test Cases/Pozicky B/Pozicka_399090

17-04-2024T15:21:59 - [TEST_STEP][PASSED] - log = new com.kms.katalon.core.logging.KeywordLogger(): null

17-04-2024T15:21:59 - [TEST_STEP][PASSED] - mail = new Email(): null

17-04-2024T15:21:59 - [TEST_STEP][PASSED] - podpis = new Podpisovac(): null

17-04-2024T15:21:59 - [TEST_STEP][PASSED] - form = new Formular(): null

17-04-2024T15:21:59 - [TEST_STEP][PASSED] - openBrowser(""): Browser is opened with url: ''

17-04-2024T15:22:00 - [MESSAGE][INFO] - Starting 'Chrome' driver

17-04-2024T15:22:00 - [MESSAGE][INFO] - User set preference: ['prefs', '{protocol_handler={allowed_origin_protocol_pairs={https://es-test.minedu.sk={ditec-dlauncher=true}}}}']

17-04-2024T15:22:00 - [MESSAGE][INFO] - Action delay is set to 0 milliseconds

17-04-2024T15:22:05 - [MESSAGE][PASSED] - Browser is opened with url: ''

17-04-2024T15:22:05 - [TEST_STEP][PASSED] - navigateToUrl("https://es-test.minedu.sk/"): Navigate to 'https://es-test.minedu.sk/' successfully

17-04-2024T15:22:05 - [MESSAGE][PASSED] - Navigate to 'https://es-test.minedu.sk/' successfully

17-04-2024T15:22:05 - [TEST_STEP][PASSED] - if (form.prihlasUzivatela("930471954", "zTTfKFASM+jMVRoiJaGOIA==")): null

17-04-2024T15:22:10 - [MESSAGE][PASSED] - Object: 'Object Repository/Page_Portl elektronickch sluieb regionlneho_9bdbd3/a_Shlasm' is clicked on

17-04-2024T15:22:10 - [MESSAGE][PASSED] - Current window maximized

17-04-2024T15:22:14 - [MESSAGE][PASSED] - Object: 'Object Repository/Page_Portl elektronickch sluieb regionlneho_9bdbd3/a_Prihlsi sa' is clicked on

17-04-2024T15:22:14 - [MESSAGE][PASSED] - Object: 'Object Repository/Page_Spsoby prihlsenia sa na portl - Iam.Web/div_Identifiktor a heslo fyzickej osoby    _3153de' is clicked on

17-04-2024T15:22:15 - [MESSAGE][PASSED] - Text '930471954' is set on object 'Object Repository/Page_Identifiktor a heslo fyzickej osoby - Iam.Web/input_Zadajte svoj identifiktor_DomainName'

17-04-2024T15:22:15 - [MESSAGE][PASSED] - Text ****** has been set on object 'Object Repository/Page_Identifiktor a heslo fyzickej osoby - Iam.Web/input_Zadajte svoje prihlasovacie heslo_Password'

17-04-2024T15:22:19 - [MESSAGE][PASSED] - Object: 'Object Repository/Page_Identifiktor a heslo fyzickej osoby - Iam.Web/input_Zabudnut heslo_btn-continue' is clicked on

17-04-2024T15:22:19 - [MESSAGE][WARNING] - Timeout '0' is invalid. Using default page load timeout: '30'

17-04-2024T15:22:23 - [MESSAGE][PASSED] - Object 'Object Repository/Page_Detail podania  Elektronick sluby port_bcdefc/a_Odhlsi' is present

17-04-2024T15:22:24 - [TEST_STEP][PASSED] - log.logInfo("Prihlasenie uspesne"): Prihlasenie uspesne

17-04-2024T15:22:24 - [MESSAGE][INFO] - Prihlasenie uspesne

17-04-2024T15:22:24 - [TEST_STEP][PASSED] - click(findTestObject("Object Repository/Page_Portl elektronickch sluieb regionlneho_9bdbd3/a_Pedagogick a odborn zamestnanec")): Object: 'Object Repository/Page_Portl elektronickch sluieb regionlneho_9bdbd3/a_Pedagogick a odborn zamestnanec' is clicked on

17-04-2024T15:22:24 - [MESSAGE][PASSED] - Object: 'Object Repository/Page_Portl elektronickch sluieb regionlneho_9bdbd3/a_Pedagogick a odborn zamestnanec' is clicked on

17-04-2024T15:22:24 - [TEST_STEP][PASSED] - click(findTestObject("Object Repository/Page_Elektronick sluby pre pedagogickch a o_83fa6f/a_Podvanie iadosti o piku pre pedaggov z Fo_d7a76f")): Object: 'Object Repository/Page_Elektronick sluby pre pedagogickch a o_83fa6f/a_Podvanie iadosti o piku pre pedaggov z Fo_d7a76f' is clicked on

17-04-2024T15:22:25 - [MESSAGE][PASSED] - Object: 'Object Repository/Page_Elektronick sluby pre pedagogickch a o_83fa6f/a_Podvanie iadosti o piku pre pedaggov z Fo_d7a76f' is clicked on

17-04-2024T15:22:25 - [TEST_STEP][PASSED] - click(findTestObject("Object Repository/Page_Podvanie iadosti o piku pre pedaggov z_981991/a_Prejs na podvanie iadosti o piku pre peda_d8ef74")): Object: 'Object Repository/Page_Podvanie iadosti o piku pre pedaggov z_981991/a_Prejs na podvanie iadosti o piku pre peda_d8ef74' is clicked on

17-04-2024T15:22:47 - [MESSAGE][PASSED] - Object: 'Object Repository/Page_Podvanie iadosti o piku pre pedaggov z_981991/a_Prejs na podvanie iadosti o piku pre peda_d8ef74' is clicked on

17-04-2024T15:22:47 - [TEST_STEP][PASSED] - waitForElementPresent(findTestObject("Page_Formulr Podvanie iadosti o piku pre pe_fbb4f4/span_ESRVS-2024-2188"), 30, STOP_ON_FAILURE): Object 'Object Repository/Page_Formulr Podvanie iadosti o piku pre pe_fbb4f4/span_ESRVS-2024-2188' is present

17-04-2024T15:23:00 - [MESSAGE][PASSED] - Object 'Object Repository/Page_Formulr Podvanie iadosti o piku pre pe_fbb4f4/span_ESRVS-2024-2188' is present

17-04-2024T15:23:00 - [TEST_STEP][PASSED] - identifikator = getText(findTestObject("Object Repository/Page_Formulr Podvanie iadosti o piku pre pe_fbb4f4/span_ESRVS-2024-2188")): Text of object 'Object Repository/Page_Formulr Podvanie iadosti o piku pre pe_fbb4f4/span_ESRVS-2024-2188' is: 'ESRVS-2024-2242'

17-04-2024T15:23:04 - [MESSAGE][PASSED] - Text of object 'Object Repository/Page_Formulr Podvanie iadosti o piku pre pe_fbb4f4/span_ESRVS-2024-2188' is: 'ESRVS-2024-2242'

17-04-2024T15:23:04 - [TEST_STEP][PASSED] - verifyElementText(findTestObject("Page_Formulr Podvanie iadosti o piku pre pe_fbb4f4/span_ESRVS-2024-2188"), identifikator): Actual text and expected text of test object 'Object Repository/Page_Formulr Podvanie iadosti o piku pre pe_fbb4f4/span_ESRVS-2024-2188' are matched.

17-04-2024T15:23:04 - [MESSAGE][PASSED] - Actual text and expected text of test object 'Object Repository/Page_Formulr Podvanie iadosti o piku pre pe_fbb4f4/span_ESRVS-2024-2188' are matched.

17-04-2024T15:23:04 - [TEST_STEP][PASSED] - setText(findTestObject("Object Repository/Page_Formulr Podvanie iadosti o piku pre pe_fbb4f4/input_Zadajte najvy zskan titul (v prpade v_aad6cd"), "Ing."): Text 'Ing.' is set on object 'Object Repository/Page_Formulr Podvanie iadosti o piku pre pe_fbb4f4/input_Zadajte najvy zskan titul (v prpade v_aad6cd'

17-04-2024T15:23:05 - [MESSAGE][PASSED] - Text 'Ing.' is set on object 'Object Repository/Page_Formulr Podvanie iadosti o piku pre pe_fbb4f4/input_Zadajte najvy zskan titul (v prpade v_aad6cd'

17-04-2024T15:23:05 - [TEST_STEP][PASSED] - verifyElementText(findTestObject("Object Repository/Page_Formulr Podvanie iadosti o piku pre pe_fbb4f4/span_Marek"), "Marek"): Actual text and expected text of test object 'Object Repository/Page_Formulr Podvanie iadosti o piku pre pe_fbb4f4/span_Marek' are matched.

17-04-2024T15:23:05 - [MESSAGE][PASSED] - Actual text and expected text of test object 'Object Repository/Page_Formulr Podvanie iadosti o piku pre pe_fbb4f4/span_Marek' are matched.

17-04-2024T15:23:05 - [TEST_STEP][PASSED] - verifyElementText(findTestObject("Object Repository/Page_Formulr Podvanie iadosti o piku pre pe_fbb4f4/span_Tirpk"), "Tirpák"): Actual text and expected text of test object 'Object Repository/Page_Formulr Podvanie iadosti o piku pre pe_fbb4f4/span_Tirpk' are matched.

17-04-2024T15:23:06 - [MESSAGE][PASSED] - Actual text and expected text of test object 'Object Repository/Page_Formulr Podvanie iadosti o piku pre pe_fbb4f4/span_Tirpk' are matched.

17-04-2024T15:23:06 - [TEST_STEP][PASSED] - verifyElementText(findTestObject("Object Repository/Page_Formulr Podvanie iadosti o piku pre pe_fbb4f4/span_8001010017"), "8001010017"): Actual text and expected text of test object 'Object Repository/Page_Formulr Podvanie iadosti o piku pre pe_fbb4f4/span_8001010017' are matched.

17-04-2024T15:23:06 - [MESSAGE][PASSED] - Actual text and expected text of test object 'Object Repository/Page_Formulr Podvanie iadosti o piku pre pe_fbb4f4/span_8001010017' are matched.

17-04-2024T15:23:06 - [TEST_STEP][PASSED] - verifyElementText(findTestObject("Object Repository/Page_Formulr Podvanie iadosti o piku pre pe_fbb4f4/span_01.01.1980"), "01.01.1980"): Actual text and expected text of test object 'Object Repository/Page_Formulr Podvanie iadosti o piku pre pe_fbb4f4/span_01.01.1980' are matched.

17-04-2024T15:23:06 - [MESSAGE][PASSED] - Actual text and expected text of test object 'Object Repository/Page_Formulr Podvanie iadosti o piku pre pe_fbb4f4/span_01.01.1980' are matched.

17-04-2024T15:23:06 - [TEST_STEP][PASSED] - click(findTestObject("Object Repository/Page_Formulr Podvanie iadosti o piku pre pe_fbb4f4/label_In")): Object: 'Object Repository/Page_Formulr Podvanie iadosti o piku pre pe_fbb4f4/label_In' is clicked on

17-04-2024T15:23:07 - [MESSAGE][PASSED] - Object: 'Object Repository/Page_Formulr Podvanie iadosti o piku pre pe_fbb4f4/label_In' is clicked on

17-04-2024T15:23:07 - [TEST_STEP][PASSED] - setText(findTestObject("Object Repository/Page_Formulr Podvanie iadosti o piku pre pe_fbb4f4/input_Zadajte PS trvalho pobytu_UI_V_ZP_in__f1f09d"), "07865"): Text '07865' is set on object 'Object Repository/Page_Formulr Podvanie iadosti o piku pre pe_fbb4f4/input_Zadajte PS trvalho pobytu_UI_V_ZP_in__f1f09d'

17-04-2024T15:23:07 - [MESSAGE][PASSED] - Text '07865' is set on object 'Object Repository/Page_Formulr Podvanie iadosti o piku pre pe_fbb4f4/input_Zadajte PS trvalho pobytu_UI_V_ZP_in__f1f09d'

17-04-2024T15:23:08 - [TEST_STEP][PASSED] - click(findTestObject("Object Repository/Page_Formulr Podvanie iadosti o piku pre pe_fbb4f4/label_Nie")): Object: 'Object Repository/Page_Formulr Podvanie iadosti o piku pre pe_fbb4f4/label_Nie' is clicked on

17-04-2024T15:23:08 - [MESSAGE][PASSED] - Object: 'Object Repository/Page_Formulr Podvanie iadosti o piku pre pe_fbb4f4/label_Nie' is clicked on

17-04-2024T15:23:08 - [TEST_STEP][PASSED] - setText(findTestObject("Object Repository/Page_Formulr Podvanie iadosti o piku pre pe_fbb4f4/input_Zadajte obec alebo mesto, kam bude v _9b039a"), "Košice-Juh"): Text 'Košice-Juh' is set on object 'Object Repository/Page_Formulr Podvanie iadosti o piku pre pe_fbb4f4/input_Zadajte obec alebo mesto, kam bude v _9b039a'

17-04-2024T15:23:09 - [MESSAGE][PASSED] - Text 'Košice-Juh' is set on object 'Object Repository/Page_Formulr Podvanie iadosti o piku pre pe_fbb4f4/input_Zadajte obec alebo mesto, kam bude v _9b039a'

17-04-2024T15:23:09 - [TEST_STEP][PASSED] - click(findTestObject("Object Repository/Page_Formulr Podvanie iadosti o piku pre pedaggov z Fondu na podporu vzdelvania  Elektronick sluby portlu regionlneho a vysokho kolstva/div_Koice-Juh (Koice IV)")): Object: 'Object Repository/Page_Formulr Podvanie iadosti o piku pre pedaggov z Fondu na podporu vzdelvania  Elektronick sluby portlu regionlneho a vysokho kolstva/div_Koice-Juh (Koice IV)' is clicked on

17-04-2024T15:23:09 - [MESSAGE][PASSED] - Object: 'Object Repository/Page_Formulr Podvanie iadosti o piku pre pedaggov z Fondu na podporu vzdelvania  Elektronick sluby portlu regionlneho a vysokho kolstva/div_Koice-Juh (Koice IV)' is clicked on

17-04-2024T15:23:09 - [TEST_STEP][PASSED] - setText(findTestObject("Object Repository/Page_Formulr Podvanie iadosti o piku pre pe_fbb4f4/input_Zadajte ulicu, kam bude v prpade potr_a6c0b2"), "Vymyslená"): Text 'Vymyslená' is set on object 'Object Repository/Page_Formulr Podvanie iadosti o piku pre pe_fbb4f4/input_Zadajte ulicu, kam bude v prpade potr_a6c0b2'

17-04-2024T15:23:10 - [MESSAGE][PASSED] - Text 'Vymyslená' is set on object 'Object Repository/Page_Formulr Podvanie iadosti o piku pre pe_fbb4f4/input_Zadajte ulicu, kam bude v prpade potr_a6c0b2'

17-04-2024T15:23:10 - [TEST_STEP][PASSED] - setText(findTestObject("Object Repository/Page_Formulr Podvanie iadosti o piku pre pe_fbb4f4/input_Zadajte spisn slo, kam bude v prpade _a00d5c"), "98"): Text '98' is set on object 'Object Repository/Page_Formulr Podvanie iadosti o piku pre pe_fbb4f4/input_Zadajte spisn slo, kam bude v prpade _a00d5c'

17-04-2024T15:23:11 - [MESSAGE][PASSED] - Text '98' is set on object 'Object Repository/Page_Formulr Podvanie iadosti o piku pre pe_fbb4f4/input_Zadajte spisn slo, kam bude v prpade _a00d5c'

17-04-2024T15:23:11 - [TEST_STEP][PASSED] - setText(findTestObject("Object Repository/Page_Formulr Podvanie iadosti o piku pre pe_fbb4f4/input_Zadajte orientan slo, kam bude v prpa_557c52"), "55"): Text '55' is set on object 'Object Repository/Page_Formulr Podvanie iadosti o piku pre pe_fbb4f4/input_Zadajte orientan slo, kam bude v prpa_557c52'

17-04-2024T15:23:11 - [MESSAGE][PASSED] - Text '55' is set on object 'Object Repository/Page_Formulr Podvanie iadosti o piku pre pe_fbb4f4/input_Zadajte orientan slo, kam bude v prpa_557c52'

17-04-2024T15:23:11 - [TEST_STEP][PASSED] - setText(findTestObject("Object Repository/Page_Formulr Podvanie iadosti o piku pre pe_fbb4f4/input_Zadajte PS, kam bude v prpade potreby_22cb62"), "01265"): Text '01265' is set on object 'Object Repository/Page_Formulr Podvanie iadosti o piku pre pe_fbb4f4/input_Zadajte PS, kam bude v prpade potreby_22cb62'

17-04-2024T15:23:12 - [MESSAGE][PASSED] - Text '01265' is set on object 'Object Repository/Page_Formulr Podvanie iadosti o piku pre pe_fbb4f4/input_Zadajte PS, kam bude v prpade potreby_22cb62'

17-04-2024T15:23:12 - [TEST_STEP][PASSED] - click(findTestObject("Object Repository/Page_Formulr Podvanie iadosti o piku pre pe_fbb4f4/input_Zadajte kontaktn e-mailov adresu_UI_V_aee6cc")): Object: 'Object Repository/Page_Formulr Podvanie iadosti o piku pre pe_fbb4f4/input_Zadajte kontaktn e-mailov adresu_UI_V_aee6cc' is clicked on

17-04-2024T15:23:12 - [MESSAGE][PASSED] - Object: 'Object Repository/Page_Formulr Podvanie iadosti o piku pre pe_fbb4f4/input_Zadajte kontaktn e-mailov adresu_UI_V_aee6cc' is clicked on

17-04-2024T15:23:12 - [TEST_STEP][PASSED] - setText(findTestObject("Object Repository/Page_Formulr Podvanie iadosti o piku pre pe_fbb4f4/input_Zadajte kontaktn e-mailov adresu_UI_V_aee6cc"), email): Text 'barcik@ditec.sk' is set on object 'Object Repository/Page_Formulr Podvanie iadosti o piku pre pe_fbb4f4/input_Zadajte kontaktn e-mailov adresu_UI_V_aee6cc'

17-04-2024T15:23:13 - [MESSAGE][PASSED] - Text 'barcik@ditec.sk' is set on object 'Object Repository/Page_Formulr Podvanie iadosti o piku pre pe_fbb4f4/input_Zadajte kontaktn e-mailov adresu_UI_V_aee6cc'

17-04-2024T15:23:13 - [TEST_STEP][PASSED] - setText(findTestObject("Object Repository/Page_Formulr Podvanie iadosti o piku pre pe_fbb4f4/input_Zadajte telefnne slo vrtane medzinrod_dbbd6c"), "+421456321789"): Text '+421456321789' is set on object 'Object Repository/Page_Formulr Podvanie iadosti o piku pre pe_fbb4f4/input_Zadajte telefnne slo vrtane medzinrod_dbbd6c'

17-04-2024T15:23:14 - [MESSAGE][PASSED] - Text '+421456321789' is set on object 'Object Repository/Page_Formulr Podvanie iadosti o piku pre pe_fbb4f4/input_Zadajte telefnne slo vrtane medzinrod_dbbd6c'

17-04-2024T15:23:14 - [TEST_STEP][PASSED] - click(findTestObject("Object Repository/Page_Formulr Podvanie iadosti o piku pre pe_fbb4f4/input_Vyberte minimlne jednu, alebo viac mo_04f0d9")): Object: 'Object Repository/Page_Formulr Podvanie iadosti o piku pre pe_fbb4f4/input_Vyberte minimlne jednu, alebo viac mo_04f0d9' is clicked on

17-04-2024T15:23:15 - [MESSAGE][PASSED] - Object: 'Object Repository/Page_Formulr Podvanie iadosti o piku pre pe_fbb4f4/input_Vyberte minimlne jednu, alebo viac mo_04f0d9' is clicked on

17-04-2024T15:23:15 - [TEST_STEP][PASSED] - click(findTestObject("Object Repository/Page_Formulr Podvanie iadosti o piku pre pe_fbb4f4/input_doktorand v dennej forme tdia_UI_V_ZP_9333fb")): Object: 'Object Repository/Page_Formulr Podvanie iadosti o piku pre pe_fbb4f4/input_doktorand v dennej forme tdia_UI_V_ZP_9333fb' is clicked on

17-04-2024T15:23:15 - [MESSAGE][PASSED] - Object: 'Object Repository/Page_Formulr Podvanie iadosti o piku pre pe_fbb4f4/input_doktorand v dennej forme tdia_UI_V_ZP_9333fb' is clicked on

17-04-2024T15:23:15 - [TEST_STEP][PASSED] - if (verifyElementClickable(findTestObject("Object Repository/Page_Formulr Podvanie iadosti o piku pre pe_fbb4f4/button_Pokraova"))): null

17-04-2024T15:23:15 - [MESSAGE][PASSED] - Object 'Object Repository/Page_Formulr Podvanie iadosti o piku pre pe_fbb4f4/button_Pokraova' is clickable

17-04-2024T15:23:15 - [TEST_STEP][PASSED] - log.logInfo("Udaje korektne zadane"): Udaje korektne zadane

17-04-2024T15:23:15 - [MESSAGE][INFO] - Udaje korektne zadane

17-04-2024T15:23:15 - [TEST_STEP][PASSED] - click(findTestObject("Object Repository/Page_Formulr Podvanie iadosti o piku pre pe_fbb4f4/button_Pokraova")): Object: 'Object Repository/Page_Formulr Podvanie iadosti o piku pre pe_fbb4f4/button_Pokraova' is clicked on

17-04-2024T15:23:16 - [MESSAGE][PASSED] - Object: 'Object Repository/Page_Formulr Podvanie iadosti o piku pre pe_fbb4f4/button_Pokraova' is clicked on

17-04-2024T15:23:16 - [TEST_STEP][PASSED] - setText(findTestObject("Object Repository/Page_Formulr Podvanie iadosti o piku pre pe_fbb4f4/input_Poadovan vka piky (zaokrhlene na stov_c8e10c"), "15000"): Text '15000' is set on object 'Object Repository/Page_Formulr Podvanie iadosti o piku pre pe_fbb4f4/input_Poadovan vka piky (zaokrhlene na stov_c8e10c'

17-04-2024T15:23:17 - [MESSAGE][PASSED] - Text '15000' is set on object 'Object Repository/Page_Formulr Podvanie iadosti o piku pre pe_fbb4f4/input_Poadovan vka piky (zaokrhlene na stov_c8e10c'

17-04-2024T15:23:17 - [TEST_STEP][PASSED] - setText(findTestObject("Object Repository/Page_Formulr Podvanie iadosti o piku pre pe_fbb4f4/input_Zadajte poadovan splatnos piky na cel_03b518"), "15"): Text '15' is set on object 'Object Repository/Page_Formulr Podvanie iadosti o piku pre pe_fbb4f4/input_Zadajte poadovan splatnos piky na cel_03b518'

17-04-2024T15:23:17 - [MESSAGE][PASSED] - Text '15' is set on object 'Object Repository/Page_Formulr Podvanie iadosti o piku pre pe_fbb4f4/input_Zadajte poadovan splatnos piky na cel_03b518'

17-04-2024T15:23:17 - [TEST_STEP][PASSED] - click(findTestObject("Object Repository/Page_Formulr Podvanie iadosti o piku pre pe_fbb4f4/button_Pokraova")): Object: 'Object Repository/Page_Formulr Podvanie iadosti o piku pre pe_fbb4f4/button_Pokraova' is clicked on

17-04-2024T15:23:18 - [MESSAGE][PASSED] - Object: 'Object Repository/Page_Formulr Podvanie iadosti o piku pre pe_fbb4f4/button_Pokraova' is clicked on

17-04-2024T15:23:18 - [TEST_STEP][PASSED] - click(findTestObject("Object Repository/Page_Formulr Podvanie iadosti o piku pre pe_fbb4f4/input_Vygenerova potvrdenie_checkbox")): Object: 'Object Repository/Page_Formulr Podvanie iadosti o piku pre pe_fbb4f4/input_Vygenerova potvrdenie_checkbox' is clicked on

17-04-2024T15:23:18 - [MESSAGE][PASSED] - Object: 'Object Repository/Page_Formulr Podvanie iadosti o piku pre pe_fbb4f4/input_Vygenerova potvrdenie_checkbox' is clicked on

17-04-2024T15:23:18 - [TEST_STEP][PASSED] - click(findTestObject("Object Repository/Page_Formulr Podvanie iadosti o piku pre pe_fbb4f4/button_Odstrni")): Object: 'Object Repository/Page_Formulr Podvanie iadosti o piku pre pe_fbb4f4/button_Odstrni' is clicked on

17-04-2024T15:23:19 - [MESSAGE][PASSED] - Object: 'Object Repository/Page_Formulr Podvanie iadosti o piku pre pe_fbb4f4/button_Odstrni' is clicked on

17-04-2024T15:23:19 - [TEST_STEP][PASSED] - click(findTestObject("Object Repository/Page_Formulr Podvanie iadosti o piku pre pe_fbb4f4/input_Vygenerova potvrdenie_checkbox")): Object: 'Object Repository/Page_Formulr Podvanie iadosti o piku pre pe_fbb4f4/input_Vygenerova potvrdenie_checkbox' is clicked on

17-04-2024T15:23:20 - [MESSAGE][PASSED] - Object: 'Object Repository/Page_Formulr Podvanie iadosti o piku pre pe_fbb4f4/input_Vygenerova potvrdenie_checkbox' is clicked on

17-04-2024T15:23:20 - [TEST_STEP][PASSED] - click(findTestObject("Object Repository/Page_Formulr Podvanie iadosti o piku pre pe_fbb4f4/button_Odstrni")): Object: 'Object Repository/Page_Formulr Podvanie iadosti o piku pre pe_fbb4f4/button_Odstrni' is clicked on

17-04-2024T15:23:20 - [MESSAGE][PASSED] - Object: 'Object Repository/Page_Formulr Podvanie iadosti o piku pre pe_fbb4f4/button_Odstrni' is clicked on

17-04-2024T15:23:20 - [TEST_STEP][PASSED] - click(findTestObject("Object Repository/Page_Formulr Podvanie iadosti o piku pre pe_fbb4f4/button_Prida")): Object: 'Object Repository/Page_Formulr Podvanie iadosti o piku pre pe_fbb4f4/button_Prida' is clicked on

17-04-2024T15:23:21 - [MESSAGE][PASSED] - Object: 'Object Repository/Page_Formulr Podvanie iadosti o piku pre pe_fbb4f4/button_Prida' is clicked on

17-04-2024T15:23:21 - [TEST_STEP][PASSED] - setText(findTestObject("Object Repository/Page_Formulr Podvanie iadosti o piku pre pe_fbb4f4/input_Uvete presn nzov zamestnvatea, kde pr_ffa6a4"), "škola 1"): Text 'škola 1' is set on object 'Object Repository/Page_Formulr Podvanie iadosti o piku pre pe_fbb4f4/input_Uvete presn nzov zamestnvatea, kde pr_ffa6a4'

17-04-2024T15:23:21 - [MESSAGE][PASSED] - Text 'škola 1' is set on object 'Object Repository/Page_Formulr Podvanie iadosti o piku pre pe_fbb4f4/input_Uvete presn nzov zamestnvatea, kde pr_ffa6a4'

17-04-2024T15:23:21 - [TEST_STEP][PASSED] - setText(findTestObject("Object Repository/Page_Formulr Podvanie iadosti o piku pre pe_fbb4f4/input_Poloka mus by vyplnen_UI_V_ZP_in_Udaj_cdc09e"), "tst@tst.sk"): Text 'tst@tst.sk' is set on object 'Object Repository/Page_Formulr Podvanie iadosti o piku pre pe_fbb4f4/input_Poloka mus by vyplnen_UI_V_ZP_in_Udaj_cdc09e'

17-04-2024T15:23:22 - [MESSAGE][PASSED] - Text 'tst@tst.sk' is set on object 'Object Repository/Page_Formulr Podvanie iadosti o piku pre pe_fbb4f4/input_Poloka mus by vyplnen_UI_V_ZP_in_Udaj_cdc09e'

17-04-2024T15:23:22 - [TEST_STEP][PASSED] - setText(findTestObject("Object Repository/Page_Formulr Podvanie iadosti o piku pre pe_fbb4f4/input_Vyhadajte obec po zadan prvch 3 znako_4b7030"), "Martin"): Text 'Martin' is set on object 'Object Repository/Page_Formulr Podvanie iadosti o piku pre pe_fbb4f4/input_Vyhadajte obec po zadan prvch 3 znako_4b7030'

17-04-2024T15:23:23 - [MESSAGE][PASSED] - Text 'Martin' is set on object 'Object Repository/Page_Formulr Podvanie iadosti o piku pre pe_fbb4f4/input_Vyhadajte obec po zadan prvch 3 znako_4b7030'

17-04-2024T15:23:23 - [TEST_STEP][PASSED] - click(findTestObject("Object Repository/Page_Formulr Podvanie iadosti o piku pre pe_fbb4f4/div_Martin (Martin)")): Object: 'Object Repository/Page_Formulr Podvanie iadosti o piku pre pe_fbb4f4/div_Martin (Martin)' is clicked on

17-04-2024T15:23:24 - [MESSAGE][PASSED] - Object: 'Object Repository/Page_Formulr Podvanie iadosti o piku pre pe_fbb4f4/div_Martin (Martin)' is clicked on

17-04-2024T15:23:24 - [TEST_STEP][PASSED] - setText(findTestObject("Object Repository/Page_Formulr Podvanie iadosti o piku pre pe_fbb4f4/input_Spisn slo_UI_V_ZP_in_AdresaZamestnava_d21fa0"), "55"): Text '55' is set on object 'Object Repository/Page_Formulr Podvanie iadosti o piku pre pe_fbb4f4/input_Spisn slo_UI_V_ZP_in_AdresaZamestnava_d21fa0'

17-04-2024T15:23:25 - [MESSAGE][PASSED] - Text '55' is set on object 'Object Repository/Page_Formulr Podvanie iadosti o piku pre pe_fbb4f4/input_Spisn slo_UI_V_ZP_in_AdresaZamestnava_d21fa0'

17-04-2024T15:23:25 - [TEST_STEP][PASSED] - setText(findTestObject("Object Repository/Page_Formulr Podvanie iadosti o piku pre pe_fbb4f4/input_Poloka mus by vyplnen_UI_V_ZP_in_Adre_3a19c5"), "65458"): Text '65458' is set on object 'Object Repository/Page_Formulr Podvanie iadosti o piku pre pe_fbb4f4/input_Poloka mus by vyplnen_UI_V_ZP_in_Adre_3a19c5'

17-04-2024T15:23:25 - [MESSAGE][PASSED] - Text '65458' is set on object 'Object Repository/Page_Formulr Podvanie iadosti o piku pre pe_fbb4f4/input_Poloka mus by vyplnen_UI_V_ZP_in_Adre_3a19c5'

17-04-2024T15:23:25 - [TEST_STEP][PASSED] - setText(findTestObject("Object Repository/Page_Formulr Podvanie iadosti o piku pre pe_fbb4f4/input_Uvete presn nzov pracovnej pozcie_UI__8f6d79"), "gh"): Text 'gh' is set on object 'Object Repository/Page_Formulr Podvanie iadosti o piku pre pe_fbb4f4/input_Uvete presn nzov pracovnej pozcie_UI__8f6d79'

17-04-2024T15:23:26 - [MESSAGE][PASSED] - Text 'gh' is set on object 'Object Repository/Page_Formulr Podvanie iadosti o piku pre pe_fbb4f4/input_Uvete presn nzov pracovnej pozcie_UI__8f6d79'

17-04-2024T15:23:26 - [TEST_STEP][PASSED] - setText(findTestObject("Object Repository/Page_Formulr Podvanie iadosti o piku pre pe_fbb4f4/input_De_UI_V_ZP_in_PracovnaPozicia_DatumNa_0fb358"), "4"): Text '4' is set on object 'Object Repository/Page_Formulr Podvanie iadosti o piku pre pe_fbb4f4/input_De_UI_V_ZP_in_PracovnaPozicia_DatumNa_0fb358'

17-04-2024T15:23:27 - [MESSAGE][PASSED] - Text '4' is set on object 'Object Repository/Page_Formulr Podvanie iadosti o piku pre pe_fbb4f4/input_De_UI_V_ZP_in_PracovnaPozicia_DatumNa_0fb358'

17-04-2024T15:23:27 - [TEST_STEP][PASSED] - setText(findTestObject("Object Repository/Page_Formulr Podvanie iadosti o piku pre pe_fbb4f4/input_Mesiac_UI_V_ZP_in_PracovnaPozicia_Dat_7d96bd"), "4"): Text '4' is set on object 'Object Repository/Page_Formulr Podvanie iadosti o piku pre pe_fbb4f4/input_Mesiac_UI_V_ZP_in_PracovnaPozicia_Dat_7d96bd'

17-04-2024T15:23:28 - [MESSAGE][PASSED] - Text '4' is set on object 'Object Repository/Page_Formulr Podvanie iadosti o piku pre pe_fbb4f4/input_Mesiac_UI_V_ZP_in_PracovnaPozicia_Dat_7d96bd'

17-04-2024T15:23:28 - [TEST_STEP][PASSED] - setText(findTestObject("Object Repository/Page_Formulr Podvanie iadosti o piku pre pe_fbb4f4/input_Rok_UI_V_ZP_in_PracovnaPozicia_DatumN_103076"), "2005"): Text '2005' is set on object 'Object Repository/Page_Formulr Podvanie iadosti o piku pre pe_fbb4f4/input_Rok_UI_V_ZP_in_PracovnaPozicia_DatumN_103076'

17-04-2024T15:23:28 - [MESSAGE][PASSED] - Text '2005' is set on object 'Object Repository/Page_Formulr Podvanie iadosti o piku pre pe_fbb4f4/input_Rok_UI_V_ZP_in_PracovnaPozicia_DatumN_103076'

17-04-2024T15:23:28 - [TEST_STEP][PASSED] - click(findTestObject("Object Repository/Page_Formulr Podvanie iadosti o piku pre pe_fbb4f4/input_Muste vybra aspo jednu monos_UI_V_ZP__218c8d")): Object: 'Object Repository/Page_Formulr Podvanie iadosti o piku pre pe_fbb4f4/input_Muste vybra aspo jednu monos_UI_V_ZP__218c8d' is clicked on

17-04-2024T15:23:29 - [MESSAGE][PASSED] - Object: 'Object Repository/Page_Formulr Podvanie iadosti o piku pre pe_fbb4f4/input_Muste vybra aspo jednu monos_UI_V_ZP__218c8d' is clicked on

17-04-2024T15:23:29 - [TEST_STEP][PASSED] - click(findTestObject("Page_Formulr Podvanie iadosti o piku pre pedaggov z Fondu na podporu vzdelvania  Elektronick sluby portlu regionlneho a vysokho kolstva/input_Poloka mus by vyplnen_UI_V_ZP_in_PracovnaPozicia_TypZmluvy-group-2")): Object: 'Object Repository/Page_Formulr Podvanie iadosti o piku pre pedaggov z Fondu na podporu vzdelvania  Elektronick sluby portlu regionlneho a vysokho kolstva/input_Poloka mus by vyplnen_UI_V_ZP_in_PracovnaPozicia_TypZmluvy-group-2' is clicked on

17-04-2024T15:23:29 - [MESSAGE][PASSED] - Object: 'Object Repository/Page_Formulr Podvanie iadosti o piku pre pedaggov z Fondu na podporu vzdelvania  Elektronick sluby portlu regionlneho a vysokho kolstva/input_Poloka mus by vyplnen_UI_V_ZP_in_PracovnaPozicia_TypZmluvy-group-2' is clicked on

17-04-2024T15:23:29 - [TEST_STEP][PASSED] - click(findTestObject("Page_Formulr Podvanie iadosti o piku pre pedaggov z Fondu na podporu vzdelvania  Elektronick sluby portlu regionlneho a vysokho kolstva/input_Poloka mus by vyplnen_UI_V_ZP_in_PracovnaPozicia_DruhZmluvy-group-2")): Object: 'Object Repository/Page_Formulr Podvanie iadosti o piku pre pedaggov z Fondu na podporu vzdelvania  Elektronick sluby portlu regionlneho a vysokho kolstva/input_Poloka mus by vyplnen_UI_V_ZP_in_PracovnaPozicia_DruhZmluvy-group-2' is clicked on

17-04-2024T15:23:30 - [MESSAGE][PASSED] - Object: 'Object Repository/Page_Formulr Podvanie iadosti o piku pre pedaggov z Fondu na podporu vzdelvania  Elektronick sluby portlu regionlneho a vysokho kolstva/input_Poloka mus by vyplnen_UI_V_ZP_in_PracovnaPozicia_DruhZmluvy-group-2' is clicked on

17-04-2024T15:23:30 - [TEST_STEP][PASSED] - check(findTestObject("Page_Formulr Podvanie iadosti o piku pre pedaggov z Fondu na podporu vzdelvania  Elektronick sluby portlu regionlneho a vysokho kolstva/input_Poloka mus by vyplnen_UI_V_ZP_in_PracovnaPozicia_PedagogickaCinnost-group-2")): Object 'Object Repository/Page_Formulr Podvanie iadosti o piku pre pedaggov z Fondu na podporu vzdelvania  Elektronick sluby portlu regionlneho a vysokho kolstva/input_Poloka mus by vyplnen_UI_V_ZP_in_PracovnaPozicia_PedagogickaCinnost-group-2' is checked

17-04-2024T15:23:30 - [MESSAGE][PASSED] - Object 'Object Repository/Page_Formulr Podvanie iadosti o piku pre pedaggov z Fondu na podporu vzdelvania  Elektronick sluby portlu regionlneho a vysokho kolstva/input_Poloka mus by vyplnen_UI_V_ZP_in_PracovnaPozicia_PedagogickaCinnost-group-2' is checked

17-04-2024T15:23:30 - [TEST_STEP][PASSED] - setText(findTestObject("Object Repository/Page_Formulr Podvanie iadosti o piku pre pe_fbb4f4/input_Poloka mus by vyplnen_UI_V_ZP_in_Prac_796394"), "1000"): Text '1000' is set on object 'Object Repository/Page_Formulr Podvanie iadosti o piku pre pe_fbb4f4/input_Poloka mus by vyplnen_UI_V_ZP_in_Prac_796394'

17-04-2024T15:23:31 - [MESSAGE][PASSED] - Text '1000' is set on object 'Object Repository/Page_Formulr Podvanie iadosti o piku pre pe_fbb4f4/input_Poloka mus by vyplnen_UI_V_ZP_in_Prac_796394'

17-04-2024T15:23:31 - [TEST_STEP][PASSED] - setText(findTestObject("Object Repository/Page_Formulr Podvanie iadosti o piku pre pe_fbb4f4/input_Poloka mus by vyplnen_UI_V_ZP_in_Prac_cae66d"), "800"): Text '800' is set on object 'Object Repository/Page_Formulr Podvanie iadosti o piku pre pe_fbb4f4/input_Poloka mus by vyplnen_UI_V_ZP_in_Prac_cae66d'

17-04-2024T15:23:32 - [MESSAGE][PASSED] - Text '800' is set on object 'Object Repository/Page_Formulr Podvanie iadosti o piku pre pe_fbb4f4/input_Poloka mus by vyplnen_UI_V_ZP_in_Prac_cae66d'

17-04-2024T15:23:32 - [TEST_STEP][PASSED] - click(findTestObject("Object Repository/Page_Formulr Podvanie iadosti o piku pre pe_fbb4f4/button_Uloi")): Object: 'Object Repository/Page_Formulr Podvanie iadosti o piku pre pe_fbb4f4/button_Uloi' is clicked on

17-04-2024T15:23:32 - [MESSAGE][PASSED] - Object: 'Object Repository/Page_Formulr Podvanie iadosti o piku pre pe_fbb4f4/button_Uloi' is clicked on

17-04-2024T15:23:32 - [TEST_STEP][PASSED] - click(findTestObject("Object Repository/Page_Formulr Podvanie iadosti o piku pre pe_fbb4f4/a_Vygenerova potvrdenie")): Object: 'Object Repository/Page_Formulr Podvanie iadosti o piku pre pe_fbb4f4/a_Vygenerova potvrdenie' is clicked on

17-04-2024T15:23:33 - [MESSAGE][PASSED] - Object: 'Object Repository/Page_Formulr Podvanie iadosti o piku pre pe_fbb4f4/a_Vygenerova potvrdenie' is clicked on

17-04-2024T15:23:33 - [TEST_STEP][PASSED] - if (verifyElementClickable(findTestObject("Object Repository/Page_Formulr Podvanie iadosti o piku pre pe_fbb4f4/button_Pokraova"))): null

17-04-2024T15:23:42 - [MESSAGE][PASSED] - Object 'Object Repository/Page_Formulr Podvanie iadosti o piku pre pe_fbb4f4/button_Pokraova' is clickable

17-04-2024T15:23:42 - [TEST_STEP][PASSED] - log.logInfo("Pridanie zamestnavatela uspesne"): Pridanie zamestnavatela uspesne

17-04-2024T15:23:42 - [MESSAGE][INFO] - Pridanie zamestnavatela uspesne

17-04-2024T15:23:42 - [TEST_STEP][PASSED] - delay(30): Delayed 30 second(s)

17-04-2024T15:24:12 - [MESSAGE][PASSED] - Delayed 30 second(s)

17-04-2024T15:24:12 - [TEST_STEP][PASSED] - subor = mail.ulozPrilohu(): Fire Close event sucessfully.

17-04-2024T15:24:12 - [MESSAGE][INFO] - Starting application C:\Program Files\Microsoft Office\root\Office16\OUTLOOK.EXE on the local machine at address http://127.0.0.1:4723

17-04-2024T15:24:16 - [MESSAGE][PASSED] - The application at location: C:\Program Files\Microsoft Office\root\Office16\OUTLOOK.EXE started.

17-04-2024T15:24:23 - [MESSAGE][PASSED] - Text Potvrdenie školy o zamestnaní is set

17-04-2024T15:24:29 - [MESSAGE][INFO] - Clicking on element: Object Repository/DataItem

17-04-2024T15:24:29 - [MESSAGE][PASSED] - Click on element: Object Repository/DataItem succesfully

17-04-2024T15:24:31 - [MESSAGE][INFO] - Clicking on element: Object Repository/Button

17-04-2024T15:24:31 - [MESSAGE][PASSED] - Click on element: Object Repository/Button succesfully

17-04-2024T15:24:32 - [MESSAGE][INFO] - Clicking on element: Object Repository/MenuItem

17-04-2024T15:24:32 - [MESSAGE][PASSED] - Click on element: Object Repository/MenuItem succesfully

17-04-2024T15:24:51 - [MESSAGE][PASSED] - Text  C:\Users\barcik\Katalon Studio\Ris2Formulare\Files is set

17-04-2024T15:25:01 - [MESSAGE][INFO] - Clicking on element: Object Repository/Explorer/GoTo

17-04-2024T15:25:01 - [MESSAGE][PASSED] - Click on element: Object Repository/Explorer/GoTo succesfully

17-04-2024T15:25:07 - [MESSAGE][PASSED] - Text of test object: Object Repository/Explorer/Nazov_suboru is: Podávanie žiadosti o pôžičku pre pedagógov z Fondu na podporu vzdelávania - Potvrdenie zamestnávateľa

17-04-2024T15:25:09 - [MESSAGE][INFO] - Clicking on element: Object Repository/Explorer/Save_button

17-04-2024T15:25:10 - [MESSAGE][PASSED] - Click on element: Object Repository/Explorer/Save_button succesfully

17-04-2024T15:25:10 - [MESSAGE][WARNING] - Timeout '0' is invalid. Using default page load timeout: '30'

17-04-2024T15:25:14 - [MESSAGE][PASSED] - Object 'Object Repository/Explorer/Yes_button' is present

17-04-2024T15:25:19 - [MESSAGE][INFO] - Clicking on element: Object Repository/Explorer/Yes_button

17-04-2024T15:25:19 - [MESSAGE][PASSED] - Click on element: Object Repository/Explorer/Yes_button succesfully

17-04-2024T15:25:19 - [MESSAGE][INFO] - subor uspesne ulozeny

17-04-2024T15:25:23 - [MESSAGE][INFO] - Clicking on element: Object Repository/TabItem

17-04-2024T15:25:23 - [MESSAGE][PASSED] - Click on element: Object Repository/TabItem succesfully

17-04-2024T15:25:27 - [MESSAGE][INFO] - Clicking on element: Object Repository/Button(3)

17-04-2024T15:25:27 - [MESSAGE][PASSED] - Click on element: Object Repository/Button(3) succesfully

17-04-2024T15:25:27 - [MESSAGE][PASSED] - Ulozenie prilohy OK

17-04-2024T15:25:27 - [MESSAGE][PASSED] - Fire Close event sucessfully.

17-04-2024T15:25:27 - [TEST_STEP][PASSED] - if (mail.kontrolaDokumentu(subor, "Marek") > 1): Zhoda najdena

17-04-2024T15:25:30 - [TEST_STEP][PASSED] - log.logPassed("Zhoda najdena"): Zhoda najdena

17-04-2024T15:25:30 - [MESSAGE][PASSED] - Zhoda najdena

17-04-2024T15:25:30 - [TEST_STEP][PASSED] - if (mail.kontrolaDokumentu(subor, "Tirpák") > 1): Zhoda najdena

17-04-2024T15:25:30 - [TEST_STEP][PASSED] - log.logPassed("Zhoda najdena"): Zhoda najdena

17-04-2024T15:25:30 - [MESSAGE][PASSED] - Zhoda najdena

17-04-2024T15:25:30 - [TEST_STEP][PASSED] - click(findTestObject("Object Repository/Page_Formulr Podvanie iadosti o piku pre pe_fbb4f4/button_Pokraova")): Object: 'Object Repository/Page_Formulr Podvanie iadosti o piku pre pe_fbb4f4/button_Pokraova' is clicked on

17-04-2024T15:25:31 - [MESSAGE][PASSED] - Object: 'Object Repository/Page_Formulr Podvanie iadosti o piku pre pe_fbb4f4/button_Pokraova' is clicked on

17-04-2024T15:25:31 - [TEST_STEP][PASSED] - click(findTestObject("Object Repository/Page_Formulr Podvanie iadosti o piku pre pe_fbb4f4/input_Nie_typ-27")): Object: 'Object Repository/Page_Formulr Podvanie iadosti o piku pre pe_fbb4f4/input_Nie_typ-27' is clicked on

17-04-2024T15:25:31 - [MESSAGE][PASSED] - Object: 'Object Repository/Page_Formulr Podvanie iadosti o piku pre pe_fbb4f4/input_Nie_typ-27' is clicked on

17-04-2024T15:25:31 - [TEST_STEP][PASSED] - click(findTestObject("Object Repository/Page_Formulr Podvanie iadosti o piku pre pe_fbb4f4/input_Nie_typ-29")): Object: 'Object Repository/Page_Formulr Podvanie iadosti o piku pre pe_fbb4f4/input_Nie_typ-29' is clicked on

17-04-2024T15:25:31 - [MESSAGE][PASSED] - Object: 'Object Repository/Page_Formulr Podvanie iadosti o piku pre pe_fbb4f4/input_Nie_typ-29' is clicked on

17-04-2024T15:25:31 - [TEST_STEP][PASSED] - click(findTestObject("Object Repository/Page_Formulr Podvanie iadosti o piku pre pe_fbb4f4/button_Pokraova")): Object: 'Object Repository/Page_Formulr Podvanie iadosti o piku pre pe_fbb4f4/button_Pokraova' is clicked on

17-04-2024T15:25:32 - [MESSAGE][PASSED] - Object: 'Object Repository/Page_Formulr Podvanie iadosti o piku pre pe_fbb4f4/button_Pokraova' is clicked on

17-04-2024T15:25:32 - [TEST_STEP][PASSED] - click(findTestObject("Object Repository/Page_Formulr Podvanie iadosti o piku pre pe_fbb4f4/button_Detail")): Object: 'Object Repository/Page_Formulr Podvanie iadosti o piku pre pe_fbb4f4/button_Detail' is clicked on

17-04-2024T15:25:32 - [MESSAGE][PASSED] - Object: 'Object Repository/Page_Formulr Podvanie iadosti o piku pre pe_fbb4f4/button_Detail' is clicked on

17-04-2024T15:25:32 - [TEST_STEP][PASSED] - uploadFile(findTestObject("Object Repository/Page_Formulr Podvanie iadosti o piku pre pe_fbb4f4/input_Uloi_file-upload-field"), "C:\Users\barcik\Downloads\form.573.Prehlad-24-potvrdenie-print-save_5a11da50-9aec-4f8b-a1a0-d42325a914a4.pdf"): File 'C:\Users\barcik\Downloads\form.573.Prehlad-24-potvrdenie-print-save_5a11da50-9aec-4f8b-a1a0-d42325a914a4.pdf' sent to object: 'Object Repository/Page_Formulr Podvanie iadosti o piku pre pe_fbb4f4/input_Uloi_file-upload-field'

17-04-2024T15:25:33 - [MESSAGE][PASSED] - File 'C:\Users\barcik\Downloads\form.573.Prehlad-24-potvrdenie-print-save_5a11da50-9aec-4f8b-a1a0-d42325a914a4.pdf' sent to object: 'Object Repository/Page_Formulr Podvanie iadosti o piku pre pe_fbb4f4/input_Uloi_file-upload-field'

17-04-2024T15:25:33 - [TEST_STEP][PASSED] - click(findTestObject("Object Repository/Page_Formulr Podvanie iadosti o piku pre pe_fbb4f4/button_Uloi_1_2")): Object: 'Object Repository/Page_Formulr Podvanie iadosti o piku pre pe_fbb4f4/button_Uloi_1_2' is clicked on

17-04-2024T15:25:33 - [MESSAGE][PASSED] - Object: 'Object Repository/Page_Formulr Podvanie iadosti o piku pre pe_fbb4f4/button_Uloi_1_2' is clicked on

17-04-2024T15:25:33 - [TEST_STEP][PASSED] - click(findTestObject("Object Repository/Page_Formulr Podvanie iadosti o piku pre pe_fbb4f4/button_Detail_1")): Object: 'Object Repository/Page_Formulr Podvanie iadosti o piku pre pe_fbb4f4/button_Detail_1' is clicked on

17-04-2024T15:25:34 - [MESSAGE][PASSED] - Object: 'Object Repository/Page_Formulr Podvanie iadosti o piku pre pe_fbb4f4/button_Detail_1' is clicked on

17-04-2024T15:25:34 - [TEST_STEP][PASSED] - uploadFile(findTestObject("Object Repository/Page_Formulr Podvanie iadosti o piku pre pe_fbb4f4/input_Uloi_file-upload-field"), "C:\Users\barcik\Downloads\form.573.Prehlad-24-potvrdenie-print-save_5a11da50-9aec-4f8b-a1a0-d42325a914a4.pdf"): File 'C:\Users\barcik\Downloads\form.573.Prehlad-24-potvrdenie-print-save_5a11da50-9aec-4f8b-a1a0-d42325a914a4.pdf' sent to object: 'Object Repository/Page_Formulr Podvanie iadosti o piku pre pe_fbb4f4/input_Uloi_file-upload-field'

17-04-2024T15:25:34 - [MESSAGE][PASSED] - File 'C:\Users\barcik\Downloads\form.573.Prehlad-24-potvrdenie-print-save_5a11da50-9aec-4f8b-a1a0-d42325a914a4.pdf' sent to object: 'Object Repository/Page_Formulr Podvanie iadosti o piku pre pe_fbb4f4/input_Uloi_file-upload-field'

17-04-2024T15:25:34 - [TEST_STEP][PASSED] - click(findTestObject("Object Repository/Page_Formulr Podvanie iadosti o piku pre pe_fbb4f4/button_Uloi_1_2")): Object: 'Object Repository/Page_Formulr Podvanie iadosti o piku pre pe_fbb4f4/button_Uloi_1_2' is clicked on

17-04-2024T15:25:35 - [MESSAGE][PASSED] - Object: 'Object Repository/Page_Formulr Podvanie iadosti o piku pre pe_fbb4f4/button_Uloi_1_2' is clicked on

17-04-2024T15:25:35 - [TEST_STEP][PASSED] - click(findTestObject("Object Repository/Page_Formulr Podvanie iadosti o piku pre pe_fbb4f4/button_Detail_1_2")): Object: 'Object Repository/Page_Formulr Podvanie iadosti o piku pre pe_fbb4f4/button_Detail_1_2' is clicked on

17-04-2024T15:25:35 - [MESSAGE][PASSED] - Object: 'Object Repository/Page_Formulr Podvanie iadosti o piku pre pe_fbb4f4/button_Detail_1_2' is clicked on

17-04-2024T15:25:35 - [TEST_STEP][PASSED] - click(findTestObject("Object Repository/Page_Formulr Podvanie iadosti o piku pre pe_fbb4f4/input_Spolon vekos priloench sborov nesmie _e74e60")): Object: 'Object Repository/Page_Formulr Podvanie iadosti o piku pre pe_fbb4f4/input_Spolon vekos priloench sborov nesmie _e74e60' is clicked on

17-04-2024T15:25:36 - [MESSAGE][PASSED] - Object: 'Object Repository/Page_Formulr Podvanie iadosti o piku pre pe_fbb4f4/input_Spolon vekos priloench sborov nesmie _e74e60' is clicked on

17-04-2024T15:25:36 - [TEST_STEP][PASSED] - click(findTestObject("Object Repository/Page_Formulr Podvanie iadosti o piku pre pe_fbb4f4/button_Uloi_1_2")): Object: 'Object Repository/Page_Formulr Podvanie iadosti o piku pre pe_fbb4f4/button_Uloi_1_2' is clicked on

17-04-2024T15:25:36 - [MESSAGE][PASSED] - Object: 'Object Repository/Page_Formulr Podvanie iadosti o piku pre pe_fbb4f4/button_Uloi_1_2' is clicked on

17-04-2024T15:25:36 - [TEST_STEP][PASSED] - click(findTestObject("Object Repository/Page_Formulr Podvanie iadosti o piku pre pe_fbb4f4/button_Detail_1_2_3")): Object: 'Object Repository/Page_Formulr Podvanie iadosti o piku pre pe_fbb4f4/button_Detail_1_2_3' is clicked on

17-04-2024T15:25:37 - [MESSAGE][PASSED] - Object: 'Object Repository/Page_Formulr Podvanie iadosti o piku pre pe_fbb4f4/button_Detail_1_2_3' is clicked on

17-04-2024T15:25:37 - [TEST_STEP][PASSED] - click(findTestObject("Object Repository/Page_Formulr Podvanie iadosti o piku pre pe_fbb4f4/input_Spolon vekos priloench sborov nesmie _e74e60")): Object: 'Object Repository/Page_Formulr Podvanie iadosti o piku pre pe_fbb4f4/input_Spolon vekos priloench sborov nesmie _e74e60' is clicked on

17-04-2024T15:25:37 - [MESSAGE][PASSED] - Object: 'Object Repository/Page_Formulr Podvanie iadosti o piku pre pe_fbb4f4/input_Spolon vekos priloench sborov nesmie _e74e60' is clicked on

17-04-2024T15:25:37 - [TEST_STEP][PASSED] - click(findTestObject("Object Repository/Page_Formulr Podvanie iadosti o piku pre pe_fbb4f4/button_Uloi_1_2")): Object: 'Object Repository/Page_Formulr Podvanie iadosti o piku pre pe_fbb4f4/button_Uloi_1_2' is clicked on

17-04-2024T15:25:38 - [MESSAGE][PASSED] - Object: 'Object Repository/Page_Formulr Podvanie iadosti o piku pre pe_fbb4f4/button_Uloi_1_2' is clicked on

17-04-2024T15:25:38 - [TEST_STEP][PASSED] - click(findTestObject("Object Repository/Page_Formulr Podvanie iadosti o piku pre pe_fbb4f4/button_Detail_1_2_3_4")): Object: 'Object Repository/Page_Formulr Podvanie iadosti o piku pre pe_fbb4f4/button_Detail_1_2_3_4' is clicked on

17-04-2024T15:25:39 - [MESSAGE][PASSED] - Object: 'Object Repository/Page_Formulr Podvanie iadosti o piku pre pe_fbb4f4/button_Detail_1_2_3_4' is clicked on

17-04-2024T15:25:39 - [TEST_STEP][PASSED] - click(findTestObject("Object Repository/Page_Formulr Podvanie iadosti o piku pre pe_fbb4f4/input_Spolon vekos priloench sborov nesmie _e74e60")): Object: 'Object Repository/Page_Formulr Podvanie iadosti o piku pre pe_fbb4f4/input_Spolon vekos priloench sborov nesmie _e74e60' is clicked on

17-04-2024T15:25:39 - [MESSAGE][PASSED] - Object: 'Object Repository/Page_Formulr Podvanie iadosti o piku pre pe_fbb4f4/input_Spolon vekos priloench sborov nesmie _e74e60' is clicked on

17-04-2024T15:25:39 - [TEST_STEP][PASSED] - click(findTestObject("Object Repository/Page_Formulr Podvanie iadosti o piku pre pe_fbb4f4/button_Uloi_1_2")): Object: 'Object Repository/Page_Formulr Podvanie iadosti o piku pre pe_fbb4f4/button_Uloi_1_2' is clicked on

17-04-2024T15:25:40 - [MESSAGE][PASSED] - Object: 'Object Repository/Page_Formulr Podvanie iadosti o piku pre pe_fbb4f4/button_Uloi_1_2' is clicked on

17-04-2024T15:25:40 - [TEST_STEP][PASSED] - click(findTestObject("Object Repository/Page_Formulr Podvanie iadosti o piku pre pe_fbb4f4/button_Detail_1_2_3_4_5")): Object: 'Object Repository/Page_Formulr Podvanie iadosti o piku pre pe_fbb4f4/button_Detail_1_2_3_4_5' is clicked on

17-04-2024T15:25:40 - [MESSAGE][PASSED] - Object: 'Object Repository/Page_Formulr Podvanie iadosti o piku pre pe_fbb4f4/button_Detail_1_2_3_4_5' is clicked on

17-04-2024T15:25:40 - [TEST_STEP][PASSED] - click(findTestObject("Object Repository/Page_Formulr Podvanie iadosti o piku pre pe_fbb4f4/input_Spolon vekos priloench sborov nesmie _e74e60")): Object: 'Object Repository/Page_Formulr Podvanie iadosti o piku pre pe_fbb4f4/input_Spolon vekos priloench sborov nesmie _e74e60' is clicked on

17-04-2024T15:25:41 - [MESSAGE][PASSED] - Object: 'Object Repository/Page_Formulr Podvanie iadosti o piku pre pe_fbb4f4/input_Spolon vekos priloench sborov nesmie _e74e60' is clicked on

17-04-2024T15:25:41 - [TEST_STEP][PASSED] - click(findTestObject("Object Repository/Page_Formulr Podvanie iadosti o piku pre pe_fbb4f4/button_Uloi_1_2")): Object: 'Object Repository/Page_Formulr Podvanie iadosti o piku pre pe_fbb4f4/button_Uloi_1_2' is clicked on

17-04-2024T15:25:41 - [MESSAGE][PASSED] - Object: 'Object Repository/Page_Formulr Podvanie iadosti o piku pre pe_fbb4f4/button_Uloi_1_2' is clicked on

17-04-2024T15:25:41 - [TEST_STEP][PASSED] - click(findTestObject("Object Repository/Page_Formulr Podvanie iadosti o piku pre pe_fbb4f4/button_Detail_1_2_3_4_5_6")): Object: 'Object Repository/Page_Formulr Podvanie iadosti o piku pre pe_fbb4f4/button_Detail_1_2_3_4_5_6' is clicked on

17-04-2024T15:25:42 - [MESSAGE][PASSED] - Object: 'Object Repository/Page_Formulr Podvanie iadosti o piku pre pe_fbb4f4/button_Detail_1_2_3_4_5_6' is clicked on

17-04-2024T15:25:42 - [TEST_STEP][PASSED] - uploadFile(findTestObject("Object Repository/Page_Formulr Podvanie iadosti o piku pre pe_fbb4f4/input_Uloi_file-upload-field"), "C:\Users\barcik\Downloads\form.573.Prehlad-24-potvrdenie-print-save_5a11da50-9aec-4f8b-a1a0-d42325a914a4.pdf"): File 'C:\Users\barcik\Downloads\form.573.Prehlad-24-potvrdenie-print-save_5a11da50-9aec-4f8b-a1a0-d42325a914a4.pdf' sent to object: 'Object Repository/Page_Formulr Podvanie iadosti o piku pre pe_fbb4f4/input_Uloi_file-upload-field'

17-04-2024T15:25:42 - [MESSAGE][PASSED] - File 'C:\Users\barcik\Downloads\form.573.Prehlad-24-potvrdenie-print-save_5a11da50-9aec-4f8b-a1a0-d42325a914a4.pdf' sent to object: 'Object Repository/Page_Formulr Podvanie iadosti o piku pre pe_fbb4f4/input_Uloi_file-upload-field'

17-04-2024T15:25:42 - [TEST_STEP][PASSED] - click(findTestObject("Object Repository/Page_Formulr Podvanie iadosti o piku pre pe_fbb4f4/button_Uloi_1_2")): Object: 'Object Repository/Page_Formulr Podvanie iadosti o piku pre pe_fbb4f4/button_Uloi_1_2' is clicked on

17-04-2024T15:25:43 - [MESSAGE][PASSED] - Object: 'Object Repository/Page_Formulr Podvanie iadosti o piku pre pe_fbb4f4/button_Uloi_1_2' is clicked on

17-04-2024T15:25:43 - [TEST_STEP][PASSED] - click(findTestObject("Object Repository/Page_Formulr Podvanie iadosti o piku pre pe_fbb4f4/button_Detail_1_2_3_4_5_6_7")): Object: 'Object Repository/Page_Formulr Podvanie iadosti o piku pre pe_fbb4f4/button_Detail_1_2_3_4_5_6_7' is clicked on

17-04-2024T15:25:43 - [MESSAGE][PASSED] - Object: 'Object Repository/Page_Formulr Podvanie iadosti o piku pre pe_fbb4f4/button_Detail_1_2_3_4_5_6_7' is clicked on

17-04-2024T15:25:43 - [TEST_STEP][PASSED] - uploadFile(findTestObject("Object Repository/Page_Formulr Podvanie iadosti o piku pre pe_fbb4f4/input_Uloi_file-upload-field"), "C:\Users\barcik\Downloads\form.573.Prehlad-24-potvrdenie-print-save_5a11da50-9aec-4f8b-a1a0-d42325a914a4.pdf"): File 'C:\Users\barcik\Downloads\form.573.Prehlad-24-potvrdenie-print-save_5a11da50-9aec-4f8b-a1a0-d42325a914a4.pdf' sent to object: 'Object Repository/Page_Formulr Podvanie iadosti o piku pre pe_fbb4f4/input_Uloi_file-upload-field'

17-04-2024T15:25:44 - [MESSAGE][PASSED] - File 'C:\Users\barcik\Downloads\form.573.Prehlad-24-potvrdenie-print-save_5a11da50-9aec-4f8b-a1a0-d42325a914a4.pdf' sent to object: 'Object Repository/Page_Formulr Podvanie iadosti o piku pre pe_fbb4f4/input_Uloi_file-upload-field'

17-04-2024T15:25:44 - [TEST_STEP][PASSED] - click(findTestObject("Object Repository/Page_Formulr Podvanie iadosti o piku pre pe_fbb4f4/button_Uloi_1_2")): Object: 'Object Repository/Page_Formulr Podvanie iadosti o piku pre pe_fbb4f4/button_Uloi_1_2' is clicked on

17-04-2024T15:25:44 - [MESSAGE][PASSED] - Object: 'Object Repository/Page_Formulr Podvanie iadosti o piku pre pe_fbb4f4/button_Uloi_1_2' is clicked on

17-04-2024T15:25:44 - [TEST_STEP][PASSED] - setText(findTestObject("Object Repository/Page_Formulr Podvanie iadosti o piku pre pe_fbb4f4/input_Zadajte miesto odoslania iadosti_UI_V_59ba54"), "Bratislava"): Text 'Bratislava' is set on object 'Object Repository/Page_Formulr Podvanie iadosti o piku pre pe_fbb4f4/input_Zadajte miesto odoslania iadosti_UI_V_59ba54'

17-04-2024T15:25:45 - [MESSAGE][PASSED] - Text 'Bratislava' is set on object 'Object Repository/Page_Formulr Podvanie iadosti o piku pre pe_fbb4f4/input_Zadajte miesto odoslania iadosti_UI_V_59ba54'

17-04-2024T15:25:45 - [TEST_STEP][PASSED] - click(findTestObject("Object Repository/Page_Formulr Podvanie iadosti o piku pre pe_fbb4f4/button_Pokraova")): Object: 'Object Repository/Page_Formulr Podvanie iadosti o piku pre pe_fbb4f4/button_Pokraova' is clicked on

17-04-2024T15:25:46 - [MESSAGE][PASSED] - Object: 'Object Repository/Page_Formulr Podvanie iadosti o piku pre pe_fbb4f4/button_Pokraova' is clicked on

17-04-2024T15:25:46 - [TEST_STEP][PASSED] - verifyElementText(findTestObject("Page_Formulr Podvanie iadosti o piku pre pe_fbb4f4/div_ESRVS-2024-2188"), identifikator): Actual text and expected text of test object 'Object Repository/Page_Formulr Podvanie iadosti o piku pre pe_fbb4f4/div_ESRVS-2024-2188' are matched.

17-04-2024T15:25:47 - [MESSAGE][PASSED] - Actual text and expected text of test object 'Object Repository/Page_Formulr Podvanie iadosti o piku pre pe_fbb4f4/div_ESRVS-2024-2188' are matched.

17-04-2024T15:25:47 - [TEST_STEP][PASSED] - verifyElementText(findTestObject("Object Repository/Page_Formulr Podvanie iadosti o piku pre pe_fbb4f4/div_Bratislava"), "Bratislava"): Actual text and expected text of test object 'Object Repository/Page_Formulr Podvanie iadosti o piku pre pe_fbb4f4/div_Bratislava' are matched.

17-04-2024T15:25:48 - [MESSAGE][PASSED] - Actual text and expected text of test object 'Object Repository/Page_Formulr Podvanie iadosti o piku pre pe_fbb4f4/div_Bratislava' are matched.

17-04-2024T15:25:48 - [TEST_STEP][PASSED] - verifyElementText(findTestObject("Object Repository/Page_Formulr Podvanie iadosti o piku pre pe_fbb4f4/div_Ing"), "Ing."): Actual text and expected text of test object 'Object Repository/Page_Formulr Podvanie iadosti o piku pre pe_fbb4f4/div_Ing' are matched.

17-04-2024T15:25:48 - [MESSAGE][PASSED] - Actual text and expected text of test object 'Object Repository/Page_Formulr Podvanie iadosti o piku pre pe_fbb4f4/div_Ing' are matched.

17-04-2024T15:25:48 - [TEST_STEP][PASSED] - verifyElementText(findTestObject("Object Repository/Page_Formulr Podvanie iadosti o piku pre pe_fbb4f4/div_Marek"), "Marek"): Actual text and expected text of test object 'Object Repository/Page_Formulr Podvanie iadosti o piku pre pe_fbb4f4/div_Marek' are matched.

17-04-2024T15:25:48 - [MESSAGE][PASSED] - Actual text and expected text of test object 'Object Repository/Page_Formulr Podvanie iadosti o piku pre pe_fbb4f4/div_Marek' are matched.

17-04-2024T15:25:48 - [TEST_STEP][PASSED] - verifyElementText(findTestObject("Object Repository/Page_Formulr Podvanie iadosti o piku pre pe_fbb4f4/div_Tirpk"), "Tirpák"): Actual text and expected text of test object 'Object Repository/Page_Formulr Podvanie iadosti o piku pre pe_fbb4f4/div_Tirpk' are matched.

17-04-2024T15:25:49 - [MESSAGE][PASSED] - Actual text and expected text of test object 'Object Repository/Page_Formulr Podvanie iadosti o piku pre pe_fbb4f4/div_Tirpk' are matched.

17-04-2024T15:25:49 - [TEST_STEP][PASSED] - verifyElementText(findTestObject("Object Repository/Page_Formulr Podvanie iadosti o piku pre pe_fbb4f4/div_Mlynsk 3292207865 Koice-Star Mesto (Koi_afa4d6"), "Mlynská 329/2207865 Košice-Staré Mesto (Košice I)Slovenská republika", OPTIONAL): Actual text 'Mlynská 329/22

07865 Košice-Staré Mesto (Košice I)

Slovenská republika' and expected text 'Mlynská 329/2207865 Košice-Staré Mesto (Košice I)Slovenská republika' of test object 'Object Repository/Page_Formulr Podvanie iadosti o piku pre pe_fbb4f4/div_Mlynsk 3292207865 Koice-Star Mesto (Koi_afa4d6' are NOT matched. (Root cause: com.kms.katalon.core.exception.StepFailedException: Actual text 'Mlynská 329/22

07865 Košice-Staré Mesto (Košice I)

Slovenská republika' and expected text 'Mlynská 329/2207865 Košice-Staré Mesto (Košice I)Slovenská republika' of test object 'Object Repository/Page_Formulr Podvanie iadosti o piku pre pe_fbb4f4/div_Mlynsk 3292207865 Koice-Star Mesto (Koi_afa4d6' are NOT matched.
	at com.kms.katalon.core.webui.keyword.internal.WebUIKeywordMain.stepFailed(WebUIKeywordMain.groovy:64)
	at com.kms.katalon.core.webui.keyword.builtin.VerifyElementTextKeyword$_verifyElementText_closure1.doCall(VerifyElementTextKeyword.groovy:57)
	at com.kms.katalon.core.webui.keyword.builtin.VerifyElementTextKeyword$_verifyElementText_closure1.call(VerifyElementTextKeyword.groovy)
	at com.kms.katalon.core.webui.keyword.internal.WebUIKeywordMain.runKeyword(WebUIKeywordMain.groovy:20)
	at com.kms.katalon.core.webui.keyword.builtin.VerifyElementTextKeyword.verifyElementText(VerifyElementTextKeyword.groovy:72)
	at com.kms.katalon.core.webui.keyword.builtin.VerifyElementTextKeyword.execute(VerifyElementTextKeyword.groovy:40)
	at com.kms.katalon.core.keyword.internal.KeywordExecutor.executeKeywordForPlatform(KeywordExecutor.groovy:74)
	at com.kms.katalon.core.webui.keyword.WebUiBuiltInKeywords.verifyElementText(WebUiBuiltInKeywords.groovy:4819)
	at Pozicka_399090.run(Pozicka_399090:277)
	at com.kms.katalon.core.main.ScriptEngine.run(ScriptEngine.java:194)
	at com.kms.katalon.core.main.ScriptEngine.runScriptAsRawText(ScriptEngine.java:119)
	at com.kms.katalon.core.main.TestCaseExecutor.runScript(TestCaseExecutor.java:448)
	at com.kms.katalon.core.main.TestCaseExecutor.doExecute(TestCaseExecutor.java:439)
	at com.kms.katalon.core.main.TestCaseExecutor.processExecutionPhase(TestCaseExecutor.java:418)
	at com.kms.katalon.core.main.TestCaseExecutor.accessMainPhase(TestCaseExecutor.java:410)
	at com.kms.katalon.core.main.TestCaseExecutor.execute(TestCaseExecutor.java:285)
	at com.kms.katalon.core.common.CommonExecutor.accessTestCaseMainPhase(CommonExecutor.java:65)
	at com.kms.katalon.core.main.TestSuiteExecutor.accessTestSuiteMainPhase(TestSuiteExecutor.java:150)
	at com.kms.katalon.core.main.TestSuiteExecutor.execute(TestSuiteExecutor.java:106)
	at com.kms.katalon.core.main.TestCaseMain.startTestSuite(TestCaseMain.java:180)
	at TempTestSuite1713360102499.run(TempTestSuite1713360102499.groovy:35)
	at java.base/jdk.internal.reflect.NativeMethodAccessorImpl.invoke0(Native Method)
	at java.base/jdk.internal.reflect.NativeMethodAccessorImpl.invoke(NativeMethodAccessorImpl.java:77)
	at java.base/jdk.internal.reflect.DelegatingMethodAccessorImpl.invoke(DelegatingMethodAccessorImpl.java:43)
)

17-04-2024T15:25:49 - [MESSAGE][WARNING] - Actual text 'Mlynská 329/22

07865 Košice-Staré Mesto (Košice I)

Slovenská republika' and expected text 'Mlynská 329/2207865 Košice-Staré Mesto (Košice I)Slovenská republika' of test object 'Object Repository/Page_Formulr Podvanie iadosti o piku pre pe_fbb4f4/div_Mlynsk 3292207865 Koice-Star Mesto (Koi_afa4d6' are NOT matched. (Root cause: com.kms.katalon.core.exception.StepFailedException: Actual text 'Mlynská 329/22

07865 Košice-Staré Mesto (Košice I)

Slovenská republika' and expected text 'Mlynská 329/2207865 Košice-Staré Mesto (Košice I)Slovenská republika' of test object 'Object Repository/Page_Formulr Podvanie iadosti o piku pre pe_fbb4f4/div_Mlynsk 3292207865 Koice-Star Mesto (Koi_afa4d6' are NOT matched.
	at com.kms.katalon.core.webui.keyword.internal.WebUIKeywordMain.stepFailed(WebUIKeywordMain.groovy:64)
	at com.kms.katalon.core.webui.keyword.builtin.VerifyElementTextKeyword$_verifyElementText_closure1.doCall(VerifyElementTextKeyword.groovy:57)
	at com.kms.katalon.core.webui.keyword.builtin.VerifyElementTextKeyword$_verifyElementText_closure1.call(VerifyElementTextKeyword.groovy)
	at com.kms.katalon.core.webui.keyword.internal.WebUIKeywordMain.runKeyword(WebUIKeywordMain.groovy:20)
	at com.kms.katalon.core.webui.keyword.builtin.VerifyElementTextKeyword.verifyElementText(VerifyElementTextKeyword.groovy:72)
	at com.kms.katalon.core.webui.keyword.builtin.VerifyElementTextKeyword.execute(VerifyElementTextKeyword.groovy:40)
	at com.kms.katalon.core.keyword.internal.KeywordExecutor.executeKeywordForPlatform(KeywordExecutor.groovy:74)
	at com.kms.katalon.core.webui.keyword.WebUiBuiltInKeywords.verifyElementText(WebUiBuiltInKeywords.groovy:4819)
	at Pozicka_399090.run(Pozicka_399090:277)
	at com.kms.katalon.core.main.ScriptEngine.run(ScriptEngine.java:194)
	at com.kms.katalon.core.main.ScriptEngine.runScriptAsRawText(ScriptEngine.java:119)
	at com.kms.katalon.core.main.TestCaseExecutor.runScript(TestCaseExecutor.java:448)
	at com.kms.katalon.core.main.TestCaseExecutor.doExecute(TestCaseExecutor.java:439)
	at com.kms.katalon.core.main.TestCaseExecutor.processExecutionPhase(TestCaseExecutor.java:418)
	at com.kms.katalon.core.main.TestCaseExecutor.accessMainPhase(TestCaseExecutor.java:410)
	at com.kms.katalon.core.main.TestCaseExecutor.execute(TestCaseExecutor.java:285)
	at com.kms.katalon.core.common.CommonExecutor.accessTestCaseMainPhase(CommonExecutor.java:65)
	at com.kms.katalon.core.main.TestSuiteExecutor.accessTestSuiteMainPhase(TestSuiteExecutor.java:150)
	at com.kms.katalon.core.main.TestSuiteExecutor.execute(TestSuiteExecutor.java:106)
	at com.kms.katalon.core.main.TestCaseMain.startTestSuite(TestCaseMain.java:180)
	at TempTestSuite1713360102499.run(TempTestSuite1713360102499.groovy:35)
	at java.base/jdk.internal.reflect.NativeMethodAccessorImpl.invoke0(Native Method)
	at java.base/jdk.internal.reflect.NativeMethodAccessorImpl.invoke(NativeMethodAccessorImpl.java:77)
	at java.base/jdk.internal.reflect.DelegatingMethodAccessorImpl.invoke(DelegatingMethodAccessorImpl.java:43)
)
[[ATTACHMENT|C:\\Users\\barcik\\Katalon Studio\\Ris2Formulare\\Reports\\20240417_152142\\SuitePozicky\\20240417_152142\\1713360349532.png]]

17-04-2024T15:25:49 - [TEST_STEP][PASSED] - verifyElementText(findTestObject("Object Repository/Page_Formulr Podvanie iadosti o piku pre pe_fbb4f4/div_421456321789"), "+421456321789", OPTIONAL): Actual text and expected text of test object 'Object Repository/Page_Formulr Podvanie iadosti o piku pre pe_fbb4f4/div_421456321789' are matched.

17-04-2024T15:25:50 - [MESSAGE][PASSED] - Actual text and expected text of test object 'Object Repository/Page_Formulr Podvanie iadosti o piku pre pe_fbb4f4/div_421456321789' are matched.

17-04-2024T15:25:50 - [TEST_STEP][PASSED] - verifyElementText(findTestObject("Object Repository/Page_Formulr Podvanie iadosti o piku pre pe_fbb4f4/div_barcikditec.sk"), email, OPTIONAL): Actual text and expected text of test object 'Object Repository/Page_Formulr Podvanie iadosti o piku pre pe_fbb4f4/div_barcikditec.sk' are matched.

17-04-2024T15:25:50 - [MESSAGE][PASSED] - Actual text and expected text of test object 'Object Repository/Page_Formulr Podvanie iadosti o piku pre pe_fbb4f4/div_barcikditec.sk' are matched.

17-04-2024T15:25:50 - [TEST_STEP][PASSED] - verifyElementText(findTestObject("Object Repository/Page_Formulr Podvanie iadosti o piku pre pe_fbb4f4/div_15000"), "15000"): Actual text and expected text of test object 'Object Repository/Page_Formulr Podvanie iadosti o piku pre pe_fbb4f4/div_15000' are matched.

17-04-2024T15:25:50 - [MESSAGE][PASSED] - Actual text and expected text of test object 'Object Repository/Page_Formulr Podvanie iadosti o piku pre pe_fbb4f4/div_15000' are matched.

17-04-2024T15:25:50 - [TEST_STEP][PASSED] - verifyElementText(findTestObject("Object Repository/Page_Formulr Podvanie iadosti o piku pre pe_fbb4f4/div_15"), "15"): Actual text and expected text of test object 'Object Repository/Page_Formulr Podvanie iadosti o piku pre pe_fbb4f4/div_15' are matched.

17-04-2024T15:25:51 - [MESSAGE][PASSED] - Actual text and expected text of test object 'Object Repository/Page_Formulr Podvanie iadosti o piku pre pe_fbb4f4/div_15' are matched.

17-04-2024T15:25:51 - [TEST_STEP][PASSED] - click(findTestObject("Object Repository/Page_Formulr Podvanie iadosti o piku pre pe_fbb4f4/label_estne vyhlasujem, e vetky daje uveden_88100d")): Object: 'Object Repository/Page_Formulr Podvanie iadosti o piku pre pe_fbb4f4/label_estne vyhlasujem, e vetky daje uveden_88100d' is clicked on

17-04-2024T15:25:51 - [MESSAGE][PASSED] - Object: 'Object Repository/Page_Formulr Podvanie iadosti o piku pre pe_fbb4f4/label_estne vyhlasujem, e vetky daje uveden_88100d' is clicked on

17-04-2024T15:25:51 - [TEST_STEP][PASSED] - click(findTestObject("Object Repository/Page_Formulr Podvanie iadosti o piku pre pe_fbb4f4/label_Beriem na vedomie, e v slade s  17 od_1288a0")): Object: 'Object Repository/Page_Formulr Podvanie iadosti o piku pre pe_fbb4f4/label_Beriem na vedomie, e v slade s  17 od_1288a0' is clicked on

17-04-2024T15:25:51 - [MESSAGE][PASSED] - Object: 'Object Repository/Page_Formulr Podvanie iadosti o piku pre pe_fbb4f4/label_Beriem na vedomie, e v slade s  17 od_1288a0' is clicked on

17-04-2024T15:25:51 - [TEST_STEP][PASSED] - click(findTestObject("Object Repository/Page_Formulr Podvanie iadosti o piku pre pe_fbb4f4/button_Podpsa iados o piku kvalifikovanm el_0eb4be")): Object: 'Object Repository/Page_Formulr Podvanie iadosti o piku pre pe_fbb4f4/button_Podpsa iados o piku kvalifikovanm el_0eb4be' is clicked on

17-04-2024T15:25:52 - [MESSAGE][PASSED] - Object: 'Object Repository/Page_Formulr Podvanie iadosti o piku pre pe_fbb4f4/button_Podpsa iados o piku kvalifikovanm el_0eb4be' is clicked on

17-04-2024T15:25:52 - [TEST_STEP][PASSED] - click(findTestObject("Object Repository/Page_Formulr Podvanie iadosti o piku pre pe_fbb4f4/button_Podpsa")): Object: 'Object Repository/Page_Formulr Podvanie iadosti o piku pre pe_fbb4f4/button_Podpsa' is clicked on

17-04-2024T15:25:52 - [MESSAGE][PASSED] - Object: 'Object Repository/Page_Formulr Podvanie iadosti o piku pre pe_fbb4f4/button_Podpsa' is clicked on

17-04-2024T15:25:52 - [TEST_STEP][PASSED] - delay(12): Delayed 12 second(s)

17-04-2024T15:26:04 - [MESSAGE][PASSED] - Delayed 12 second(s)

17-04-2024T15:26:04 - [TEST_STEP][PASSED] - podpis.podpisFormular(): Fire Close event sucessfully.

17-04-2024T15:26:04 - [MESSAGE][INFO] - Starting application C:\Program Files\Ditec\DSigner .NET\Ditec.Zep.DSigXadesStandalone.exe on the local machine at address http://127.0.0.1:4723

17-04-2024T15:26:05 - [MESSAGE][PASSED] - The application at location: C:\Program Files\Ditec\DSigner .NET\Ditec.Zep.DSigXadesStandalone.exe started.

17-04-2024T15:26:08 - [MESSAGE][INFO] - Clicking on element: Object Repository/Podpisovac/Podpísať_podpis

17-04-2024T15:26:08 - [MESSAGE][PASSED] - Click on element: Object Repository/Podpisovac/Podpísať_podpis succesfully

17-04-2024T15:26:15 - [MESSAGE][INFO] - Clicking on element: Object Repository/Podpisovac/Vyber_filtra_podpis

17-04-2024T15:26:15 - [MESSAGE][PASSED] - Click on element: Object Repository/Podpisovac/Vyber_filtra_podpis succesfully

17-04-2024T15:26:16 - [MESSAGE][INFO] - Clicking on element: Object Repository/Podpisovac/Potvrd_vyber_filtra_podpis

17-04-2024T15:26:16 - [MESSAGE][PASSED] - Click on element: Object Repository/Podpisovac/Potvrd_vyber_filtra_podpis succesfully

17-04-2024T15:26:24 - [MESSAGE][INFO] - Double clicking on element: Object Repository/Podpisovac/Certifikat_podpis

17-04-2024T15:26:24 - [MESSAGE][PASSED] - Double click on element: Object Repository/Podpisovac/Certifikat_podpis succesfully

17-04-2024T15:26:27 - [MESSAGE][PASSED] - Delayed 3 second(s)

17-04-2024T15:26:29 - [MESSAGE][INFO] - Clicking on element: Object Repository/Podpisovac/OK_podpis

17-04-2024T15:26:29 - [MESSAGE][PASSED] - Click on element: Object Repository/Podpisovac/OK_podpis succesfully

17-04-2024T15:26:29 - [MESSAGE][PASSED] - Fire Close event sucessfully.

17-04-2024T15:26:29 - [TEST_STEP][PASSED] - click(findTestObject("Object Repository/Page_Formulr Podvanie iadosti o piku pre pe_fbb4f4/button_Odosla")): Object: 'Object Repository/Page_Formulr Podvanie iadosti o piku pre pe_fbb4f4/button_Odosla' is clicked on

17-04-2024T15:26:30 - [MESSAGE][PASSED] - Object: 'Object Repository/Page_Formulr Podvanie iadosti o piku pre pe_fbb4f4/button_Odosla' is clicked on

17-04-2024T15:26:30 - [TEST_STEP][PASSED] - waitForElementVisible(findTestObject("Page_Formulr Podvanie iadosti o piku pre pe_fbb4f4/button_Prejs na domovsk strnku"), 20): Object 'Object Repository/Page_Formulr Podvanie iadosti o piku pre pe_fbb4f4/button_Prejs na domovsk strnku' is visible

17-04-2024T15:26:51 - [MESSAGE][PASSED] - Object 'Object Repository/Page_Formulr Podvanie iadosti o piku pre pe_fbb4f4/button_Prejs na domovsk strnku' is visible

17-04-2024T15:26:51 - [TEST_STEP][PASSED] - click(findTestObject("Object Repository/Page_Formulr Podvanie iadosti o piku pre pe_fbb4f4/button_Prejs na domovsk strnku")): Object: 'Object Repository/Page_Formulr Podvanie iadosti o piku pre pe_fbb4f4/button_Prejs na domovsk strnku' is clicked on

17-04-2024T15:26:52 - [MESSAGE][PASSED] - Object: 'Object Repository/Page_Formulr Podvanie iadosti o piku pre pe_fbb4f4/button_Prejs na domovsk strnku' is clicked on

17-04-2024T15:26:52 - [TEST_STEP][PASSED] - click(findTestObject("Page_Portl elektronickch sluieb regionlneho_9bdbd3/a_Privtna zna")): Object: 'Object Repository/Page_Portl elektronickch sluieb regionlneho_9bdbd3/a_Privtna zna' is clicked on

17-04-2024T15:26:52 - [MESSAGE][PASSED] - Object: 'Object Repository/Page_Portl elektronickch sluieb regionlneho_9bdbd3/a_Privtna zna' is clicked on

17-04-2024T15:26:52 - [TEST_STEP][PASSED] - click(findTestObject("Object Repository/Page_Portl elektronickch sluieb regionlneho_9bdbd3/span_Zoznam odoslanch podan")): Object: 'Object Repository/Page_Portl elektronickch sluieb regionlneho_9bdbd3/span_Zoznam odoslanch podan' is clicked on

17-04-2024T15:26:53 - [MESSAGE][PASSED] - Object: 'Object Repository/Page_Portl elektronickch sluieb regionlneho_9bdbd3/span_Zoznam odoslanch podan' is clicked on

17-04-2024T15:26:53 - [TEST_STEP][PASSED] - setText(findTestObject("Page_Zoznam odoslanch podan  Elektronick sl_14b0c6/input_Identifiktor_identifikator"), identifikator): Text 'ESRVS-2024-2242' is set on object 'Object Repository/Page_Zoznam odoslanch podan  Elektronick sl_14b0c6/input_Identifiktor_identifikator'

17-04-2024T15:26:54 - [MESSAGE][PASSED] - Text 'ESRVS-2024-2242' is set on object 'Object Repository/Page_Zoznam odoslanch podan  Elektronick sl_14b0c6/input_Identifiktor_identifikator'

17-04-2024T15:26:54 - [TEST_STEP][PASSED] - click(findTestObject("Page_Zoznam odoslanch podan  Elektronick sl_14b0c6/button_Vyhada")): Object: 'Object Repository/Page_Zoznam odoslanch podan  Elektronick sl_14b0c6/button_Vyhada' is clicked on

17-04-2024T15:26:55 - [MESSAGE][PASSED] - Object: 'Object Repository/Page_Zoznam odoslanch podan  Elektronick sl_14b0c6/button_Vyhada' is clicked on

17-04-2024T15:26:55 - [TEST_STEP][PASSED] - click(findTestObject("Page_Zoznam odoslanch podan  Elektronick sl_14b0c6/a_Detail")): Object: 'Object Repository/Page_Zoznam odoslanch podan  Elektronick sl_14b0c6/a_Detail' is clicked on

17-04-2024T15:26:56 - [MESSAGE][PASSED] - Object: 'Object Repository/Page_Zoznam odoslanch podan  Elektronick sl_14b0c6/a_Detail' is clicked on

17-04-2024T15:26:56 - [TEST_STEP][PASSED] - verifyElementText(findTestObject("Page_Detail podania  Elektronick sluby port_bcdefc/span_ESRVS-2024-2188"), identifikator): Actual text and expected text of test object 'Object Repository/Page_Detail podania  Elektronick sluby port_bcdefc/span_ESRVS-2024-2188' are matched.

17-04-2024T15:27:04 - [MESSAGE][PASSED] - Actual text and expected text of test object 'Object Repository/Page_Detail podania  Elektronick sluby port_bcdefc/span_ESRVS-2024-2188' are matched.

17-04-2024T15:27:04 - [TEST_STEP][PASSED] - verifyElementText(findTestObject("Object Repository/Page_Detail podania  Elektronick sluby port_bcdefc/span_Marek Tirpk"), "Marek Tirpák"): Actual text and expected text of test object 'Object Repository/Page_Detail podania  Elektronick sluby port_bcdefc/span_Marek Tirpk' are matched.

17-04-2024T15:27:04 - [MESSAGE][PASSED] - Actual text and expected text of test object 'Object Repository/Page_Detail podania  Elektronick sluby port_bcdefc/span_Marek Tirpk' are matched.

17-04-2024T15:27:04 - [TEST_STEP][PASSED] - closeBrowser(): Browser is closed

17-04-2024T15:27:05 - [MESSAGE][PASSED] - Browser is closed

17-04-2024T15:27:05 - [TEST_STEP][PASSED] - delay(30): Delayed 30 second(s)

17-04-2024T15:27:35 - [MESSAGE][PASSED] - Delayed 30 second(s)

17-04-2024T15:27:35 - [TEST_STEP][PASSED] - mail.kontrolaMailu(2, identifikator): Fire Close event sucessfully.

17-04-2024T15:27:35 - [MESSAGE][INFO] - Starting application C:\Program Files\Microsoft Office\root\Office16\OUTLOOK.EXE on the local machine at address http://127.0.0.1:4723

17-04-2024T15:27:37 - [MESSAGE][PASSED] - The application at location: C:\Program Files\Microsoft Office\root\Office16\OUTLOOK.EXE started.

17-04-2024T15:27:38 - [MESSAGE][PASSED] - Object 'Object Repository/Edit(1)' is present

17-04-2024T15:27:43 - [MESSAGE][PASSED] - Text ESRVS-2024-2242 is set

17-04-2024T15:27:44 - [MESSAGE][PASSED] - Delayed 1 second(s)

17-04-2024T15:27:48 - [MESSAGE][INFO] - Clicking on element: Object Repository/TabItem

17-04-2024T15:27:48 - [MESSAGE][PASSED] - Click on element: Object Repository/TabItem succesfully

17-04-2024T15:27:52 - [MESSAGE][INFO] - Clicking on element: Object Repository/DataItem

17-04-2024T15:27:52 - [MESSAGE][PASSED] - Click on element: Object Repository/DataItem succesfully

17-04-2024T15:27:53 - [MESSAGE][PASSED] - Text of test object: Object Repository/Edit is: Bola Vám doručená nová správa na Portál elektronických služieb: Predbežné overenie - žiadosť ESRVS-2024-2242Pre žiadosť ESRVS-2024-2242 bolo vykonané predbežné overenie.


17-04-2024T15:27:53 - [MESSAGE][PASSED] - Predbezne overenie najdene

17-04-2024T15:27:56 - [MESSAGE][INFO] - Clicking on element: Object Repository/Button(3)

17-04-2024T15:27:56 - [MESSAGE][PASSED] - Click on element: Object Repository/Button(3) succesfully

17-04-2024T15:28:00 - [MESSAGE][INFO] - Clicking on element: Object Repository/DataItem

17-04-2024T15:28:00 - [MESSAGE][PASSED] - Click on element: Object Repository/DataItem succesfully

17-04-2024T15:28:01 - [MESSAGE][PASSED] - Text of test object: Object Repository/Edit is: Bola Vám doručená nová správa na Portál elektronických služieb: Doručenka prijatá - žiadosť ESRVS-2024-2242Pre žiadosť ESRVS-2024-2242 bola prijatá doručenka.


17-04-2024T15:28:01 - [MESSAGE][PASSED] - Dorucenka najdena

17-04-2024T15:28:04 - [MESSAGE][INFO] - Clicking on element: Object Repository/Button(3)

17-04-2024T15:28:04 - [MESSAGE][PASSED] - Click on element: Object Repository/Button(3) succesfully

17-04-2024T15:28:05 - [MESSAGE][PASSED] - Fire Close event sucessfully.]]></system-out>
         <system-err><![CDATA[]]></system-err>
      </testcase>
      <testcase name="Test Cases/Pozicky B/PozickaB_399076" time="221.921" classname="Test Cases/Pozicky B/PozickaB_399076" status="PASSED">
         <system-out><![CDATA[17-04-2024T15:28:05 - [TEST_CASE][PASSED] - Test Cases/Pozicky B/PozickaB_399076: Test Cases/Pozicky B/PozickaB_399076

17-04-2024T15:28:05 - [TEST_STEP][PASSED] - podpisovac = new Podpisovac(): null

17-04-2024T15:28:05 - [TEST_STEP][PASSED] - mail = new Email(): null

17-04-2024T15:28:05 - [TEST_STEP][PASSED] - openBrowser(""): Browser is opened with url: ''

17-04-2024T15:28:05 - [MESSAGE][INFO] - Starting 'Chrome' driver

17-04-2024T15:28:05 - [MESSAGE][INFO] - User set preference: ['prefs', '{protocol_handler={allowed_origin_protocol_pairs={https://es-test.minedu.sk={ditec-dlauncher=true}}}}']

17-04-2024T15:28:05 - [MESSAGE][INFO] - Action delay is set to 0 milliseconds

17-04-2024T15:28:07 - [MESSAGE][PASSED] - Browser is opened with url: ''

17-04-2024T15:28:07 - [TEST_STEP][PASSED] - navigateToUrl("https://es-test.minedu.sk/"): Navigate to 'https://es-test.minedu.sk/' successfully

17-04-2024T15:28:07 - [MESSAGE][PASSED] - Navigate to 'https://es-test.minedu.sk/' successfully

17-04-2024T15:28:07 - [TEST_STEP][PASSED] - click(findTestObject("Object Repository/Page_Portl elektronickch sluieb regionlneho_9bdbd3/a_Shlasm")): Object: 'Object Repository/Page_Portl elektronickch sluieb regionlneho_9bdbd3/a_Shlasm' is clicked on

17-04-2024T15:28:11 - [MESSAGE][PASSED] - Object: 'Object Repository/Page_Portl elektronickch sluieb regionlneho_9bdbd3/a_Shlasm' is clicked on

17-04-2024T15:28:11 - [TEST_STEP][PASSED] - maximizeWindow(): Current window maximized

17-04-2024T15:28:11 - [MESSAGE][PASSED] - Current window maximized

17-04-2024T15:28:11 - [TEST_STEP][PASSED] - click(findTestObject("Page_Portl elektronickch sluieb regionlneho_9bdbd3/a_Prihlsi sa")): Object: 'Object Repository/Page_Portl elektronickch sluieb regionlneho_9bdbd3/a_Prihlsi sa' is clicked on

17-04-2024T15:28:13 - [MESSAGE][PASSED] - Object: 'Object Repository/Page_Portl elektronickch sluieb regionlneho_9bdbd3/a_Prihlsi sa' is clicked on

17-04-2024T15:28:13 - [TEST_STEP][PASSED] - click(findTestObject("Page_Spsoby prihlsenia sa na portl - Iam.Web/div_Identifiktor a heslo fyzickej osoby    _3153de")): Object: 'Object Repository/Page_Spsoby prihlsenia sa na portl - Iam.Web/div_Identifiktor a heslo fyzickej osoby    _3153de' is clicked on

17-04-2024T15:28:13 - [MESSAGE][PASSED] - Object: 'Object Repository/Page_Spsoby prihlsenia sa na portl - Iam.Web/div_Identifiktor a heslo fyzickej osoby    _3153de' is clicked on

17-04-2024T15:28:13 - [TEST_STEP][PASSED] - setText(findTestObject("Page_Identifiktor a heslo fyzickej osoby - Iam.Web/input_Zadajte svoj identifiktor_DomainName"), "930382290"): Text '930382290' is set on object 'Object Repository/Page_Identifiktor a heslo fyzickej osoby - Iam.Web/input_Zadajte svoj identifiktor_DomainName'

17-04-2024T15:28:14 - [MESSAGE][PASSED] - Text '930382290' is set on object 'Object Repository/Page_Identifiktor a heslo fyzickej osoby - Iam.Web/input_Zadajte svoj identifiktor_DomainName'

17-04-2024T15:28:14 - [TEST_STEP][PASSED] - setEncryptedText(findTestObject("Page_Identifiktor a heslo fyzickej osoby - Iam.Web/input_Zadajte svoje prihlasovacie heslo_Password"), "U8nf8IyamTpUg019is4peg=="): Text ****** has been set on object 'Object Repository/Page_Identifiktor a heslo fyzickej osoby - Iam.Web/input_Zadajte svoje prihlasovacie heslo_Password'

17-04-2024T15:28:14 - [MESSAGE][PASSED] - Text ****** has been set on object 'Object Repository/Page_Identifiktor a heslo fyzickej osoby - Iam.Web/input_Zadajte svoje prihlasovacie heslo_Password'

17-04-2024T15:28:14 - [TEST_STEP][PASSED] - click(findTestObject("Page_Identifiktor a heslo fyzickej osoby - Iam.Web/input_Zabudnut heslo_btn-continue")): Object: 'Object Repository/Page_Identifiktor a heslo fyzickej osoby - Iam.Web/input_Zabudnut heslo_btn-continue' is clicked on

17-04-2024T15:28:16 - [MESSAGE][PASSED] - Object: 'Object Repository/Page_Identifiktor a heslo fyzickej osoby - Iam.Web/input_Zabudnut heslo_btn-continue' is clicked on

17-04-2024T15:28:16 - [TEST_STEP][PASSED] - click(findTestObject("Object Repository/Page_Portl elektronickch sluieb regionlneho_9bdbd3/a_tudent")): Object: 'Object Repository/Page_Portl elektronickch sluieb regionlneho_9bdbd3/a_tudent' is clicked on

17-04-2024T15:28:18 - [MESSAGE][PASSED] - Object: 'Object Repository/Page_Portl elektronickch sluieb regionlneho_9bdbd3/a_tudent' is clicked on

17-04-2024T15:28:18 - [TEST_STEP][PASSED] - click(findTestObject("Page_Elektronick sluby pre tudentov  Elektr_37b4bf/a_Podvanie iadosti o piku pre tudentov z Fo_135f09")): Object: 'Object Repository/Page_Elektronick sluby pre tudentov  Elektr_37b4bf/a_Podvanie iadosti o piku pre tudentov z Fo_135f09' is clicked on

17-04-2024T15:28:19 - [MESSAGE][PASSED] - Object: 'Object Repository/Page_Elektronick sluby pre tudentov  Elektr_37b4bf/a_Podvanie iadosti o piku pre tudentov z Fo_135f09' is clicked on

17-04-2024T15:28:19 - [TEST_STEP][PASSED] - click(findTestObject("Page_Podvanie iadosti o piku pre tudentov z_37fe9e/a_Prejs na iados o piku (bez zabezpeenia ruiteom)")): Object: 'Object Repository/Page_Podvanie iadosti o piku pre tudentov z_37fe9e/a_Prejs na iados o piku (bez zabezpeenia ruiteom)' is clicked on

17-04-2024T15:28:24 - [MESSAGE][PASSED] - Object: 'Object Repository/Page_Podvanie iadosti o piku pre tudentov z_37fe9e/a_Prejs na iados o piku (bez zabezpeenia ruiteom)' is clicked on

17-04-2024T15:28:24 - [TEST_STEP][PASSED] - waitForElementVisible(findTestObject("Page_Formulr iadosti o piku (bez zabezpeeni_2a8278/span_ESRVS-2024-2168"), 0): Object 'Object Repository/Page_Formulr iadosti o piku (bez zabezpeeni_2a8278/span_ESRVS-2024-2168' is visible

[...]

17-04-2024T15:32:47 - [MESSAGE][PASSED] - Object: 'Object Repository/Page_Formulr iadosti o piku (bez zabezpeeni_2a8278/button_Pokraova' is clicked on

17-04-2024T15:32:47 - [TEST_STEP][PASSED] - setText(findTestObject("Object Repository/Page_Formulr iadosti o piku (bez zabezpeeni_2a8278/input_tudent  III. stupa vysokokolskho tdia_8c32d4"), "2000"): Text '2000' is set on object 'Object Repository/Page_Formulr iadosti o piku (bez zabezpeeni_2a8278/input_tudent  III. stupa vysokokolskho tdia_8c32d4'

17-04-2024T15:32:47 - [MESSAGE][PASSED] - Text '2000' is set on object 'Object Repository/Page_Formulr iadosti o piku (bez zabezpeeni_2a8278/input_tudent  III. stupa vysokokolskho tdia_8c32d4'

17-04-2024T15:32:47 - [TEST_STEP][PASSED] - setText(findTestObject("Object Repository/Page_Formulr iadosti o piku (bez zabezpeeni_2a8278/input_Zadajte poadovan splatnos piky na cel_96d0f4"), "10"): Text '10' is set on object 'Object Repository/Page_Formulr iadosti o piku (bez zabezpeeni_2a8278/input_Zadajte poadovan splatnos piky na cel_96d0f4'

17-04-2024T15:32:48 - [MESSAGE][PASSED] - Text '10' is set on object 'Object Repository/Page_Formulr iadosti o piku (bez zabezpeeni_2a8278/input_Zadajte poadovan splatnos piky na cel_96d0f4'

17-04-2024T15:32:48 - [TEST_STEP][PASSED] - click(findTestObject("Object Repository/Page_Formulr iadosti o piku (bez zabezpeeni_2a8278/button_Pokraova")): Object: 'Object Repository/Page_Formulr iadosti o piku (bez zabezpeeni_2a8278/button_Pokraova' is clicked on

17-04-2024T15:32:49 - [MESSAGE][PASSED] - Object: 'Object Repository/Page_Formulr iadosti o piku (bez zabezpeeni_2a8278/button_Pokraova' is clicked on

17-04-2024T15:32:49 - [TEST_STEP][PASSED] - click(findTestObject("Object Repository/Page_Formulr iadosti o piku (bez zabezpeeni_2a8278/input_Oznamu o monosti predkladania iadost _3ca0bd")): Object: 'Object Repository/Page_Formulr iadosti o piku (bez zabezpeeni_2a8278/input_Oznamu o monosti predkladania iadost _3ca0bd' is clicked on

17-04-2024T15:32:49 - [MESSAGE][PASSED] - Object: 'Object Repository/Page_Formulr iadosti o piku (bez zabezpeeni_2a8278/input_Oznamu o monosti predkladania iadost _3ca0bd' is clicked on

17-04-2024T15:32:49 - [TEST_STEP][PASSED] - click(findTestObject("Object Repository/Page_Formulr iadosti o piku (bez zabezpeeni_2a8278/button_Pokraova")): Object: 'Object Repository/Page_Formulr iadosti o piku (bez zabezpeeni_2a8278/button_Pokraova' is clicked on

17-04-2024T15:32:50 - [MESSAGE][PASSED] - Object: 'Object Repository/Page_Formulr iadosti o piku (bez zabezpeeni_2a8278/button_Pokraova' is clicked on

17-04-2024T15:32:50 - [TEST_STEP][PASSED] - click(findTestObject("Object Repository/Page_Formulr iadosti o piku (bez zabezpeeni_2a8278/button_Detail")): Object: 'Object Repository/Page_Formulr iadosti o piku (bez zabezpeeni_2a8278/button_Detail' is clicked on

17-04-2024T15:32:50 - [MESSAGE][PASSED] - Object: 'Object Repository/Page_Formulr iadosti o piku (bez zabezpeeni_2a8278/button_Detail' is clicked on

17-04-2024T15:32:50 - [TEST_STEP][PASSED] - click(findTestObject("Object Repository/Page_Formulr iadosti o piku (bez zabezpeeni_2a8278/input_Potvrdenie o nvteve V v SR (iadate)_s_46946e")): Object: 'Object Repository/Page_Formulr iadosti o piku (bez zabezpeeni_2a8278/input_Potvrdenie o nvteve V v SR (iadate)_s_46946e' is clicked on

17-04-2024T15:32:51 - [MESSAGE][PASSED] - Object: 'Object Repository/Page_Formulr iadosti o piku (bez zabezpeeni_2a8278/input_Potvrdenie o nvteve V v SR (iadate)_s_46946e' is clicked on

17-04-2024T15:32:51 - [TEST_STEP][PASSED] - click(findTestObject("Object Repository/Page_Formulr iadosti o piku (bez zabezpeeni_2a8278/button_Uloi_1")): Object: 'Object Repository/Page_Formulr iadosti o piku (bez zabezpeeni_2a8278/button_Uloi_1' is clicked on

17-04-2024T15:32:51 - [MESSAGE][PASSED] - Object: 'Object Repository/Page_Formulr iadosti o piku (bez zabezpeeni_2a8278/button_Uloi_1' is clicked on

17-04-2024T15:32:51 - [TEST_STEP][PASSED] - click(findTestObject("Object Repository/Page_Formulr iadosti o piku (bez zabezpeeni_2a8278/button_Detail_1")): Object: 'Object Repository/Page_Formulr iadosti o piku (bez zabezpeeni_2a8278/button_Detail_1' is clicked on

17-04-2024T15:32:52 - [MESSAGE][PASSED] - Object: 'Object Repository/Page_Formulr iadosti o piku (bez zabezpeeni_2a8278/button_Detail_1' is clicked on

17-04-2024T15:32:52 - [TEST_STEP][PASSED] - click(findTestObject("Object Repository/Page_Formulr iadosti o piku (bez zabezpeeni_2a8278/input_Potvrdenie o nvteve V v SR (iadate)_s_46946e")): Object: 'Object Repository/Page_Formulr iadosti o piku (bez zabezpeeni_2a8278/input_Potvrdenie o nvteve V v SR (iadate)_s_46946e' is clicked on

17-04-2024T15:32:52 - [MESSAGE][PASSED] - Object: 'Object Repository/Page_Formulr iadosti o piku (bez zabezpeeni_2a8278/input_Potvrdenie o nvteve V v SR (iadate)_s_46946e' is clicked on

17-04-2024T15:32:52 - [TEST_STEP][PASSED] - click(findTestObject("Object Repository/Page_Formulr iadosti o piku (bez zabezpeeni_2a8278/button_Uloi_1")): Object: 'Object Repository/Page_Formulr iadosti o piku (bez zabezpeeni_2a8278/button_Uloi_1' is clicked on

17-04-2024T15:32:52 - [MESSAGE][PASSED] - Object: 'Object Repository/Page_Formulr iadosti o piku (bez zabezpeeni_2a8278/button_Uloi_1' is clicked on

17-04-2024T15:32:52 - [TEST_STEP][PASSED] - click(findTestObject("Object Repository/Page_Formulr iadosti o piku (bez zabezpeeni_2a8278/button_Detail_1_2")): Object: 'Object Repository/Page_Formulr iadosti o piku (bez zabezpeeni_2a8278/button_Detail_1_2' is clicked on

17-04-2024T15:32:53 - [MESSAGE][PASSED] - Object: 'Object Repository/Page_Formulr iadosti o piku (bez zabezpeeni_2a8278/button_Detail_1_2' is clicked on

17-04-2024T15:32:53 - [TEST_STEP][PASSED] - click(findTestObject("Object Repository/Page_Formulr iadosti o piku (bez zabezpeeni_2a8278/input_Potvrdenie o nvteve V v SR (iadate)_s_46946e")): Object: 'Object Repository/Page_Formulr iadosti o piku (bez zabezpeeni_2a8278/input_Potvrdenie o nvteve V v SR (iadate)_s_46946e' is clicked on

17-04-2024T15:32:54 - [MESSAGE][PASSED] - Object: 'Object Repository/Page_Formulr iadosti o piku (bez zabezpeeni_2a8278/input_Potvrdenie o nvteve V v SR (iadate)_s_46946e' is clicked on

17-04-2024T15:32:54 - [TEST_STEP][PASSED] - click(findTestObject("Object Repository/Page_Formulr iadosti o piku (bez zabezpeeni_2a8278/button_Uloi_1")): Object: 'Object Repository/Page_Formulr iadosti o piku (bez zabezpeeni_2a8278/button_Uloi_1' is clicked on

17-04-2024T15:32:54 - [MESSAGE][PASSED] - Object: 'Object Repository/Page_Formulr iadosti o piku (bez zabezpeeni_2a8278/button_Uloi_1' is clicked on

17-04-2024T15:32:54 - [TEST_STEP][PASSED] - setText(findTestObject("Object Repository/Page_Formulr iadosti o piku (bez zabezpeeni_2a8278/input_Zadajte miesto odoslania iadosti_UI_V_59ba54"), "Bratislava"): Text 'Bratislava' is set on object 'Object Repository/Page_Formulr iadosti o piku (bez zabezpeeni_2a8278/input_Zadajte miesto odoslania iadosti_UI_V_59ba54'

17-04-2024T15:32:55 - [MESSAGE][PASSED] - Text 'Bratislava' is set on object 'Object Repository/Page_Formulr iadosti o piku (bez zabezpeeni_2a8278/input_Zadajte miesto odoslania iadosti_UI_V_59ba54'

17-04-2024T15:32:55 - [TEST_STEP][PASSED] - click(findTestObject("Object Repository/Page_Formulr iadosti o piku (bez zabezpeeni_2a8278/button_Pokraova")): Object: 'Object Repository/Page_Formulr iadosti o piku (bez zabezpeeni_2a8278/button_Pokraova' is clicked on

17-04-2024T15:32:55 - [MESSAGE][PASSED] - Object: 'Object Repository/Page_Formulr iadosti o piku (bez zabezpeeni_2a8278/button_Pokraova' is clicked on

17-04-2024T15:32:55 - [TEST_STEP][PASSED] - verifyElementText(findTestObject("Object Repository/Page_Formulr iadosti o piku (bez zabezpeeni_2a8278/div_ESRVS-2024-2148"), identifikator, OPTIONAL): Actual text and expected text of test object 'Object Repository/Page_Formulr iadosti o piku (bez zabezpeeni_2a8278/div_ESRVS-2024-2148' are matched.

17-04-2024T15:32:57 - [MESSAGE][PASSED] - Actual text and expected text of test object 'Object Repository/Page_Formulr iadosti o piku (bez zabezpeeni_2a8278/div_ESRVS-2024-2148' are matched.

17-04-2024T15:32:57 - [TEST_STEP][PASSED] - click(findTestObject("Object Repository/Page_Formulr iadosti o piku (bez zabezpeeni_2a8278/input_shlasm so zskanm dajov z referennch r_c9102a")): Object: 'Object Repository/Page_Formulr iadosti o piku (bez zabezpeeni_2a8278/input_shlasm so zskanm dajov z referennch r_c9102a' is clicked on

17-04-2024T15:32:57 - [MESSAGE][PASSED] - Object: 'Object Repository/Page_Formulr iadosti o piku (bez zabezpeeni_2a8278/input_shlasm so zskanm dajov z referennch r_c9102a' is clicked on

17-04-2024T15:32:57 - [TEST_STEP][PASSED] - click(findTestObject("Object Repository/Page_Formulr iadosti o piku (bez zabezpeeni_2a8278/input_www.fnpv.sk_UI_V_ZP_in_CHB_OsobneUdaj_50afb9")): Object: 'Object Repository/Page_Formulr iadosti o piku (bez zabezpeeni_2a8278/input_www.fnpv.sk_UI_V_ZP_in_CHB_OsobneUdaj_50afb9' is clicked on

17-04-2024T15:32:58 - [MESSAGE][PASSED] - Object: 'Object Repository/Page_Formulr iadosti o piku (bez zabezpeeni_2a8278/input_www.fnpv.sk_UI_V_ZP_in_CHB_OsobneUdaj_50afb9' is clicked on

17-04-2024T15:32:58 - [TEST_STEP][PASSED] - click(findTestObject("Object Repository/Page_Formulr iadosti o piku (bez zabezpeeni_2a8278/button_Odosla nepodpsan iados o piku a vytl_be1331")): Object: 'Object Repository/Page_Formulr iadosti o piku (bez zabezpeeni_2a8278/button_Odosla nepodpsan iados o piku a vytl_be1331' is clicked on

17-04-2024T15:32:58 - [MESSAGE][PASSED] - Object: 'Object Repository/Page_Formulr iadosti o piku (bez zabezpeeni_2a8278/button_Odosla nepodpsan iados o piku a vytl_be1331' is clicked on

17-04-2024T15:32:58 - [TEST_STEP][PASSED] - verifyElementPresent(findTestObject("Object Repository/Page_Formulr iadosti o piku (bez zabezpeeni_2a8278/h1_daje zo iadosti o piku boli odoslan"), 0, OPTIONAL): Object 'Object Repository/Page_Formulr iadosti o piku (bez zabezpeeni_2a8278/h1_daje zo iadosti o piku boli odoslan' is present

17-04-2024T15:32:58 - [MESSAGE][WARNING] - Timeout '0' is invalid. Using default page load timeout: '30'

17-04-2024T15:33:17 - [MESSAGE][PASSED] - Object 'Object Repository/Page_Formulr iadosti o piku (bez zabezpeeni_2a8278/h1_daje zo iadosti o piku boli odoslan' is present

17-04-2024T15:33:17 - [TEST_STEP][PASSED] - click(findTestObject("Object Repository/Page_Formulr iadosti o piku (bez zabezpeeni_2a8278/a_Privtna zna")): Object: 'Object Repository/Page_Formulr iadosti o piku (bez zabezpeeni_2a8278/a_Privtna zna' is clicked on

17-04-2024T15:33:18 - [MESSAGE][PASSED] - Object: 'Object Repository/Page_Formulr iadosti o piku (bez zabezpeeni_2a8278/a_Privtna zna' is clicked on

17-04-2024T15:33:18 - [TEST_STEP][PASSED] - click(findTestObject("Object Repository/Page_Portl elektronickch sluieb regionlneho_9bdbd3/div_Zoznam rozpracovanch podan_icon-blue")): Object: 'Object Repository/Page_Portl elektronickch sluieb regionlneho_9bdbd3/div_Zoznam rozpracovanch podan_icon-blue' is clicked on

17-04-2024T15:33:18 - [MESSAGE][PASSED] - Object: 'Object Repository/Page_Portl elektronickch sluieb regionlneho_9bdbd3/div_Zoznam rozpracovanch podan_icon-blue' is clicked on

17-04-2024T15:33:18 - [TEST_STEP][PASSED] - setText(findTestObject("Object Repository/Page_Zoznam odoslanch podan  Elektronick sl_14b0c6/input_Identifiktor_identifikator"), identifikator): Text 'ESRVS-2024-2244' is set on object 'Object Repository/Page_Zoznam odoslanch podan  Elektronick sl_14b0c6/input_Identifiktor_identifikator'

17-04-2024T15:33:22 - [MESSAGE][PASSED] - Text 'ESRVS-2024-2244' is set on object 'Object Repository/Page_Zoznam odoslanch podan  Elektronick sl_14b0c6/input_Identifiktor_identifikator'

17-04-2024T15:33:22 - [TEST_STEP][PASSED] - click(findTestObject("Object Repository/Page_Zoznam odoslanch podan  Elektronick sl_14b0c6/button_Vyhada")): Object: 'Object Repository/Page_Zoznam odoslanch podan  Elektronick sl_14b0c6/button_Vyhada' is clicked on

17-04-2024T15:33:22 - [MESSAGE][PASSED] - Object: 'Object Repository/Page_Zoznam odoslanch podan  Elektronick sl_14b0c6/button_Vyhada' is clicked on

17-04-2024T15:33:22 - [TEST_STEP][PASSED] - click(findTestObject("Object Repository/Page_Zoznam odoslanch podan  Elektronick sl_14b0c6/a_Detail")): Object: 'Object Repository/Page_Zoznam odoslanch podan  Elektronick sl_14b0c6/a_Detail' is clicked on

17-04-2024T15:33:24 - [MESSAGE][PASSED] - Object: 'Object Repository/Page_Zoznam odoslanch podan  Elektronick sl_14b0c6/a_Detail' is clicked on

17-04-2024T15:33:24 - [TEST_STEP][PASSED] - verifyElementText(findTestObject("Object Repository/Page_Detail podania  Elektronick sluby port_bcdefc/span_ESRVS-2024-2148"), identifikator, OPTIONAL): Actual text and expected text of test object 'Object Repository/Page_Detail podania  Elektronick sluby port_bcdefc/span_ESRVS-2024-2148' are matched.

17-04-2024T15:33:25 - [MESSAGE][PASSED] - Actual text and expected text of test object 'Object Repository/Page_Detail podania  Elektronick sluby port_bcdefc/span_ESRVS-2024-2148' are matched.

17-04-2024T15:33:25 - [TEST_STEP][PASSED] - verifyElementText(findTestObject("Object Repository/Page_Detail podania  Elektronick sluby port_bcdefc/span_Robert Chamraz"), "Robert Chamraz", OPTIONAL): Actual text and expected text of test object 'Object Repository/Page_Detail podania  Elektronick sluby port_bcdefc/span_Robert Chamraz' are matched.

17-04-2024T15:33:25 - [MESSAGE][PASSED] - Actual text and expected text of test object 'Object Repository/Page_Detail podania  Elektronick sluby port_bcdefc/span_Robert Chamraz' are matched.

17-04-2024T15:33:25 - [TEST_STEP][PASSED] - verifyElementText(findTestObject("Object Repository/Page_Detail podania  Elektronick sluby port_bcdefc/span_Podvanie iadosti o piku pre tudentov z_b27195"), "Podávanie žiadosti o pôžičku pre študentov z Fondu na podporu vzdelávania (bez ručitela)", OPTIONAL): Actual text and expected text of test object 'Object Repository/Page_Detail podania  Elektronick sluby port_bcdefc/span_Podvanie iadosti o piku pre tudentov z_b27195' are matched.

17-04-2024T15:33:25 - [MESSAGE][PASSED] - Actual text and expected text of test object 'Object Repository/Page_Detail podania  Elektronick sluby port_bcdefc/span_Podvanie iadosti o piku pre tudentov z_b27195' are matched.

17-04-2024T15:33:25 - [TEST_STEP][PASSED] - click(findTestObject("Object Repository/Page_Detail podania  Elektronick sluby port_bcdefc/a_Odhlsi")): Object: 'Object Repository/Page_Detail podania  Elektronick sluby port_bcdefc/a_Odhlsi' is clicked on

17-04-2024T15:33:28 - [MESSAGE][PASSED] - Object: 'Object Repository/Page_Detail podania  Elektronick sluby port_bcdefc/a_Odhlsi' is clicked on

17-04-2024T15:33:28 - [TEST_STEP][PASSED] - verifyElementPresent(findTestObject("Object Repository/Page_Portl elektronickch sluieb regionlneho_9bdbd3/a_Prihlsi sa"), 0): Object 'Object Repository/Page_Portl elektronickch sluieb regionlneho_9bdbd3/a_Prihlsi sa' is present

17-04-2024T15:33:28 - [MESSAGE][WARNING] - Timeout '0' is invalid. Using default page load timeout: '30'

17-04-2024T15:33:28 - [MESSAGE][PASSED] - Object 'Object Repository/Page_Portl elektronickch sluieb regionlneho_9bdbd3/a_Prihlsi sa' is present

17-04-2024T15:33:28 - [TEST_STEP][PASSED] - closeBrowser(): Browser is closed

17-04-2024T15:33:28 - [MESSAGE][PASSED] - Browser is closed

17-04-2024T15:33:28 - [TEST_STEP][PASSED] - mail = new Email(): null

17-04-2024T15:33:28 - [TEST_STEP][PASSED] - mail.kontrolaMailu(4, identifikator): Fire Close event sucessfully.

17-04-2024T15:33:29 - [MESSAGE][INFO] - Starting application C:\Program Files\Microsoft Office\root\Office16\OUTLOOK.EXE on the local machine at address http://127.0.0.1:4723

17-04-2024T15:33:31 - [MESSAGE][PASSED] - The application at location: C:\Program Files\Microsoft Office\root\Office16\OUTLOOK.EXE started.

17-04-2024T15:33:32 - [MESSAGE][PASSED] - Object 'Object Repository/Edit(1)' is present

17-04-2024T15:33:37 - [MESSAGE][PASSED] - Text ESRVS-2024-2244 is set

17-04-2024T15:33:38 - [MESSAGE][PASSED] - Delayed 1 second(s)

17-04-2024T15:33:41 - [MESSAGE][INFO] - Clicking on element: Object Repository/TabItem

17-04-2024T15:33:41 - [MESSAGE][PASSED] - Click on element: Object Repository/TabItem succesfully

17-04-2024T15:33:45 - [MESSAGE][INFO] - Clicking on element: Object Repository/DataItem

17-04-2024T15:33:45 - [MESSAGE][PASSED] - Click on element: Object Repository/DataItem succesfully

17-04-2024T15:33:47 - [MESSAGE][PASSED] - Text of test object: Object Repository/Edit is: V prílohe Vám zasielame PDF súbor Vami odoslanej žiadosti o pôžičku, ktorý si vytlačte, podpíšte a následne žiadosť a relevantné prílohy doručte na Fond na podporu vzdelávania.Tento email bol automaticky vygenerovaný, prosím, neodpovedajte naň.


17-04-2024T15:33:47 - [MESSAGE][PASSED] - Priloha prilozena

17-04-2024T15:33:50 - [MESSAGE][INFO] - Clicking on element: Object Repository/Button(3)

17-04-2024T15:33:51 - [MESSAGE][PASSED] - Click on element: Object Repository/Button(3) succesfully

17-04-2024T15:33:54 - [MESSAGE][INFO] - Clicking on element: Object Repository/DataItem

17-04-2024T15:33:55 - [MESSAGE][PASSED] - Click on element: Object Repository/DataItem succesfully

17-04-2024T15:33:56 - [MESSAGE][PASSED] - Text of test object: Object Repository/Edit is: Bola Vám doručená nová správa na Portál elektronických služieb: Úplné overenie - žiadosť ESRVS-2024-2244Pre žiadosť ESRVS-2024-2244 bolo vykonané úplné overenie.


17-04-2024T15:33:56 - [MESSAGE][PASSED] - Uplne overenie najdene

17-04-2024T15:33:59 - [MESSAGE][INFO] - Clicking on element: Object Repository/Button(3)

17-04-2024T15:34:00 - [MESSAGE][PASSED] - Click on element: Object Repository/Button(3) succesfully

17-04-2024T15:34:03 - [MESSAGE][INFO] - Clicking on element: Object Repository/DataItem

17-04-2024T15:34:03 - [MESSAGE][PASSED] - Click on element: Object Repository/DataItem succesfully

17-04-2024T15:34:04 - [MESSAGE][PASSED] - Text of test object: Object Repository/Edit is: Bola Vám doručená nová správa na Portál elektronických služieb: Predbežné overenie - žiadosť ESRVS-2024-2244Pre žiadosť ESRVS-2024-2244 bolo vykonané predbežné overenie.


17-04-2024T15:34:04 - [MESSAGE][PASSED] - Predbezne overenie najdene

17-04-2024T15:34:07 - [MESSAGE][INFO] - Clicking on element: Object Repository/Button(3)

17-04-2024T15:34:08 - [MESSAGE][PASSED] - Click on element: Object Repository/Button(3) succesfully

17-04-2024T15:34:11 - [MESSAGE][INFO] - Clicking on element: Object Repository/DataItem

17-04-2024T15:34:11 - [MESSAGE][PASSED] - Click on element: Object Repository/DataItem succesfully

17-04-2024T15:34:12 - [MESSAGE][PASSED] - Text of test object: Object Repository/Edit is: Bola Vám doručená nová správa na Portál elektronických služieb: Doručenka prijatá - žiadosť ESRVS-2024-2244Pre žiadosť ESRVS-2024-2244 bola prijatá doručenka.


17-04-2024T15:34:12 - [MESSAGE][PASSED] - Dorucenka najdena

17-04-2024T15:34:16 - [MESSAGE][INFO] - Clicking on element: Object Repository/Button(3)

17-04-2024T15:34:16 - [MESSAGE][PASSED] - Click on element: Object Repository/Button(3) succesfully

17-04-2024T15:34:16 - [MESSAGE][PASSED] - Fire Close event sucessfully.]]></system-out>
         <system-err><![CDATA[]]></system-err>
      </testcase>
      <system-out><![CDATA[17-04-2024T15:21:58 - [TEST_SUITE][PASSED] - SuitePozicky: Test Cases/Pozicky B/PozickaB_399079]]></system-out>
      <system-err><![CDATA[]]></system-err>
   </testsuite>
</testsuites>
